Tue Jan 25 17:07:05 2022: Running xcd server. This server was built by gradle.
Tue Jan 25 17:07:05 2022: Server was asked to start on port: '42157'
Tue Jan 25 17:07:05 2022: Server is using token UUID: '77ec9ae1-408f-4f64-abfd-85ca9cce5cf5'
Tue Jan 25 17:07:05 2022: SESSION_MGR: creating session with session uuid: '6d04a3e9-ade5-4ab9-8d63-1f78fcd2ec76' and name 'default'
Tue Jan 25 17:07:05 2022: Attempting to start server on port '42157'
Tue Jan 25 17:07:05 2022: XCD main fifo: created main fifo '/tmp/xcdmain77ec9ae1-408f-4f64-abfd-85ca9cce5cf5', fd read = 14
Tue Jan 25 17:07:05 2022: Running Dispatch Server
Tue Jan 25 17:07:05 2022: Version 2.2.0
Tue Jan 25 17:07:13 2022: Dispatch Server: Accepted socket connection from client
Tue Jan 25 17:07:13 2022: Starting Socket connection
Tue Jan 25 17:07:13 2022: EXCHANGE_TOKEN received, server token: 77ec9ae1-408f-4f64-abfd-85ca9cce5cf5, passed token: 77ec9ae1-408f-4f64-abfd-85ca9cce5cf5
Tue Jan 25 17:07:14 2022: DISPATCH_HANDLER: Adding handler from function makeHandler in library libxv_system_diagram
Tue Jan 25 17:07:14 2022: SESSION_MGR: creating session with session uuid: '42487fac-7f78-4e8f-aa24-d9f5f167b906' and name 'link'
Tue Jan 25 17:07:14 2022: KERNEL_SVC: creating session with uuid: '42487fac-7f78-4e8f-aa24-d9f5f167b906' and name 'link'
Tue Jan 25 17:07:14 2022: GUIDANCE_SMGR: creating guidance session with uuid: '42487fac-7f78-4e8f-aa24-d9f5f167b906' and name 'link'
Tue Jan 25 17:07:14 2022: SYSTEM_DIAGRAM_SMGR: creating diagram session with uuid: '42487fac-7f78-4e8f-aa24-d9f5f167b906' and name 'link'
Tue Jan 25 17:07:47 2022: Dispatch Server: Accepted socket connection from client
Tue Jan 25 17:07:47 2022: Starting Socket connection
Tue Jan 25 17:08:06 2022: Dispatch Server: Accepted socket connection from client
Tue Jan 25 17:08:06 2022: Starting Socket connection
Tue Jan 25 17:12:58 2022: SESSION_MGR: closing session for UUID '42487fac-7f78-4e8f-aa24-d9f5f167b906' with name 'link'
Tue Jan 25 17:12:58 2022: KERNEL_SVC: closing session for UUID '42487fac-7f78-4e8f-aa24-d9f5f167b906' with name 'link'
Tue Jan 25 17:12:58 2022: GUIDANCE_SMGR: closing session for UUID '42487fac-7f78-4e8f-aa24-d9f5f167b906' with name 'link'
Tue Jan 25 17:12:58 2022: SYSTEM_DIAGRAM_SMGR: closing session for UUID '42487fac-7f78-4e8f-aa24-d9f5f167b906' with name 'link'
