Tue Jan 25 15:56:01 2022: Running xcd server. This server was built by gradle.
Tue Jan 25 15:56:01 2022: Server was asked to start on port: '36011'
Tue Jan 25 15:56:01 2022: Server is using token UUID: '50baa095-595a-4d69-a37c-ce13acb53dc6'
Tue Jan 25 15:56:01 2022: SESSION_MGR: creating session with session uuid: '6d04a3e9-ade5-4ab9-8d63-1f78fcd2ec76' and name 'default'
Tue Jan 25 15:56:01 2022: Attempting to start server on port '36011'
Tue Jan 25 15:56:01 2022: XCD main fifo: created main fifo '/tmp/xcdmain50baa095-595a-4d69-a37c-ce13acb53dc6', fd read = 14
Tue Jan 25 15:56:01 2022: Running Dispatch Server
Tue Jan 25 15:56:01 2022: Version 2.2.0
Tue Jan 25 15:56:10 2022: Dispatch Server: Accepted socket connection from client
Tue Jan 25 15:56:10 2022: Starting Socket connection
Tue Jan 25 15:56:10 2022: EXCHANGE_TOKEN received, server token: 50baa095-595a-4d69-a37c-ce13acb53dc6, passed token: 50baa095-595a-4d69-a37c-ce13acb53dc6
Tue Jan 25 15:56:11 2022: DISPATCH_HANDLER: Adding handler from function makeHandler in library libxv_system_diagram
Tue Jan 25 15:56:11 2022: SESSION_MGR: creating session with session uuid: '439c559b-cd90-4f5d-85a4-fad0126a298d' and name 'threshold_accel'
Tue Jan 25 15:56:11 2022: KERNEL_SVC: creating session with uuid: '439c559b-cd90-4f5d-85a4-fad0126a298d' and name 'threshold_accel'
Tue Jan 25 15:56:11 2022: GUIDANCE_SMGR: creating guidance session with uuid: '439c559b-cd90-4f5d-85a4-fad0126a298d' and name 'threshold_accel'
Tue Jan 25 15:56:11 2022: SYSTEM_DIAGRAM_SMGR: creating diagram session with uuid: '439c559b-cd90-4f5d-85a4-fad0126a298d' and name 'threshold_accel'
Tue Jan 25 15:56:31 2022: SESSION_MGR: closing session for UUID '439c559b-cd90-4f5d-85a4-fad0126a298d' with name 'threshold_accel'
Tue Jan 25 15:56:31 2022: KERNEL_SVC: closing session for UUID '439c559b-cd90-4f5d-85a4-fad0126a298d' with name 'threshold_accel'
Tue Jan 25 15:56:31 2022: GUIDANCE_SMGR: closing session for UUID '439c559b-cd90-4f5d-85a4-fad0126a298d' with name 'threshold_accel'
Tue Jan 25 15:56:31 2022: SYSTEM_DIAGRAM_SMGR: closing session for UUID '439c559b-cd90-4f5d-85a4-fad0126a298d' with name 'threshold_accel'
