11:45:15 **** Build of configuration Emulation-SW for project py_up_kernels ****
make -j8 all 
/opt/Xilinx/Vitis/2021.1/bin/v++ --target sw_emu --compile -I"../src" --config pyr_up_accel-compile.cfg -I/home/centos/Documents/vision_project/py_up_kernels/libs/xf_opencv/L1/include -I/home/centos/Documents/vision_project/py_up_kernels/src/build -o"build/pyr_up_accel.xo" "../src/xf_pyr_up_accel.cpp"
Option Map File Used: '/opt/Xilinx/Vitis/2021.1/data/vitis/vpp/optMap.xml'

****** v++ v2021.1 (64-bit)
  **** SW Build 3246112 on 2021-06-09-14:19:56
    ** Copyright 1986-2020 Xilinx, Inc. All Rights Reserved.

INFO: [v++ 60-1306] Additional information associated with this v++ compile can be found at:
	Reports: /home/centos/Documents/vision_project/py_up_kernels/Emulation-SW/build/reports/pyr_up_accel
	Log files: /home/centos/Documents/vision_project/py_up_kernels/Emulation-SW/build/logs/pyr_up_accel
Running Dispatch Server on port: 36229
INFO: [v++ 60-1548] Creating build summary session with primary output /home/centos/Documents/vision_project/py_up_kernels/Emulation-SW/build/pyr_up_accel.xo.compile_summary, at Wed Jan 26 11:45:31 2022
INFO: [v++ 60-1316] Initiating connection to rulecheck server, at Wed Jan 26 11:45:32 2022
INFO: [v++ 60-895]   Target platform: /home/centos/aws-fpga/Vitis/aws_platform/xilinx_aws-vu9p-f1_shell-v04261818_201920_2/xilinx_aws-vu9p-f1_shell-v04261818_201920_2.xpfm
INFO: [v++ 60-1578]   This platform contains Xilinx Shell Archive '/home/centos/aws-fpga/Vitis/aws_platform/xilinx_aws-vu9p-f1_shell-v04261818_201920_2/hw/xilinx_aws-vu9p-f1_shell-v04261818_201920_2.xsa'
INFO: [v++ 74-78] Compiler Version string: 2021.1
INFO: [v++ 60-1302] Platform 'xilinx_aws-vu9p-f1_shell-v04261818_201920_2.xpfm' has been explicitly enabled for this release.
INFO: [v++ 60-585] Compiling for software emulation target
INFO: [v++ 60-423]   Target device: xilinx_aws-vu9p-f1_shell-v04261818_201920_2
INFO: [v++ 60-242] Creating kernel: 'pyr_up_accel'
INFO: [v++ 60-594] Finished kernel compilation
INFO: [v++ 60-586] Created build/pyr_up_accel.xo
INFO: [v++ 60-2343] Use the vitis_analyzer tool to visualize and navigate the relevant reports. Run the following command. 
    vitis_analyzer /home/centos/Documents/vision_project/py_up_kernels/Emulation-SW/build/pyr_up_accel.xo.compile_summary 
INFO: [v++ 60-791] Total elapsed time: 0h 0m 46s
INFO: [v++ 60-1653] Closing dispatch client.

11:46:05 Build Finished (took 49s.807ms)

