11:47:01 **** Build of configuration Emulation-SW for project py_up_system ****
make all 
/opt/Xilinx/Vitis/2021.1/bin/v++ --package --config package.cfg ../../py_up_system_hw_link/Emulation-SW/krnl_pyr_up.xclbin -o krnl_pyr_up.xclbin
Option Map File Used: '/opt/Xilinx/Vitis/2021.1/data/vitis/vpp/optMap.xml'

****** v++ v2021.1 (64-bit)
  **** SW Build 3246112 on 2021-06-09-14:19:56
    ** Copyright 1986-2020 Xilinx, Inc. All Rights Reserved.

INFO: [v++ 60-1306] Additional information associated with this v++ package can be found at:
	Reports: /home/centos/Documents/vision_project/py_up_system/Emulation-SW/package.build/reports/package
	Log files: /home/centos/Documents/vision_project/py_up_system/Emulation-SW/package.build/logs/package
Running Dispatch Server on port: 42192
INFO: [v++ 60-1548] Creating build summary session with primary output /home/centos/Documents/vision_project/py_up_system/Emulation-SW/krnl_pyr_up.xclbin.package_summary, at Wed Jan 26 11:47:15 2022
INFO: [v++ 60-1316] Initiating connection to rulecheck server, at Wed Jan 26 11:47:15 2022
Running Rule Check Server on port:40608
INFO: [v++ 60-1315] Creating rulecheck session with output '/home/centos/Documents/vision_project/py_up_system/Emulation-SW/package.build/reports/package/v++_package_krnl_pyr_up_guidance.html', at Wed Jan 26 11:47:16 2022
INFO: [v++ 60-895]   Target platform: /home/centos/aws-fpga/Vitis/aws_platform/xilinx_aws-vu9p-f1_shell-v04261818_201920_2/xilinx_aws-vu9p-f1_shell-v04261818_201920_2.xpfm
INFO: [v++ 60-1578]   This platform contains Xilinx Shell Archive '/home/centos/aws-fpga/Vitis/aws_platform/xilinx_aws-vu9p-f1_shell-v04261818_201920_2/hw/xilinx_aws-vu9p-f1_shell-v04261818_201920_2.xsa'
INFO: [v++ 74-78] Compiler Version string: 2021.1
INFO: [v++ 60-1302] Platform 'xilinx_aws-vu9p-f1_shell-v04261818_201920_2.xpfm' has been explicitly enabled for this release.
INFO: [v++ 60-2256] Packaging for software emulation
WARNING: [v++ 60-2246] Failed to find System Metadata section in /home/centos/Documents/vision_project/py_up_system/Emulation-SW/../../py_up_system_hw_link/Emulation-SW/krnl_pyr_up.xclbin
INFO: [v++ 60-2343] Use the vitis_analyzer tool to visualize and navigate the relevant reports. Run the following command. 
    vitis_analyzer /home/centos/Documents/vision_project/py_up_system/Emulation-SW/krnl_pyr_up.xclbin.package_summary 
INFO: [v++ 60-791] Total elapsed time: 0h 0m 17s
INFO: [v++ 60-1653] Closing dispatch client.
cp -f krnl_pyr_up.xclbin ../../py_up/Emulation-SW

11:47:21 Build Finished (took 20s.596ms)

