11:45:04 **** Build of configuration Emulation-SW for project py_up ****
make -j8 all 
/opt/Xilinx/Vitis/2021.1/bin/emconfigutil --od . --nd 1  --platform /home/centos/aws-fpga/Vitis/aws_platform/xilinx_aws-vu9p-f1_shell-v04261818_201920_2/xilinx_aws-vu9p-f1_shell-v04261818_201920_2.xpfm
g++ -std=c++1y -DVITIS_PLATFORM=xilinx_aws-vu9p-f1_shell-v04261818_201920_2 -D__USE_XOPEN2K8 -I/home/centos/Documents/vision_project/py_up/libs/xf_opencv/ext/xcl2 -I/home/centos/Documents/vision_project/py_up/libs/xf_opencv/L1/include -I/usr/include/opencv -I/home/centos/Documents/vision_project/py_up/src/build -I/opt/xilinx/xrt/include/ -I/opt/Xilinx/Vivado/2021.1/include/ -O0 -g -Wall -O3 -c -fmessage-length=0 -o "libs/xf_opencv/ext/xcl2/xcl2.o" "../libs/xf_opencv/ext/xcl2/xcl2.cpp"
g++ -std=c++1y -DVITIS_PLATFORM=xilinx_aws-vu9p-f1_shell-v04261818_201920_2 -D__USE_XOPEN2K8 -I/home/centos/Documents/vision_project/py_up/libs/xf_opencv/ext/xcl2 -I/home/centos/Documents/vision_project/py_up/libs/xf_opencv/L1/include -I/usr/include/opencv -I/home/centos/Documents/vision_project/py_up/src/build -I/opt/xilinx/xrt/include/ -I/opt/Xilinx/Vivado/2021.1/include/ -O0 -g -Wall -O3 -c -fmessage-length=0 -o "src/xf_pyr_up_tb.o" "../src/xf_pyr_up_tb.cpp"
In file included from /home/centos/Documents/vision_project/py_up/libs/xf_opencv/L1/include/common/xf_common.hpp:20:0,
                 from /home/centos/Documents/vision_project/py_up/libs/xf_opencv/L1/include/common/xf_sw_utils.hpp:20,
                 from /home/centos/Documents/vision_project/py_up/libs/xf_opencv/L1/include/common/xf_headers.hpp:28,
                 from ../src/xf_pyr_up_tb.cpp:17:
/home/centos/Documents/vision_project/py_up/libs/xf_opencv/L1/include/common/xf_structs.hpp:234:0: warning: ignoring #pragma HLS INLINE [-Wunknown-pragmas]
 #pragma HLS INLINE
 ^
/home/centos/Documents/vision_project/py_up/libs/xf_opencv/L1/include/common/xf_structs.hpp:235:0: warning: ignoring #pragma HLS ARRAY_PARTITION [-Wunknown-pragmas]
 #pragma HLS ARRAY_PARTITION variable=val dim=1 complete
 ^
/home/centos/Documents/vision_project/py_up/libs/xf_opencv/L1/include/common/xf_structs.hpp:241:0: warning: ignoring #pragma HLS INLINE [-Wunknown-pragmas]
 #pragma HLS INLINE
 ^
/home/centos/Documents/vision_project/py_up/libs/xf_opencv/L1/include/common/xf_structs.hpp:242:0: warning: ignoring #pragma HLS ARRAY_PARTITION [-Wunknown-pragmas]
 #pragma HLS ARRAY_PARTITION variable=val dim=1 complete
 ^
/home/centos/Documents/vision_project/py_up/libs/xf_opencv/L1/include/common/xf_structs.hpp:249:0: warning: ignoring #pragma HLS ARRAY_PARTITION [-Wunknown-pragmas]
 #pragma HLS ARRAY_PARTITION variable=val dim=1 complete
 ^
/home/centos/Documents/vision_project/py_up/libs/xf_opencv/L1/include/common/xf_structs.hpp:250:0: warning: ignoring #pragma HLS INLINE [-Wunknown-pragmas]
 #pragma HLS INLINE
 ^
/home/centos/Documents/vision_project/py_up/libs/xf_opencv/L1/include/common/xf_structs.hpp:258:0: warning: ignoring #pragma HLS ARRAY_PARTITION [-Wunknown-pragmas]
 #pragma HLS ARRAY_PARTITION variable=val dim=1 complete
 ^
/home/centos/Documents/vision_project/py_up/libs/xf_opencv/L1/include/common/xf_structs.hpp:259:0: warning: ignoring #pragma HLS INLINE [-Wunknown-pragmas]
 #pragma HLS INLINE
 ^
/home/centos/Documents/vision_project/py_up/libs/xf_opencv/L1/include/common/xf_structs.hpp:268:0: warning: ignoring #pragma HLS ARRAY_PARTITION [-Wunknown-pragmas]
 #pragma HLS ARRAY_PARTITION variable=val dim=1 complete
 ^
/home/centos/Documents/vision_project/py_up/libs/xf_opencv/L1/include/common/xf_structs.hpp:269:0: warning: ignoring #pragma HLS INLINE [-Wunknown-pragmas]
 #pragma HLS INLINE
 ^
/home/centos/Documents/vision_project/py_up/libs/xf_opencv/L1/include/common/xf_structs.hpp:294:0: warning: ignoring #pragma HLS inline [-Wunknown-pragmas]
 #pragma HLS inline
 ^
/home/centos/Documents/vision_project/py_up/libs/xf_opencv/L1/include/common/xf_structs.hpp:298:0: warning: ignoring #pragma HLS unroll [-Wunknown-pragmas]
 #pragma HLS unroll
 ^
/home/centos/Documents/vision_project/py_up/libs/xf_opencv/L1/include/common/xf_structs.hpp:307:0: warning: ignoring #pragma HLS inline [-Wunknown-pragmas]
 #pragma HLS inline
 ^
/home/centos/Documents/vision_project/py_up/libs/xf_opencv/L1/include/common/xf_structs.hpp:312:0: warning: ignoring #pragma HLS unroll [-Wunknown-pragmas]
 #pragma HLS unroll
 ^
/home/centos/Documents/vision_project/py_up/libs/xf_opencv/L1/include/common/xf_structs.hpp:322:0: warning: ignoring #pragma HLS inline [-Wunknown-pragmas]
 #pragma HLS inline
 ^
/home/centos/Documents/vision_project/py_up/libs/xf_opencv/L1/include/common/xf_structs.hpp:327:0: warning: ignoring #pragma HLS unroll [-Wunknown-pragmas]
 #pragma HLS unroll
 ^
/home/centos/Documents/vision_project/py_up/libs/xf_opencv/L1/include/common/xf_structs.hpp:337:0: warning: ignoring #pragma HLS inline [-Wunknown-pragmas]
 #pragma HLS inline
 ^
/home/centos/Documents/vision_project/py_up/libs/xf_opencv/L1/include/common/xf_structs.hpp:342:0: warning: ignoring #pragma HLS unroll [-Wunknown-pragmas]
 #pragma HLS unroll
 ^
/home/centos/Documents/vision_project/py_up/libs/xf_opencv/L1/include/common/xf_structs.hpp:352:0: warning: ignoring #pragma HLS inline [-Wunknown-pragmas]
 #pragma HLS inline
 ^
/home/centos/Documents/vision_project/py_up/libs/xf_opencv/L1/include/common/xf_structs.hpp:357:0: warning: ignoring #pragma HLS unroll [-Wunknown-pragmas]
 #pragma HLS unroll
 ^
/home/centos/Documents/vision_project/py_up/libs/xf_opencv/L1/include/common/xf_structs.hpp:367:0: warning: ignoring #pragma HLS inline [-Wunknown-pragmas]
 #pragma HLS inline
 ^
/home/centos/Documents/vision_project/py_up/libs/xf_opencv/L1/include/common/xf_structs.hpp:372:0: warning: ignoring #pragma HLS unroll [-Wunknown-pragmas]
 #pragma HLS unroll
 ^
/home/centos/Documents/vision_project/py_up/libs/xf_opencv/L1/include/common/xf_structs.hpp:382:0: warning: ignoring #pragma HLS inline [-Wunknown-pragmas]
 #pragma HLS inline
 ^
/home/centos/Documents/vision_project/py_up/libs/xf_opencv/L1/include/common/xf_structs.hpp:387:0: warning: ignoring #pragma HLS unroll [-Wunknown-pragmas]
 #pragma HLS unroll
 ^
/home/centos/Documents/vision_project/py_up/libs/xf_opencv/L1/include/common/xf_structs.hpp:397:0: warning: ignoring #pragma HLS inline [-Wunknown-pragmas]
 #pragma HLS inline
 ^
/home/centos/Documents/vision_project/py_up/libs/xf_opencv/L1/include/common/xf_structs.hpp:402:0: warning: ignoring #pragma HLS unroll [-Wunknown-pragmas]
 #pragma HLS unroll
 ^
/home/centos/Documents/vision_project/py_up/libs/xf_opencv/L1/include/common/xf_structs.hpp:412:0: warning: ignoring #pragma HLS inline [-Wunknown-pragmas]
 #pragma HLS inline
 ^
/home/centos/Documents/vision_project/py_up/libs/xf_opencv/L1/include/common/xf_structs.hpp:417:0: warning: ignoring #pragma HLS unroll [-Wunknown-pragmas]
 #pragma HLS unroll
 ^
/home/centos/Documents/vision_project/py_up/libs/xf_opencv/L1/include/common/xf_structs.hpp:573:0: warning: ignoring #pragma HLS inline [-Wunknown-pragmas]
 #pragma HLS inline
 ^
/home/centos/Documents/vision_project/py_up/libs/xf_opencv/L1/include/common/xf_structs.hpp:581:0: warning: ignoring #pragma HLS inline [-Wunknown-pragmas]
 #pragma HLS inline
 ^
/home/centos/Documents/vision_project/py_up/libs/xf_opencv/L1/include/common/xf_structs.hpp:588:0: warning: ignoring #pragma HLS inline [-Wunknown-pragmas]
 #pragma HLS inline
 ^
/home/centos/Documents/vision_project/py_up/libs/xf_opencv/L1/include/common/xf_structs.hpp:596:0: warning: ignoring #pragma HLS inline [-Wunknown-pragmas]
 #pragma HLS inline
 ^
/home/centos/Documents/vision_project/py_up/libs/xf_opencv/L1/include/common/xf_structs.hpp:642:0: warning: ignoring #pragma HLS inline [-Wunknown-pragmas]
 #pragma HLS inline
 ^
/home/centos/Documents/vision_project/py_up/libs/xf_opencv/L1/include/common/xf_structs.hpp:651:0: warning: ignoring #pragma HLS inline [-Wunknown-pragmas]
 #pragma HLS inline
 ^
/home/centos/Documents/vision_project/py_up/libs/xf_opencv/L1/include/common/xf_structs.hpp:660:0: warning: ignoring #pragma HLS inline [-Wunknown-pragmas]
 #pragma HLS inline
 ^
/home/centos/Documents/vision_project/py_up/libs/xf_opencv/L1/include/common/xf_structs.hpp:669:0: warning: ignoring #pragma HLS inline [-Wunknown-pragmas]
 #pragma HLS inline
 ^
/home/centos/Documents/vision_project/py_up/libs/xf_opencv/L1/include/common/xf_structs.hpp:696:0: warning: ignoring #pragma HLS inline [-Wunknown-pragmas]
 #pragma HLS inline
 ^
/home/centos/Documents/vision_project/py_up/libs/xf_opencv/L1/include/common/xf_structs.hpp:730:0: warning: ignoring #pragma HLS inline [-Wunknown-pragmas]
 #pragma HLS inline
 ^
/home/centos/Documents/vision_project/py_up/libs/xf_opencv/L1/include/common/xf_structs.hpp:954:0: warning: ignoring #pragma HLS LOOP_TRIPCOUNT [-Wunknown-pragmas]
 #pragma HLS LOOP_TRIPCOUNT min=1 max=ADDRBOUND
 ^
/home/centos/Documents/vision_project/py_up/libs/xf_opencv/L1/include/common/xf_structs.hpp:955:0: warning: ignoring #pragma HLS PIPELINE [-Wunknown-pragmas]
 #pragma HLS PIPELINE
 ^
/home/centos/Documents/vision_project/py_up/libs/xf_opencv/L1/include/common/xf_structs.hpp:968:0: warning: ignoring #pragma HLS LOOP_TRIPCOUNT [-Wunknown-pragmas]
 #pragma HLS LOOP_TRIPCOUNT min=1 max=ADDRBOUND
 ^
/home/centos/Documents/vision_project/py_up/libs/xf_opencv/L1/include/common/xf_structs.hpp:969:0: warning: ignoring #pragma HLS PIPELINE [-Wunknown-pragmas]
 #pragma HLS PIPELINE
 ^
/home/centos/Documents/vision_project/py_up/libs/xf_opencv/L1/include/common/xf_structs.hpp:1003:0: warning: ignoring #pragma HLS LOOP_TRIPCOUNT [-Wunknown-pragmas]
 #pragma HLS LOOP_TRIPCOUNT min=1 max=LOOPBOUND
 ^
/home/centos/Documents/vision_project/py_up/libs/xf_opencv/L1/include/common/xf_structs.hpp:1004:0: warning: ignoring #pragma HLS PIPELINE [-Wunknown-pragmas]
 #pragma HLS PIPELINE
 ^
/home/centos/Documents/vision_project/py_up/libs/xf_opencv/L1/include/common/xf_structs.hpp:1047:0: warning: ignoring #pragma HLS LOOP_TRIPCOUNT [-Wunknown-pragmas]
 #pragma HLS LOOP_TRIPCOUNT min=1 max=LOOPBOUND
 ^
/home/centos/Documents/vision_project/py_up/libs/xf_opencv/L1/include/common/xf_structs.hpp:1048:0: warning: ignoring #pragma HLS PIPELINE [-Wunknown-pragmas]
 #pragma HLS PIPELINE
 ^
/home/centos/Documents/vision_project/py_up/libs/xf_opencv/L1/include/common/xf_structs.hpp:1060:0: warning: ignoring #pragma HLS DATAFLOW [-Wunknown-pragmas]
 #pragma HLS DATAFLOW
 ^
/home/centos/Documents/vision_project/py_up/libs/xf_opencv/L1/include/common/xf_structs.hpp:1073:0: warning: ignoring #pragma HLS DATAFLOW [-Wunknown-pragmas]
 #pragma HLS DATAFLOW
 ^
/home/centos/Documents/vision_project/py_up/libs/xf_opencv/L1/include/common/xf_structs.hpp:1088:0: warning: ignoring #pragma HLS DATAFLOW [-Wunknown-pragmas]
 #pragma HLS DATAFLOW
 ^
/home/centos/Documents/vision_project/py_up/libs/xf_opencv/L1/include/common/xf_structs.hpp:1108:0: warning: ignoring #pragma HLS DATAFLOW [-Wunknown-pragmas]
 #pragma HLS DATAFLOW
 ^
/home/centos/Documents/vision_project/py_up/libs/xf_opencv/L1/include/common/xf_structs.hpp:1120:0: warning: ignoring #pragma HLS DATAFLOW [-Wunknown-pragmas]
 #pragma HLS DATAFLOW
 ^
/home/centos/Documents/vision_project/py_up/libs/xf_opencv/L1/include/common/xf_structs.hpp:1140:0: warning: ignoring #pragma HLS DATAFLOW [-Wunknown-pragmas]
 #pragma HLS DATAFLOW
 ^
/home/centos/Documents/vision_project/py_up/libs/xf_opencv/L1/include/common/xf_structs.hpp:1214:0: warning: ignoring #pragma HLS LOOP_TRIPCOUNT [-Wunknown-pragmas]
 #pragma HLS LOOP_TRIPCOUNT min=1 max=LOOPBOUND
 ^
/home/centos/Documents/vision_project/py_up/libs/xf_opencv/L1/include/common/xf_structs.hpp:1215:0: warning: ignoring #pragma HLS PIPELINE [-Wunknown-pragmas]
 #pragma HLS PIPELINE
 ^
/home/centos/Documents/vision_project/py_up/libs/xf_opencv/L1/include/common/xf_structs.hpp:1244:0: warning: ignoring #pragma HLS LOOP_TRIPCOUNT [-Wunknown-pragmas]
 #pragma HLS LOOP_TRIPCOUNT min=1 max=ROWS
 ^
/home/centos/Documents/vision_project/py_up/libs/xf_opencv/L1/include/common/xf_structs.hpp:1249:0: warning: ignoring #pragma HLS LOOP_TRIPCOUNT [-Wunknown-pragmas]
 #pragma HLS LOOP_TRIPCOUNT min=1 max=COLS_BOUND_PER_NPC
 ^
/home/centos/Documents/vision_project/py_up/libs/xf_opencv/L1/include/common/xf_structs.hpp:1250:0: warning: ignoring #pragma HLS PIPELINE [-Wunknown-pragmas]
 #pragma HLS PIPELINE
 ^
/home/centos/Documents/vision_project/py_up/libs/xf_opencv/L1/include/common/xf_structs.hpp:1292:0: warning: ignoring #pragma HLS DATAFLOW [-Wunknown-pragmas]
 #pragma HLS DATAFLOW
 ^
/home/centos/Documents/vision_project/py_up/libs/xf_opencv/L1/include/common/xf_structs.hpp:1305:0: warning: ignoring #pragma HLS DATAFLOW [-Wunknown-pragmas]
 #pragma HLS DATAFLOW
 ^
/home/centos/Documents/vision_project/py_up/libs/xf_opencv/L1/include/common/xf_structs.hpp:1322:0: warning: ignoring #pragma HLS LOOP_TRIPCOUNT [-Wunknown-pragmas]
 #pragma HLS LOOP_TRIPCOUNT min=1 max=ADDRBOUND
 ^
/home/centos/Documents/vision_project/py_up/libs/xf_opencv/L1/include/common/xf_structs.hpp:1323:0: warning: ignoring #pragma HLS PIPELINE [-Wunknown-pragmas]
 #pragma HLS PIPELINE
 ^
/home/centos/Documents/vision_project/py_up/libs/xf_opencv/L1/include/common/xf_structs.hpp:1337:0: warning: ignoring #pragma HLS LOOP_TRIPCOUNT [-Wunknown-pragmas]
 #pragma HLS LOOP_TRIPCOUNT min=1 max=ADDRBOUND
 ^
/home/centos/Documents/vision_project/py_up/libs/xf_opencv/L1/include/common/xf_structs.hpp:1338:0: warning: ignoring #pragma HLS PIPELINE [-Wunknown-pragmas]
 #pragma HLS PIPELINE
 ^
/home/centos/Documents/vision_project/py_up/libs/xf_opencv/L1/include/common/xf_structs.hpp:1352:0: warning: ignoring #pragma HLS DATAFLOW [-Wunknown-pragmas]
 #pragma HLS DATAFLOW
 ^
/home/centos/Documents/vision_project/py_up/libs/xf_opencv/L1/include/common/xf_structs.hpp:1379:0: warning: ignoring #pragma HLS DATAFLOW [-Wunknown-pragmas]
 #pragma HLS DATAFLOW
 ^
/home/centos/Documents/vision_project/py_up/libs/xf_opencv/L1/include/common/xf_structs.hpp:1410:0: warning: ignoring #pragma HLS DATAFLOW [-Wunknown-pragmas]
 #pragma HLS DATAFLOW
 ^
/home/centos/Documents/vision_project/py_up/libs/xf_opencv/L1/include/common/xf_structs.hpp:1440:0: warning: ignoring #pragma HLS DATAFLOW [-Wunknown-pragmas]
 #pragma HLS DATAFLOW
 ^
In file included from ../src/xf_pyr_up_config.h:25:0,
                 from ../src/xf_pyr_up_tb.cpp:18:
/home/centos/Documents/vision_project/py_up/libs/xf_opencv/L1/include/common/xf_utility.hpp:37:0: warning: ignoring #pragma HLS INLINE [-Wunknown-pragmas]
     #pragma HLS INLINE
 ^
/home/centos/Documents/vision_project/py_up/libs/xf_opencv/L1/include/common/xf_utility.hpp:43:0: warning: ignoring #pragma HLS unroll [-Wunknown-pragmas]
         #pragma HLS unroll
 ^
/home/centos/Documents/vision_project/py_up/libs/xf_opencv/L1/include/common/xf_utility.hpp:55:0: warning: ignoring #pragma HLS inline [-Wunknown-pragmas]
     #pragma HLS inline off
 ^
/home/centos/Documents/vision_project/py_up/libs/xf_opencv/L1/include/common/xf_utility.hpp:64:0: warning: ignoring #pragma HLS UNROLL [-Wunknown-pragmas]
         #pragma HLS UNROLL
 ^
/home/centos/Documents/vision_project/py_up/libs/xf_opencv/L1/include/common/xf_utility.hpp:87:0: warning: ignoring #pragma HLS INLINE [-Wunknown-pragmas]
     #pragma HLS INLINE
 ^
/home/centos/Documents/vision_project/py_up/libs/xf_opencv/L1/include/common/xf_utility.hpp:107:0: warning: ignoring #pragma HLS INLINE [-Wunknown-pragmas]
     #pragma HLS INLINE
 ^
/home/centos/Documents/vision_project/py_up/libs/xf_opencv/L1/include/common/xf_utility.hpp:115:0: warning: ignoring #pragma HLS LOOP_TRIPCOUNT [-Wunknown-pragmas]
         #pragma HLS LOOP_TRIPCOUNT min=6 max=6
 ^
/home/centos/Documents/vision_project/py_up/libs/xf_opencv/L1/include/common/xf_utility.hpp:116:0: warning: ignoring #pragma HLS unroll [-Wunknown-pragmas]
         #pragma HLS unroll
 ^
/home/centos/Documents/vision_project/py_up/libs/xf_opencv/L1/include/common/xf_utility.hpp:186:0: warning: ignoring #pragma HLS LOOP_TRIPCOUNT [-Wunknown-pragmas]
         #pragma HLS LOOP_TRIPCOUNT min=IN_BH max=IN_BH
 ^
/home/centos/Documents/vision_project/py_up/libs/xf_opencv/L1/include/common/xf_utility.hpp:187:0: warning: ignoring #pragma HLS LOOP_FLATTEN [-Wunknown-pragmas]
         #pragma HLS LOOP_FLATTEN off
 ^
/home/centos/Documents/vision_project/py_up/libs/xf_opencv/L1/include/common/xf_utility.hpp:191:0: warning: ignoring #pragma HLS pipeline [-Wunknown-pragmas]
             #pragma HLS pipeline
 ^
/home/centos/Documents/vision_project/py_up/libs/xf_opencv/L1/include/common/xf_utility.hpp:192:0: warning: ignoring #pragma HLS LOOP_TRIPCOUNT [-Wunknown-pragmas]
             #pragma HLS LOOP_TRIPCOUNT min=IN_BW max=IN_BW
 ^
/home/centos/Documents/vision_project/py_up/libs/xf_opencv/L1/include/common/xf_utility.hpp:217:0: warning: ignoring #pragma HLS LOOP_TRIPCOUNT [-Wunknown-pragmas]
             #pragma HLS LOOP_TRIPCOUNT min=1 max=TRIPCOUNT
 ^
/home/centos/Documents/vision_project/py_up/libs/xf_opencv/L1/include/common/xf_utility.hpp:218:0: warning: ignoring #pragma HLS PIPELINE [-Wunknown-pragmas]
             #pragma HLS PIPELINE
 ^
/home/centos/Documents/vision_project/py_up/libs/xf_opencv/L1/include/common/xf_utility.hpp:253:0: warning: ignoring #pragma HLS LOOP_TRIPCOUNT [-Wunknown-pragmas]
             #pragma HLS LOOP_TRIPCOUNT min=1 max=TRIPCOUNT
 ^
/home/centos/Documents/vision_project/py_up/libs/xf_opencv/L1/include/common/xf_utility.hpp:254:0: warning: ignoring #pragma HLS PIPELINE [-Wunknown-pragmas]
             #pragma HLS PIPELINE
 ^
/home/centos/Documents/vision_project/py_up/libs/xf_opencv/L1/include/common/xf_utility.hpp:332:0: warning: ignoring #pragma HLS LOOP_TRIPCOUNT [-Wunknown-pragmas]
             #pragma HLS LOOP_TRIPCOUNT min=1 max=TRIPCOUNT
 ^
/home/centos/Documents/vision_project/py_up/libs/xf_opencv/L1/include/common/xf_utility.hpp:333:0: warning: ignoring #pragma HLS PIPELINE [-Wunknown-pragmas]
             #pragma HLS PIPELINE
 ^
/home/centos/Documents/vision_project/py_up/libs/xf_opencv/L1/include/common/xf_utility.hpp:343:0: warning: ignoring #pragma HLS DATAFLOW [-Wunknown-pragmas]
         #pragma HLS DATAFLOW
 ^
/home/centos/Documents/vision_project/py_up/libs/xf_opencv/L1/include/common/xf_utility.hpp:392:0: warning: ignoring #pragma HLS LOOP_TRIPCOUNT [-Wunknown-pragmas]
             #pragma HLS LOOP_TRIPCOUNT min=1 max=TRIPCOUNT
 ^
/home/centos/Documents/vision_project/py_up/libs/xf_opencv/L1/include/common/xf_utility.hpp:393:0: warning: ignoring #pragma HLS PIPELINE [-Wunknown-pragmas]
             #pragma HLS PIPELINE
 ^
/home/centos/Documents/vision_project/py_up/libs/xf_opencv/L1/include/common/xf_utility.hpp:438:0: warning: ignoring #pragma HLS LOOP_TRIPCOUNT [-Wunknown-pragmas]
             #pragma HLS LOOP_TRIPCOUNT min=1 max=TRIPCOUNT
 ^
/home/centos/Documents/vision_project/py_up/libs/xf_opencv/L1/include/common/xf_utility.hpp:439:0: warning: ignoring #pragma HLS PIPELINE [-Wunknown-pragmas]
             #pragma HLS PIPELINE
 ^
/home/centos/Documents/vision_project/py_up/libs/xf_opencv/L1/include/common/xf_utility.hpp:481:0: warning: ignoring #pragma HLS LOOP_TRIPCOUNT [-Wunknown-pragmas]
             #pragma HLS LOOP_TRIPCOUNT min=1 max=TRIPCOUNT
 ^
/home/centos/Documents/vision_project/py_up/libs/xf_opencv/L1/include/common/xf_utility.hpp:482:0: warning: ignoring #pragma HLS PIPELINE [-Wunknown-pragmas]
             #pragma HLS PIPELINE
 ^
/home/centos/Documents/vision_project/py_up/libs/xf_opencv/L1/include/common/xf_utility.hpp:493:0: warning: ignoring #pragma HLS DATAFLOW [-Wunknown-pragmas]
         #pragma HLS DATAFLOW
 ^
In file included from /home/centos/Documents/vision_project/py_up/libs/xf_opencv/L1/include/imgproc/xf_pyr_up.hpp:22:0,
                 from ../src/xf_pyr_up_config.h:26,
                 from ../src/xf_pyr_up_tb.cpp:18:
/home/centos/Documents/vision_project/py_up/libs/xf_opencv/L1/include/imgproc/xf_pyr_up_gaussian_blur.hpp:29:0: warning: ignoring #pragma HLS INLINE [-Wunknown-pragmas]
     #pragma HLS INLINE
 ^
/home/centos/Documents/vision_project/py_up/libs/xf_opencv/L1/include/imgproc/xf_pyr_up_gaussian_blur.hpp:33:0: warning: ignoring #pragma HLS ARRAY_PARTITION [-Wunknown-pragmas]
     #pragma HLS ARRAY_PARTITION variable=array complete dim=1
 ^
/home/centos/Documents/vision_project/py_up/libs/xf_opencv/L1/include/imgproc/xf_pyr_up_gaussian_blur.hpp:40:0: warning: ignoring #pragma HLS LOOP_TRIPCOUNT [-Wunknown-pragmas]
         #pragma HLS LOOP_TRIPCOUNT min=1 max=WIN_SZ
 ^
/home/centos/Documents/vision_project/py_up/libs/xf_opencv/L1/include/imgproc/xf_pyr_up_gaussian_blur.hpp:41:0: warning: ignoring #pragma HLS UNROLL [-Wunknown-pragmas]
         #pragma HLS UNROLL
 ^
/home/centos/Documents/vision_project/py_up/libs/xf_opencv/L1/include/imgproc/xf_pyr_up_gaussian_blur.hpp:45:0: warning: ignoring #pragma HLS LOOP_TRIPCOUNT [-Wunknown-pragmas]
             #pragma HLS LOOP_TRIPCOUNT min=1 max=WIN_SZ
 ^
/home/centos/Documents/vision_project/py_up/libs/xf_opencv/L1/include/imgproc/xf_pyr_up_gaussian_blur.hpp:46:0: warning: ignoring #pragma HLS UNROLL [-Wunknown-pragmas]
             #pragma HLS UNROLL
 ^
/home/centos/Documents/vision_project/py_up/libs/xf_opencv/L1/include/imgproc/xf_pyr_up_gaussian_blur.hpp:100:0: warning: ignoring #pragma HLS INLINE [-Wunknown-pragmas]
     #pragma HLS INLINE
 ^
/home/centos/Documents/vision_project/py_up/libs/xf_opencv/L1/include/imgproc/xf_pyr_up_gaussian_blur.hpp:105:0: warning: ignoring #pragma HLS ARRAY_PARTITION [-Wunknown-pragmas]
     #pragma HLS ARRAY_PARTITION variable=buf_cop complete dim=1
 ^
/home/centos/Documents/vision_project/py_up/libs/xf_opencv/L1/include/imgproc/xf_pyr_up_gaussian_blur.hpp:112:0: warning: ignoring #pragma HLS LOOP_FLATTEN [-Wunknown-pragmas]
         #pragma HLS LOOP_FLATTEN OFF
 ^
/home/centos/Documents/vision_project/py_up/libs/xf_opencv/L1/include/imgproc/xf_pyr_up_gaussian_blur.hpp:113:0: warning: ignoring #pragma HLS LOOP_TRIPCOUNT [-Wunknown-pragmas]
         #pragma HLS LOOP_TRIPCOUNT min=1 max=TC
 ^
/home/centos/Documents/vision_project/py_up/libs/xf_opencv/L1/include/imgproc/xf_pyr_up_gaussian_blur.hpp:114:0: warning: ignoring #pragma HLS pipeline [-Wunknown-pragmas]
         #pragma HLS pipeline
 ^
/home/centos/Documents/vision_project/py_up/libs/xf_opencv/L1/include/imgproc/xf_pyr_up_gaussian_blur.hpp:123:0: warning: ignoring #pragma HLS LOOP_TRIPCOUNT [-Wunknown-pragmas]
             #pragma HLS LOOP_TRIPCOUNT min=1 max=WIN_SZ
 ^
/home/centos/Documents/vision_project/py_up/libs/xf_opencv/L1/include/imgproc/xf_pyr_up_gaussian_blur.hpp:124:0: warning: ignoring #pragma HLS UNROLL [-Wunknown-pragmas]
             #pragma HLS UNROLL
 ^
/home/centos/Documents/vision_project/py_up/libs/xf_opencv/L1/include/imgproc/xf_pyr_up_gaussian_blur.hpp:134:0: warning: ignoring #pragma HLS LOOP_TRIPCOUNT [-Wunknown-pragmas]
             #pragma HLS LOOP_TRIPCOUNT min=1 max=WIN_SZ
 ^
/home/centos/Documents/vision_project/py_up/libs/xf_opencv/L1/include/imgproc/xf_pyr_up_gaussian_blur.hpp:135:0: warning: ignoring #pragma HLS UNROLL [-Wunknown-pragmas]
             #pragma HLS UNROLL
 ^
/home/centos/Documents/vision_project/py_up/libs/xf_opencv/L1/include/imgproc/xf_pyr_up_gaussian_blur.hpp:151:0: warning: ignoring #pragma HLS UNROLL [-Wunknown-pragmas]
             #pragma HLS UNROLL
 ^
/home/centos/Documents/vision_project/py_up/libs/xf_opencv/L1/include/imgproc/xf_pyr_up_gaussian_blur.hpp:152:0: warning: ignoring #pragma HLS LOOP_TRIPCOUNT [-Wunknown-pragmas]
             #pragma HLS LOOP_TRIPCOUNT min=1 max=WIN_SZ
 ^
/home/centos/Documents/vision_project/py_up/libs/xf_opencv/L1/include/imgproc/xf_pyr_up_gaussian_blur.hpp:156:0: warning: ignoring #pragma HLS UNROLL [-Wunknown-pragmas]
                 #pragma HLS UNROLL
 ^
/home/centos/Documents/vision_project/py_up/libs/xf_opencv/L1/include/imgproc/xf_pyr_up_gaussian_blur.hpp:157:0: warning: ignoring #pragma HLS LOOP_TRIPCOUNT [-Wunknown-pragmas]
                 #pragma HLS LOOP_TRIPCOUNT min=1 max=WIN_SZ
 ^
/home/centos/Documents/vision_project/py_up/libs/xf_opencv/L1/include/imgproc/xf_pyr_up_gaussian_blur.hpp:177:0: warning: ignoring #pragma HLS ARRAY_PARTITION [-Wunknown-pragmas]
     #pragma HLS ARRAY_PARTITION variable=row_ind complete dim=1
 ^
/home/centos/Documents/vision_project/py_up/libs/xf_opencv/L1/include/imgproc/xf_pyr_up_gaussian_blur.hpp:186:0: warning: ignoring #pragma HLS ARRAY_PARTITION [-Wunknown-pragmas]
     #pragma HLS ARRAY_PARTITION variable=OutputValues complete dim=1
 ^
/home/centos/Documents/vision_project/py_up/libs/xf_opencv/L1/include/imgproc/xf_pyr_up_gaussian_blur.hpp:191:0: warning: ignoring #pragma HLS ARRAY_PARTITION [-Wunknown-pragmas]
     #pragma HLS ARRAY_PARTITION variable=src_buf complete dim=1
 ^
/home/centos/Documents/vision_project/py_up/libs/xf_opencv/L1/include/imgproc/xf_pyr_up_gaussian_blur.hpp:192:0: warning: ignoring #pragma HLS ARRAY_PARTITION [-Wunknown-pragmas]
     #pragma HLS ARRAY_PARTITION variable=src_buf complete dim=2
 ^
/home/centos/Documents/vision_project/py_up/libs/xf_opencv/L1/include/imgproc/xf_pyr_up_gaussian_blur.hpp:199:0: warning: ignoring #pragma HLS ARRAY_PARTITION [-Wunknown-pragmas]
     #pragma HLS ARRAY_PARTITION variable=buf complete dim=1
 ^
/home/centos/Documents/vision_project/py_up/libs/xf_opencv/L1/include/imgproc/xf_pyr_up_gaussian_blur.hpp:200:0: warning: ignoring #pragma HLS RESOURCE [-Wunknown-pragmas]
     #pragma HLS RESOURCE variable=buf core=RAM_S2P_BRAM
 ^
/home/centos/Documents/vision_project/py_up/libs/xf_opencv/L1/include/imgproc/xf_pyr_up_gaussian_blur.hpp:207:0: warning: ignoring #pragma HLS LOOP_TRIPCOUNT [-Wunknown-pragmas]
         #pragma HLS LOOP_TRIPCOUNT min=1 max=WIN_SZ
 ^
/home/centos/Documents/vision_project/py_up/libs/xf_opencv/L1/include/imgproc/xf_pyr_up_gaussian_blur.hpp:215:0: warning: ignoring #pragma HLS LOOP_TRIPCOUNT [-Wunknown-pragmas]
         #pragma HLS LOOP_TRIPCOUNT min=1 max=WIN_SZ
 ^
/home/centos/Documents/vision_project/py_up/libs/xf_opencv/L1/include/imgproc/xf_pyr_up_gaussian_blur.hpp:219:0: warning: ignoring #pragma HLS LOOP_TRIPCOUNT [-Wunknown-pragmas]
             #pragma HLS LOOP_TRIPCOUNT min=1 max=TC
 ^
/home/centos/Documents/vision_project/py_up/libs/xf_opencv/L1/include/imgproc/xf_pyr_up_gaussian_blur.hpp:220:0: warning: ignoring #pragma HLS LOOP_FLATTEN [-Wunknown-pragmas]
             #pragma HLS LOOP_FLATTEN OFF
 ^
/home/centos/Documents/vision_project/py_up/libs/xf_opencv/L1/include/imgproc/xf_pyr_up_gaussian_blur.hpp:221:0: warning: ignoring #pragma HLS pipeline [-Wunknown-pragmas]
             #pragma HLS pipeline
 ^
/home/centos/Documents/vision_project/py_up/libs/xf_opencv/L1/include/imgproc/xf_pyr_up_gaussian_blur.hpp:230:0: warning: ignoring #pragma HLS LOOP_TRIPCOUNT [-Wunknown-pragmas]
         #pragma HLS LOOP_TRIPCOUNT min=1 max=TC
 ^
/home/centos/Documents/vision_project/py_up/libs/xf_opencv/L1/include/imgproc/xf_pyr_up_gaussian_blur.hpp:234:0: warning: ignoring #pragma HLS LOOP_TRIPCOUNT [-Wunknown-pragmas]
             #pragma HLS LOOP_TRIPCOUNT min=1 max=WIN_SZ
 ^
/home/centos/Documents/vision_project/py_up/libs/xf_opencv/L1/include/imgproc/xf_pyr_up_gaussian_blur.hpp:235:0: warning: ignoring #pragma HLS UNROLL [-Wunknown-pragmas]
             #pragma HLS UNROLL
 ^
/home/centos/Documents/vision_project/py_up/libs/xf_opencv/L1/include/imgproc/xf_pyr_up_gaussian_blur.hpp:244:0: warning: ignoring #pragma HLS LOOP_TRIPCOUNT [-Wunknown-pragmas]
         #pragma HLS LOOP_TRIPCOUNT min=1 max=ROWS
 ^
/home/centos/Documents/vision_project/py_up/libs/xf_opencv/L1/include/imgproc/xf_pyr_up_gaussian_blur.hpp:254:0: warning: ignoring #pragma HLS LOOP_TRIPCOUNT [-Wunknown-pragmas]
             #pragma HLS LOOP_TRIPCOUNT min=1 max=WIN_SZ
 ^
/home/centos/Documents/vision_project/py_up/libs/xf_opencv/L1/include/imgproc/xf_pyr_up_gaussian_blur.hpp:255:0: warning: ignoring #pragma HLS UNROLL [-Wunknown-pragmas]
             #pragma HLS UNROLL
 ^
In file included from ../src/xf_pyr_up_config.h:26:0,
                 from ../src/xf_pyr_up_tb.cpp:18:
/home/centos/Documents/vision_project/py_up/libs/xf_opencv/L1/include/imgproc/xf_pyr_up.hpp:34:0: warning: ignoring #pragma HLS INLINE [-Wunknown-pragmas]
     #pragma HLS INLINE OFF
 ^
/home/centos/Documents/vision_project/py_up/libs/xf_opencv/L1/include/imgproc/xf_pyr_up.hpp:35:0: warning: ignoring #pragma HLS DATAFLOW [-Wunknown-pragmas]
     #pragma HLS DATAFLOW
 ^
/home/centos/Documents/vision_project/py_up/libs/xf_opencv/L1/include/imgproc/xf_pyr_up.hpp:45:0: warning: ignoring #pragma HLS LOOP_TRIPCOUNT [-Wunknown-pragmas]
         #pragma HLS LOOP_TRIPCOUNT min=1 max=ROWS
 ^
/home/centos/Documents/vision_project/py_up/libs/xf_opencv/L1/include/imgproc/xf_pyr_up.hpp:49:0: warning: ignoring #pragma HLS LOOP_TRIPCOUNT [-Wunknown-pragmas]
             #pragma HLS LOOP_TRIPCOUNT min=1 max=COLS
 ^
/home/centos/Documents/vision_project/py_up/libs/xf_opencv/L1/include/imgproc/xf_pyr_up.hpp:50:0: warning: ignoring #pragma HLS PIPELINE [-Wunknown-pragmas]
             #pragma HLS PIPELINE II=1
 ^
/home/centos/Documents/vision_project/py_up/libs/xf_opencv/L1/include/imgproc/xf_pyr_up.hpp:51:0: warning: ignoring #pragma HLS LOOP_FLATTEN [-Wunknown-pragmas]
             #pragma HLS LOOP_FLATTEN OFF
 ^
/home/centos/Documents/vision_project/py_up/libs/xf_opencv/L1/include/imgproc/xf_pyr_up.hpp:67:0: warning: ignoring #pragma HLS LOOP_TRIPCOUNT [-Wunknown-pragmas]
         #pragma HLS LOOP_TRIPCOUNT min=1 max=ROWS
 ^
/home/centos/Documents/vision_project/py_up/libs/xf_opencv/L1/include/imgproc/xf_pyr_up.hpp:71:0: warning: ignoring #pragma HLS LOOP_TRIPCOUNT [-Wunknown-pragmas]
             #pragma HLS LOOP_TRIPCOUNT min=1 max=COLS
 ^
/home/centos/Documents/vision_project/py_up/libs/xf_opencv/L1/include/imgproc/xf_pyr_up.hpp:72:0: warning: ignoring #pragma HLS PIPELINE [-Wunknown-pragmas]
             #pragma HLS PIPELINE II=1
 ^
/home/centos/Documents/vision_project/py_up/libs/xf_opencv/L1/include/imgproc/xf_pyr_up.hpp:73:0: warning: ignoring #pragma HLS LOOP_FLATTEN [-Wunknown-pragmas]
             #pragma HLS LOOP_FLATTEN OFF
 ^
/home/centos/Documents/vision_project/py_up/libs/xf_opencv/L1/include/imgproc/xf_pyr_up.hpp:87:0: warning: ignoring #pragma HLS INLINE [-Wunknown-pragmas]
     #pragma HLS INLINE OFF
 ^
../src/xf_pyr_up_tb.cpp: In function ‘int main(int, char**)’:
../src/xf_pyr_up_tb.cpp:67:46: warning: ISO C++ says that these are ambiguous, even though the worst conversion for the first is better than the worst conversion for the second: [enabled by default]
                              input_image.data);
                                              ^
In file included from /home/centos/Documents/vision_project/py_up/libs/xf_opencv/ext/xcl2/xcl2.hpp:45:0,
                 from ../src/xf_pyr_up_tb.cpp:20:
/usr/include/CL/cl2.hpp:3662:5: note: candidate 1: cl::Buffer::Buffer(const cl::Context&, cl_mem_flags, cl::size_type, void*, cl_int*)
     Buffer(
     ^
/usr/include/CL/cl2.hpp:8392:1: note: candidate 2: cl::Buffer::Buffer(const cl::Context&, IteratorType, IteratorType, bool, bool, cl_int*) [with IteratorType = int; cl_int = int]
 Buffer::Buffer(
 ^
../src/xf_pyr_up_tb.cpp:69:88: warning: ISO C++ says that these are ambiguous, even though the worst conversion for the first is better than the worst conversion for the second: [enabled by default]
                                (output_height * output_width * CH_TYPE), output_xf.data);
                                                                                        ^
In file included from /home/centos/Documents/vision_project/py_up/libs/xf_opencv/ext/xcl2/xcl2.hpp:45:0,
                 from ../src/xf_pyr_up_tb.cpp:20:
/usr/include/CL/cl2.hpp:3662:5: note: candidate 1: cl::Buffer::Buffer(const cl::Context&, cl_mem_flags, cl::size_type, void*, cl_int*)
     Buffer(
     ^
/usr/include/CL/cl2.hpp:8392:1: note: candidate 2: cl::Buffer::Buffer(const cl::Context&, IteratorType, IteratorType, bool, bool, cl_int*) [with IteratorType = int; cl_int = int]
 Buffer::Buffer(
 ^

****** configutil v2021.1 (64-bit)
  **** SW Build 3246112 on 2021-06-09-14:19:56
    ** Copyright 1986-2020 Xilinx, Inc. All Rights Reserved.

INFO: [ConfigUtil 60-895]   Target platform: /home/centos/aws-fpga/Vitis/aws_platform/xilinx_aws-vu9p-f1_shell-v04261818_201920_2/xilinx_aws-vu9p-f1_shell-v04261818_201920_2.xpfm
INFO: [ConfigUtil 60-1578]   This platform contains Xilinx Shell Archive '/home/centos/aws-fpga/Vitis/aws_platform/xilinx_aws-vu9p-f1_shell-v04261818_201920_2/hw/xilinx_aws-vu9p-f1_shell-v04261818_201920_2.xsa'
g++ -o "py_up" libs/xf_opencv/ext/xcl2/xcl2.o src/xf_pyr_up_tb.o -lxml2 -lopencv_core -lopencv_imgproc -lopencv_features2d -lopencv_flann -lopencv_video -lopencv_calib3d -lopencv_highgui -lxilinxopencl -lpthread -lrt -lstdc++ -L/opt/xilinx/xrt/lib/ -Wl,-rpath-link,/opt/xilinx/xrt/lib
INFO: [ConfigUtil 60-1032]  
emulation configuration file `emconfig.json` is created in . directory 

11:45:15 Build Finished (took 10s.996ms)

