15:56:32 **** Build of configuration Emulation-SW for project threshold_system_hw_link ****
make all 
/opt/Xilinx/Vitis/2021.1/bin/v++ --target sw_emu --link --config krnl_threshold-link.cfg -o"krnl_threshold.xclbin" ../../threshold_kernels/Emulation-SW/build/threshold_accel.xo
Option Map File Used: '/opt/Xilinx/Vitis/2021.1/data/vitis/vpp/optMap.xml'

****** v++ v2021.1 (64-bit)
  **** SW Build 3246112 on 2021-06-09-14:19:56
    ** Copyright 1986-2020 Xilinx, Inc. All Rights Reserved.

INFO: [v++ 60-897] Reading --xp value from platform: param:compiler.lockFlowCritSlackThreshold=0
INFO: [v++ 60-897] Reading --xp value from platform: vivado_param:hd.routingContainmentAreaExpansion=true
INFO: [v++ 60-897] Reading --xp value from platform: vivado_param:hd.supportClockNetCrossDiffReconfigurablePartitions=1
INFO: [v++ 60-897] Reading --xp value from platform: vivado_param:bitstream.enablePR=4123
INFO: [v++ 60-897] Reading --xp value from platform: vivado_param:physynth.ultraRAMOptOutput=false
INFO: [v++ 60-897] Reading --xp value from platform: vivado_prop:run.__KERNEL__.{STEPS.SYNTH_DESIGN.ARGS.MAX_URAM_CASCADE_HEIGHT}={1}
INFO: [v++ 60-897] Reading --xp value from platform: vivado_param:synth.elaboration.rodinMoreOptions={rt::set_parameter disableOregPackingUram true}
WARNING: [v++ 60-642] Invalid or deprecated parameter name: compiler.lockFlowCritSlackThreshold
INFO: [v++ 60-1306] Additional information associated with this v++ link can be found at:
	Reports: /home/centos/Documents/vision_project/threshold_system_hw_link/Emulation-SW/krnl_threshold.build/reports/link
	Log files: /home/centos/Documents/vision_project/threshold_system_hw_link/Emulation-SW/krnl_threshold.build/logs/link
Running Dispatch Server on port: 43728
INFO: [v++ 60-1548] Creating build summary session with primary output /home/centos/Documents/vision_project/threshold_system_hw_link/Emulation-SW/krnl_threshold.xclbin.link_summary, at Tue Jan 25 15:56:46 2022
INFO: [v++ 60-1316] Initiating connection to rulecheck server, at Tue Jan 25 15:56:46 2022
INFO: [v++ 60-895]   Target platform: /home/centos/aws-fpga/Vitis/aws_platform/xilinx_aws-vu9p-f1_shell-v04261818_201920_2/xilinx_aws-vu9p-f1_shell-v04261818_201920_2.xpfm
INFO: [v++ 60-1578]   This platform contains Xilinx Shell Archive '/home/centos/aws-fpga/Vitis/aws_platform/xilinx_aws-vu9p-f1_shell-v04261818_201920_2/hw/xilinx_aws-vu9p-f1_shell-v04261818_201920_2.xsa'
INFO: [v++ 74-78] Compiler Version string: 2021.1
INFO: [v++ 60-1302] Platform 'xilinx_aws-vu9p-f1_shell-v04261818_201920_2.xpfm' has been explicitly enabled for this release.
INFO: [v++ 60-629] Linking for software emulation target
INFO: [v++ 60-423]   Target device: xilinx_aws-vu9p-f1_shell-v04261818_201920_2
INFO: [v++ 60-645] kernel flags are '-g -I /home/centos/Documents/vision_project/threshold_kernels/src -I /home/centos/Documents/vision_project/threshold_kernels/libs/xf_opencv/L1/include -I /home/centos/Documents/vision_project/threshold_kernels/src/build -g'
WARNING: [v++ 60-2336] Parameter compiler.enableSlrComputeUnitDrc was set to true, but no SLRs were specified via the command line.
INFO: [v++ 60-586] Created krnl_threshold.xclbin
INFO: [v++ 60-1307] Run completed. Additional information can be found in:
	Steps Log File: /home/centos/Documents/vision_project/threshold_system_hw_link/Emulation-SW/krnl_threshold.build/logs/link/link.steps.log

INFO: [v++ 60-2343] Use the vitis_analyzer tool to visualize and navigate the relevant reports. Run the following command. 
    vitis_analyzer /home/centos/Documents/vision_project/threshold_system_hw_link/Emulation-SW/krnl_threshold.xclbin.link_summary 
INFO: [v++ 60-791] Total elapsed time: 0h 0m 23s
INFO: [v++ 60-1653] Closing dispatch client.

15:56:58 Build Finished (took 26s.466ms)

