Thu Jan 27 14:58:07 2022: Running xcd server. This server was built by gradle.
Thu Jan 27 14:58:07 2022: Server was asked to start on port: '42375'
Thu Jan 27 14:58:07 2022: Server is using token UUID: 'd3d0714c-4518-4968-b6ad-86a1e52035e0'
Thu Jan 27 14:58:07 2022: SESSION_MGR: creating session with session uuid: '6d04a3e9-ade5-4ab9-8d63-1f78fcd2ec76' and name 'default'
Thu Jan 27 14:58:07 2022: Attempting to start server on port '42375'
Thu Jan 27 14:58:07 2022: XCD main fifo: created main fifo '/tmp/xcdmaind3d0714c-4518-4968-b6ad-86a1e52035e0', fd read = 14
Thu Jan 27 14:58:07 2022: Running Dispatch Server
Thu Jan 27 14:58:07 2022: Version 2.2.0
Thu Jan 27 14:58:16 2022: Dispatch Server: Accepted socket connection from client
Thu Jan 27 14:58:16 2022: Starting Socket connection
Thu Jan 27 14:58:16 2022: EXCHANGE_TOKEN received, server token: d3d0714c-4518-4968-b6ad-86a1e52035e0, passed token: d3d0714c-4518-4968-b6ad-86a1e52035e0
Thu Jan 27 14:58:17 2022: DISPATCH_HANDLER: Adding handler from function makeHandler in library libxv_system_diagram
Thu Jan 27 14:58:17 2022: SESSION_MGR: creating session with session uuid: '24811880-0155-4995-a696-555e09ebf1f5' and name 'cvtcolor_bgr2gray'
Thu Jan 27 14:58:17 2022: KERNEL_SVC: creating session with uuid: '24811880-0155-4995-a696-555e09ebf1f5' and name 'cvtcolor_bgr2gray'
Thu Jan 27 14:58:17 2022: GUIDANCE_SMGR: creating guidance session with uuid: '24811880-0155-4995-a696-555e09ebf1f5' and name 'cvtcolor_bgr2gray'
Thu Jan 27 14:58:17 2022: SYSTEM_DIAGRAM_SMGR: creating diagram session with uuid: '24811880-0155-4995-a696-555e09ebf1f5' and name 'cvtcolor_bgr2gray'
Thu Jan 27 14:58:48 2022: SESSION_MGR: closing session for UUID '24811880-0155-4995-a696-555e09ebf1f5' with name 'cvtcolor_bgr2gray'
Thu Jan 27 14:58:48 2022: KERNEL_SVC: closing session for UUID '24811880-0155-4995-a696-555e09ebf1f5' with name 'cvtcolor_bgr2gray'
Thu Jan 27 14:58:48 2022: GUIDANCE_SMGR: closing session for UUID '24811880-0155-4995-a696-555e09ebf1f5' with name 'cvtcolor_bgr2gray'
Thu Jan 27 14:58:48 2022: SYSTEM_DIAGRAM_SMGR: closing session for UUID '24811880-0155-4995-a696-555e09ebf1f5' with name 'cvtcolor_bgr2gray'
