Thu Jan 27 09:57:14 2022: Running xcd server. This server was built by gradle.
Thu Jan 27 09:57:14 2022: Server was asked to start on port: '36238'
Thu Jan 27 09:57:14 2022: Server is using token UUID: '1efa805a-a617-46a5-954b-47859a1463df'
Thu Jan 27 09:57:14 2022: SESSION_MGR: creating session with session uuid: '6d04a3e9-ade5-4ab9-8d63-1f78fcd2ec76' and name 'default'
Thu Jan 27 09:57:14 2022: Attempting to start server on port '36238'
Thu Jan 27 09:57:14 2022: XCD main fifo: created main fifo '/tmp/xcdmain1efa805a-a617-46a5-954b-47859a1463df', fd read = 14
Thu Jan 27 09:57:14 2022: Running Dispatch Server
Thu Jan 27 09:57:14 2022: Version 2.2.0
Thu Jan 27 09:57:22 2022: Dispatch Server: Accepted socket connection from client
Thu Jan 27 09:57:22 2022: Starting Socket connection
Thu Jan 27 09:57:22 2022: EXCHANGE_TOKEN received, server token: 1efa805a-a617-46a5-954b-47859a1463df, passed token: 1efa805a-a617-46a5-954b-47859a1463df
Thu Jan 27 09:57:23 2022: DISPATCH_HANDLER: Adding handler from function makeHandler in library libxv_system_diagram
Thu Jan 27 09:57:23 2022: SESSION_MGR: creating session with session uuid: 'e06323e3-88d6-4949-94cf-37691d55917e' and name 'tonemapping_accel'
Thu Jan 27 09:57:23 2022: KERNEL_SVC: creating session with uuid: 'e06323e3-88d6-4949-94cf-37691d55917e' and name 'tonemapping_accel'
Thu Jan 27 09:57:23 2022: GUIDANCE_SMGR: creating guidance session with uuid: 'e06323e3-88d6-4949-94cf-37691d55917e' and name 'tonemapping_accel'
Thu Jan 27 09:57:23 2022: SYSTEM_DIAGRAM_SMGR: creating diagram session with uuid: 'e06323e3-88d6-4949-94cf-37691d55917e' and name 'tonemapping_accel'
Thu Jan 27 09:58:16 2022: SESSION_MGR: closing session for UUID 'e06323e3-88d6-4949-94cf-37691d55917e' with name 'tonemapping_accel'
Thu Jan 27 09:58:16 2022: KERNEL_SVC: closing session for UUID 'e06323e3-88d6-4949-94cf-37691d55917e' with name 'tonemapping_accel'
Thu Jan 27 09:58:16 2022: GUIDANCE_SMGR: closing session for UUID 'e06323e3-88d6-4949-94cf-37691d55917e' with name 'tonemapping_accel'
Thu Jan 27 09:58:16 2022: SYSTEM_DIAGRAM_SMGR: closing session for UUID 'e06323e3-88d6-4949-94cf-37691d55917e' with name 'tonemapping_accel'
