==============================================================
Vitis HLS - High-Level Synthesis from C, C++ and OpenCL v2021.1 (64-bit)
Copyright 1986-2021 Xilinx, Inc. All Rights Reserved.
==============================================================
INFO: [HLS 200-1505] Using flow_target 'vitis'
INFO: [HLS 200-435] Setting 'open_solution -flow_target vitis' configuration: config_interface -m_axi_latency=64
INFO: [HLS 200-435] Setting 'open_solution -flow_target vitis' configuration: config_interface -m_axi_alignment_byte_size=64
INFO: [HLS 200-435] Setting 'open_solution -flow_target vitis' configuration: config_interface -m_axi_max_widen_bitwidth=512
INFO: [HLS 200-435] Setting 'open_solution -flow_target vitis' configuration: config_rtl -register_reset_num=3
INFO: [HLS 200-1510] Running: set_part xcvu9p-flgb2104-2-i 
INFO: [HLS 200-1611] Setting target device to 'xcvu9p-flgb2104-2-i'
INFO: [HLS 200-1510] Running: create_clock -period 250.000000MHz -name default 
INFO: [SYN 201-201] Setting up clock 'default' with a period of 4ns.
INFO: [HLS 200-1510] Running: config_rtl -kernel_profile 
INFO: [HLS 200-1510] Running: config_dataflow -strict_mode warning 
INFO: [HLS 200-1510] Running: config_debug -enable 
INFO: [HLS 200-1510] Running: config_export -disable_deadlock_detection=true 
INFO: [HLS 200-1510] Running: config_rtl -m_axi_conservative_mode=1 
WARNING: [HLS 200-483] The 'config_rtl -m_axi_conservative_mode' command is deprecated and will be removed in a future release. Use 'config_interface -m_axi_conservative_mode' as its replacement.
INFO: [HLS 200-1510] Running: config_interface -m_axi_addr64 
INFO: [HLS 200-1510] Running: config_interface -m_axi_auto_max_ports=0 
INFO: [HLS 200-1510] Running: config_export -format ip_catalog -ipname tonemapping_accel 
INFO: [HLS 200-1510] Running: csynth_design -synthesis_check 
INFO: [HLS 200-111] Finished File checks and directory preparation: CPU user time: 0.01 seconds. CPU system time: 0.01 seconds. Elapsed time: 0 seconds; current allocated memory: 108.756 MB.
INFO: [HLS 200-10] Analyzing design file '/home/centos/Documents/vision_project/color_kernels/src/xf_tonemapping_accel.cpp' ... 
WARNING: [HLS 207-5528] Ignore interface attribute or pragma which is not used in top function: /home/centos/Documents/vision_project/color_kernels/src/xf_tonemapping_accel.cpp:66:9
WARNING: [HLS 207-5301] unused parameter 'print': /opt/Xilinx/Vitis_HLS/2021.1/common/technology/autopilot/ap_int_base.h:792:16
WARNING: [HLS 207-5301] unused parameter 'src': /home/centos/Documents/vision_project/color_kernels/libs/xf_opencv/L1/include/common/xf_structs.hpp:506:30
WARNING: [HLS 207-5301] unused parameter '_data': /home/centos/Documents/vision_project/color_kernels/libs/xf_opencv/L1/include/common/xf_structs.hpp:517:30
WARNING: [HLS 207-5301] unused parameter 'index': /home/centos/Documents/vision_project/color_kernels/libs/xf_opencv/L1/include/common/xf_structs.hpp:530:14
WARNING: [HLS 207-5301] unused parameter 'index': /home/centos/Documents/vision_project/color_kernels/libs/xf_opencv/L1/include/common/xf_structs.hpp:541:20
WARNING: [HLS 207-5301] unused parameter 'dst': /home/centos/Documents/vision_project/color_kernels/libs/xf_opencv/L1/include/common/xf_structs.hpp:773:101
WARNING: [HLS 207-5301] unused parameter 'index': /home/centos/Documents/vision_project/color_kernels/libs/xf_opencv/L1/include/common/xf_structs.hpp:1165:102
WARNING: [HLS 207-5301] unused parameter 'index': /home/centos/Documents/vision_project/color_kernels/libs/xf_opencv/L1/include/common/xf_structs.hpp:1471:34
INFO: [HLS 200-111] Finished Source Code Analysis and Preprocessing: CPU user time: 30.18 seconds. CPU system time: 1.42 seconds. Elapsed time: 29.9 seconds; current allocated memory: 109.985 MB.
INFO: [HLS 200-777] Using interface defaults for 'Vitis' flow target.
INFO: [HLS 214-279] Initial Interval estimation mode is set into default.
INFO: [HLS 214-284] Auto array partition mode is set into default.
WARNING: [HLS 214-273] In function 'xf::cv::Mat<10, 676, 1024, 4, 2>::Mat(int, int)', Pragma conflict happens on 'INLINE' and DATAFLOW pragmas: Inline into dataflow region is not suggested (/home/centos/Documents/vision_project/color_kernels/libs/xf_opencv/L1/include/common/xf_structs.hpp:658:0)
WARNING: [HLS 214-273] In function 'xf::cv::Mat<10, 676, 1024, 4, 2>::Mat(int, int)', Pragma conflict happens on 'INLINE' and DATAFLOW pragmas: Inline into dataflow region is not suggested (/home/centos/Documents/vision_project/color_kernels/libs/xf_opencv/L1/include/common/xf_structs.hpp:658:0)
WARNING: [HLS 214-273] In function 'xf::cv::Mat<9, 676, 1024, 4, 2>::Mat(int, int)', Pragma conflict happens on 'INLINE' and DATAFLOW pragmas: Inline into dataflow region is not suggested (/home/centos/Documents/vision_project/color_kernels/libs/xf_opencv/L1/include/common/xf_structs.hpp:658:0)
INFO: [HLS 214-131] Inlining function 'hls::stream<ap_uint<192>, 0>::stream()' into 'hls::stream<ap_uint<192>, 2>::stream()' (/opt/Xilinx/Vitis_HLS/2021.1/common/technology/autopilot/hls_stream_39.h:198:43)
INFO: [HLS 214-131] Inlining function 'hls::stream<ap_uint<192>, 2>::stream()' into 'xf::cv::Mat<10, 676, 1024, 4, 2>::Mat(int, int)' (/home/centos/Documents/vision_project/color_kernels/libs/xf_opencv/L1/include/common/xf_structs.hpp:457:5)
INFO: [HLS 214-131] Inlining function 'xf::cv::Mat<10, 676, 1024, 4, 2>::init(int, int, bool)' into 'xf::cv::Mat<10, 676, 1024, 4, 2>::Mat(int, int)' (/home/centos/Documents/vision_project/color_kernels/libs/xf_opencv/L1/include/common/xf_structs.hpp:663:2)
INFO: [HLS 214-131] Inlining function 'hls::stream<ap_uint<96>, 0>::stream()' into 'hls::stream<ap_uint<96>, 2>::stream()' (/opt/Xilinx/Vitis_HLS/2021.1/common/technology/autopilot/hls_stream_39.h:198:43)
INFO: [HLS 214-131] Inlining function 'hls::stream<ap_uint<96>, 2>::stream()' into 'xf::cv::Mat<9, 676, 1024, 4, 2>::Mat(int, int)' (/home/centos/Documents/vision_project/color_kernels/libs/xf_opencv/L1/include/common/xf_structs.hpp:457:5)
INFO: [HLS 214-131] Inlining function 'xf::cv::Mat<9, 676, 1024, 4, 2>::init(int, int, bool)' into 'xf::cv::Mat<9, 676, 1024, 4, 2>::Mat(int, int)' (/home/centos/Documents/vision_project/color_kernels/libs/xf_opencv/L1/include/common/xf_structs.hpp:663:2)
INFO: [HLS 214-131] Inlining function 'hls::stream<ap_uint<512>, 0>::write(ap_uint<512> const&)' into 'xf::cv::MMIterIn<512, 10, 676, 1024, 4, 2>::Axi2AxiStream(ap_uint<512>*, hls::stream<ap_uint<512>, 0>&, ap_uint<17>&)' (/home/centos/Documents/vision_project/color_kernels/libs/xf_opencv/L1/include/common/xf_structs.hpp:957:7)
INFO: [HLS 214-131] Inlining function 'hls::stream<ap_uint<512>, 0>::read(ap_uint<512>&)' into 'hls::stream<ap_uint<512>, 0>::read()' (/opt/Xilinx/Vitis_HLS/2021.1/common/technology/autopilot/hls_stream_39.h:156:9)
INFO: [HLS 214-131] Inlining function 'hls::stream<ap_uint<192>, 0>::write(ap_uint<192> const&)' into 'void xf::cv::MMIterIn<512, 10, 676, 1024, 4, 2>::AxiStream2MatStream<2>(hls::stream<ap_uint<512>, 0>&, hls::stream<ap_uint<192>, 2>&, int, int, int, int)' (/home/centos/Documents/vision_project/color_kernels/libs/xf_opencv/L1/include/common/xf_structs.hpp:1032:46)
INFO: [HLS 214-131] Inlining function 'hls::stream<ap_uint<512>, 0>::read()' into 'void xf::cv::MMIterIn<512, 10, 676, 1024, 4, 2>::AxiStream2MatStream<2>(hls::stream<ap_uint<512>, 0>&, hls::stream<ap_uint<192>, 2>&, int, int, int, int)' (/home/centos/Documents/vision_project/color_kernels/libs/xf_opencv/L1/include/common/xf_structs.hpp:1016:27)
INFO: [HLS 214-131] Inlining function 'hls::stream<ap_uint<512>, 0>::stream()' into 'xf::cv::MMIterIn<512, 10, 676, 1024, 4, 2>::Axi2Mat(ap_uint<512>*, hls::stream<ap_uint<192>, 2>&, int, int, int)' (/home/centos/Documents/vision_project/color_kernels/libs/xf_opencv/L1/include/common/xf_structs.hpp:1090:35)
INFO: [HLS 214-131] Inlining function 'hls::stream<ap_uint<192>, 0>::read(ap_uint<192>&)' into 'hls::stream<ap_uint<192>, 0>::read()' (/opt/Xilinx/Vitis_HLS/2021.1/common/technology/autopilot/hls_stream_39.h:156:9)
INFO: [HLS 214-131] Inlining function 'hls::stream<ap_uint<192>, 0>::read()' into 'ap_uint<192> xf::cv::Mat<10, 676, 1024, 4, 2>::read<2, (void*)0>(int)' (/home/centos/Documents/vision_project/color_kernels/libs/xf_opencv/L1/include/common/xf_structs.hpp:531:21)
INFO: [HLS 214-131] Inlining function 'hls::stream<ap_uint<192>, 0>::write(ap_uint<192> const&)' into 'void xf::cv::Mat<10, 676, 1024, 4, 2>::write<2, (void*)0>(int, ap_uint<192>)' (/home/centos/Documents/vision_project/color_kernels/libs/xf_opencv/L1/include/common/xf_structs.hpp:542:14)
INFO: [HLS 214-131] Inlining function 'hls::stream<ap_uint<64>, 0>::write(ap_uint<64> const&)' into 'xf::cv::LTM<10, 9, 64, 64, 676, 1024, 4>::getMaxImage(xf::cv::Mat<10, 676, 1024, 4, 2>&, xf::cv::LTMTile<64, 64, 676, 1024, 4>&, xf::cv::Mat<10, 676, 1024, 4, 2>&, hls::stream<ap_uint<64>, 0>&)' (/home/centos/Documents/vision_project/color_kernels/libs/xf_opencv/L1/include/imgproc/xf_ltm.hpp:297:24)
INFO: [HLS 214-131] Inlining function 'hls::stream<ap_uint<64>, 0>::read(ap_uint<64>&)' into 'hls::stream<ap_uint<64>, 0>::read()' (/opt/Xilinx/Vitis_HLS/2021.1/common/technology/autopilot/hls_stream_39.h:156:9)
INFO: [HLS 214-131] Inlining function 'hls::stream<ap_uint<64>, 0>::read()' into 'xf::cv::LTM<10, 9, 64, 64, 676, 1024, 4>::getMinMax(hls::stream<ap_uint<64>, 0>&, int, int, xf::cv::LTMTile<64, 64, 676, 1024, 4>&, ap_uint<16> (*) [17], ap_uint<16> (*) [17])' (/home/centos/Documents/vision_project/color_kernels/libs/xf_opencv/L1/include/imgproc/xf_ltm.hpp:326:88)
INFO: [HLS 214-131] Inlining function 'hls::stream<ap_uint<128>, 0>::write(ap_uint<128> const&)' into 'xf::cv::LTM<10, 9, 64, 64, 676, 1024, 4>::interpolate(ap_uint<16> (*) [17], int, int, xf::cv::LTMTile<64, 64, 676, 1024, 4>&, hls::stream<ap_uint<128>, 0>&)' (/home/centos/Documents/vision_project/color_kernels/libs/xf_opencv/L1/include/imgproc/xf_ltm.hpp:451:32)
INFO: [HLS 214-131] Inlining function 'hls::stream<ap_uint<128>, 0>::read(ap_uint<128>&)' into 'hls::stream<ap_uint<128>, 0>::read()' (/opt/Xilinx/Vitis_HLS/2021.1/common/technology/autopilot/hls_stream_39.h:156:9)
INFO: [HLS 214-131] Inlining function 'hls::stream<ap_uint<96>, 0>::write(ap_uint<96> const&)' into 'void xf::cv::Mat<9, 676, 1024, 4, 2>::write<2, (void*)0>(int, ap_uint<96>)' (/home/centos/Documents/vision_project/color_kernels/libs/xf_opencv/L1/include/common/xf_structs.hpp:542:14)
INFO: [HLS 214-131] Inlining function 'hls::stream<ap_uint<128>, 0>::read()' into 'xf::cv::LTM<10, 9, 64, 64, 676, 1024, 4>::compute(xf::cv::Mat<10, 676, 1024, 4, 2>&, xf::cv::LTMTile<64, 64, 676, 1024, 4>&, hls::stream<ap_uint<128>, 0>&, hls::stream<ap_uint<128>, 0>&, xf::cv::Mat<9, 676, 1024, 4, 2>&)' (/home/centos/Documents/vision_project/color_kernels/libs/xf_opencv/L1/include/imgproc/xf_ltm.hpp:495:108)
INFO: [HLS 214-131] Inlining function 'hls::stream<ap_uint<128>, 0>::read()' into 'xf::cv::LTM<10, 9, 64, 64, 676, 1024, 4>::compute(xf::cv::Mat<10, 676, 1024, 4, 2>&, xf::cv::LTMTile<64, 64, 676, 1024, 4>&, hls::stream<ap_uint<128>, 0>&, hls::stream<ap_uint<128>, 0>&, xf::cv::Mat<9, 676, 1024, 4, 2>&)' (/home/centos/Documents/vision_project/color_kernels/libs/xf_opencv/L1/include/imgproc/xf_ltm.hpp:496:108)
INFO: [HLS 214-131] Inlining function 'xf::cv::Mat<10, 676, 1024, 4, 2>::Mat(int, int)' into 'xf::cv::LTM<10, 9, 64, 64, 676, 1024, 4>::process_i(xf::cv::Mat<10, 676, 1024, 4, 2>&, xf::cv::LTMTile<64, 64, 676, 1024, 4>&, ap_uint<16> (*) [17], ap_uint<16> (*) [17], ap_uint<16> (*) [17], ap_uint<16> (*) [17], xf::cv::Mat<9, 676, 1024, 4, 2>&)' (/home/centos/Documents/vision_project/color_kernels/libs/xf_opencv/L1/include/imgproc/xf_ltm.hpp:550:47)
INFO: [HLS 214-131] Inlining function 'hls::stream<ap_uint<64>, 0>::stream()' into 'xf::cv::LTM<10, 9, 64, 64, 676, 1024, 4>::process_i(xf::cv::Mat<10, 676, 1024, 4, 2>&, xf::cv::LTMTile<64, 64, 676, 1024, 4>&, ap_uint<16> (*) [17], ap_uint<16> (*) [17], ap_uint<16> (*) [17], ap_uint<16> (*) [17], xf::cv::Mat<9, 676, 1024, 4, 2>&)' (/home/centos/Documents/vision_project/color_kernels/libs/xf_opencv/L1/include/imgproc/xf_ltm.hpp:551:96)
INFO: [HLS 214-131] Inlining function 'hls::stream<ap_uint<128>, 0>::stream()' into 'xf::cv::LTM<10, 9, 64, 64, 676, 1024, 4>::process_i(xf::cv::Mat<10, 676, 1024, 4, 2>&, xf::cv::LTMTile<64, 64, 676, 1024, 4>&, ap_uint<16> (*) [17], ap_uint<16> (*) [17], ap_uint<16> (*) [17], ap_uint<16> (*) [17], xf::cv::Mat<9, 676, 1024, 4, 2>&)' (/home/centos/Documents/vision_project/color_kernels/libs/xf_opencv/L1/include/imgproc/xf_ltm.hpp:552:78)
INFO: [HLS 214-131] Inlining function 'hls::stream<ap_uint<128>, 0>::stream()' into 'xf::cv::LTM<10, 9, 64, 64, 676, 1024, 4>::process_i(xf::cv::Mat<10, 676, 1024, 4, 2>&, xf::cv::LTMTile<64, 64, 676, 1024, 4>&, ap_uint<16> (*) [17], ap_uint<16> (*) [17], ap_uint<16> (*) [17], ap_uint<16> (*) [17], xf::cv::Mat<9, 676, 1024, 4, 2>&)' (/home/centos/Documents/vision_project/color_kernels/libs/xf_opencv/L1/include/imgproc/xf_ltm.hpp:553:78)
INFO: [HLS 214-131] Inlining function 'hls::stream<ap_uint<96>, 0>::read(ap_uint<96>&)' into 'hls::stream<ap_uint<96>, 0>::read()' (/opt/Xilinx/Vitis_HLS/2021.1/common/technology/autopilot/hls_stream_39.h:156:9)
INFO: [HLS 214-131] Inlining function 'hls::stream<ap_uint<512>, 0>::write(ap_uint<512> const&)' into 'void xf::cv::MMIterOut<512, 9, 676, 1024, 4, 1, 2>::MatStream2AxiStream<2>(hls::stream<ap_uint<96>, 2>&, hls::stream<ap_uint<512>, 0>&, int, int, int, int)' (/home/centos/Documents/vision_project/color_kernels/libs/xf_opencv/L1/include/common/xf_structs.hpp:1282:18)
INFO: [HLS 214-131] Inlining function 'hls::stream<ap_uint<512>, 0>::write(ap_uint<512> const&)' into 'void xf::cv::MMIterOut<512, 9, 676, 1024, 4, 1, 2>::MatStream2AxiStream<2>(hls::stream<ap_uint<96>, 2>&, hls::stream<ap_uint<512>, 0>&, int, int, int, int)' (/home/centos/Documents/vision_project/color_kernels/libs/xf_opencv/L1/include/common/xf_structs.hpp:1272:26)
INFO: [HLS 214-131] Inlining function 'hls::stream<ap_uint<96>, 0>::read()' into 'void xf::cv::MMIterOut<512, 9, 676, 1024, 4, 1, 2>::MatStream2AxiStream<2>(hls::stream<ap_uint<96>, 2>&, hls::stream<ap_uint<512>, 0>&, int, int, int, int)' (/home/centos/Documents/vision_project/color_kernels/libs/xf_opencv/L1/include/common/xf_structs.hpp:1257:31)
INFO: [HLS 214-131] Inlining function 'hls::stream<ap_uint<512>, 0>::read()' into 'xf::cv::MMIterOut<512, 9, 676, 1024, 4, 1, 2>::AxiStream2Axi(hls::stream<ap_uint<512>, 0>&, ap_uint<512>*, ap_uint<16>&)' (/home/centos/Documents/vision_project/color_kernels/libs/xf_opencv/L1/include/common/xf_structs.hpp:1325:16)
INFO: [HLS 214-131] Inlining function 'hls::stream<ap_uint<512>, 0>::stream()' into 'xf::cv::MMIterOut<512, 9, 676, 1024, 4, 1, 2>::Mat2Axi(hls::stream<ap_uint<96>, 2>&, ap_uint<512>*, int, int, int)' (/home/centos/Documents/vision_project/color_kernels/libs/xf_opencv/L1/include/common/xf_structs.hpp:1361:42)
INFO: [HLS 214-131] Inlining function 'xf::cv::Mat<10, 676, 1024, 4, 2>::Mat(int, int)' into 'tonemapping_accel_i(ap_uint<512>*, ap_uint<512>*, ap_uint<16> (*) [17], ap_uint<16> (*) [17], ap_uint<16> (*) [17], ap_uint<16> (*) [17], int, int, int, int)' (/home/centos/Documents/vision_project/color_kernels/src/xf_tonemapping_accel.cpp:42:43)
INFO: [HLS 214-131] Inlining function 'xf::cv::Mat<9, 676, 1024, 4, 2>::Mat(int, int)' into 'tonemapping_accel_i(ap_uint<512>*, ap_uint<512>*, ap_uint<16> (*) [17], ap_uint<16> (*) [17], ap_uint<16> (*) [17], ap_uint<16> (*) [17], int, int, int, int)' (/home/centos/Documents/vision_project/color_kernels/src/xf_tonemapping_accel.cpp:43:47)
INFO: [HLS 214-178] Inlining function 'xf::cv::MMIterIn<512, 10, 676, 1024, 4, 2>::Array2xfMat(ap_uint<512>*, xf::cv::Mat<10, 676, 1024, 4, 2>&, int)' into 'void xf::cv::Array2xfMat<512, 10, 676, 1024, 4>(ap_uint<512>*, xf::cv::Mat<10, 676, 1024, 4, 2>&, int)' (/home/centos/Documents/vision_project/color_kernels/libs/xf_opencv/L1/include/common/xf_utility.hpp:524:0)
INFO: [HLS 214-178] Inlining function 'ap_uint<16> xf::cv::LTM<10, 9, 64, 64, 676, 1024, 4>::LOW<10, (void*)0>()' into 'xf::cv::LTM<10, 9, 64, 64, 676, 1024, 4>::max(ap_uint<48>)' (/home/centos/Documents/vision_project/color_kernels/libs/xf_opencv/L1/include/imgproc/xf_ltm.hpp:259:0)
INFO: [HLS 214-178] Inlining function 'bool xf::cv::LTM<10, 9, 64, 64, 676, 1024, 4>::is_less<10, (void*)0>(DataType<10, 4>::cname, DataType<10, 4>::cname)' into 'xf::cv::LTM<10, 9, 64, 64, 676, 1024, 4>::max(ap_uint<48>)' (/home/centos/Documents/vision_project/color_kernels/libs/xf_opencv/L1/include/imgproc/xf_ltm.hpp:259:0)
INFO: [HLS 214-178] Inlining function 'xf::cv::LTMTile<64, 64, 676, 1024, 4>::getInputRows()' into 'xf::cv::LTM<10, 9, 64, 64, 676, 1024, 4>::getMaxImage(xf::cv::Mat<10, 676, 1024, 4, 2>&, xf::cv::LTMTile<64, 64, 676, 1024, 4>&, xf::cv::Mat<10, 676, 1024, 4, 2>&, hls::stream<ap_uint<64>, 0>&)' (/home/centos/Documents/vision_project/color_kernels/libs/xf_opencv/L1/include/imgproc/xf_ltm.hpp:273:0)
INFO: [HLS 214-178] Inlining function 'xf::cv::LTMTile<64, 64, 676, 1024, 4>::getInputColsAlignedNPC()' into 'xf::cv::LTM<10, 9, 64, 64, 676, 1024, 4>::getMaxImage(xf::cv::Mat<10, 676, 1024, 4, 2>&, xf::cv::LTMTile<64, 64, 676, 1024, 4>&, xf::cv::Mat<10, 676, 1024, 4, 2>&, hls::stream<ap_uint<64>, 0>&)' (/home/centos/Documents/vision_project/color_kernels/libs/xf_opencv/L1/include/imgproc/xf_ltm.hpp:273:0)
INFO: [HLS 214-178] Inlining function 'ap_uint<192> xf::cv::Mat<10, 676, 1024, 4, 2>::read<2, (void*)0>(int)' into 'xf::cv::LTM<10, 9, 64, 64, 676, 1024, 4>::getMaxImage(xf::cv::Mat<10, 676, 1024, 4, 2>&, xf::cv::LTMTile<64, 64, 676, 1024, 4>&, xf::cv::Mat<10, 676, 1024, 4, 2>&, hls::stream<ap_uint<64>, 0>&)' (/home/centos/Documents/vision_project/color_kernels/libs/xf_opencv/L1/include/imgproc/xf_ltm.hpp:273:0)
INFO: [HLS 214-178] Inlining function 'void xf::cv::Mat<10, 676, 1024, 4, 2>::write<2, (void*)0>(int, ap_uint<192>)' into 'xf::cv::LTM<10, 9, 64, 64, 676, 1024, 4>::getMaxImage(xf::cv::Mat<10, 676, 1024, 4, 2>&, xf::cv::LTMTile<64, 64, 676, 1024, 4>&, xf::cv::Mat<10, 676, 1024, 4, 2>&, hls::stream<ap_uint<64>, 0>&)' (/home/centos/Documents/vision_project/color_kernels/libs/xf_opencv/L1/include/imgproc/xf_ltm.hpp:273:0)
INFO: [HLS 214-178] Inlining function 'xf::cv::LTM<10, 9, 64, 64, 676, 1024, 4>::max(ap_uint<48>)' into 'xf::cv::LTM<10, 9, 64, 64, 676, 1024, 4>::getMaxImage(xf::cv::Mat<10, 676, 1024, 4, 2>&, xf::cv::LTMTile<64, 64, 676, 1024, 4>&, xf::cv::Mat<10, 676, 1024, 4, 2>&, hls::stream<ap_uint<64>, 0>&)' (/home/centos/Documents/vision_project/color_kernels/libs/xf_opencv/L1/include/imgproc/xf_ltm.hpp:273:0)
INFO: [HLS 214-178] Inlining function 'xf::cv::LTMTile<64, 64, 676, 1024, 4>::getInputColsAlignedNPC()' into 'xf::cv::LTM<10, 9, 64, 64, 676, 1024, 4>::getMinMax(hls::stream<ap_uint<64>, 0>&, int, int, xf::cv::LTMTile<64, 64, 676, 1024, 4>&, ap_uint<16> (*) [17], ap_uint<16> (*) [17])' (/home/centos/Documents/vision_project/color_kernels/libs/xf_opencv/L1/include/imgproc/xf_ltm.hpp:307:0)
INFO: [HLS 214-178] Inlining function 'xf::cv::LTMTile<64, 64, 676, 1024, 4>::getHBlkSize(int)' into 'xf::cv::LTM<10, 9, 64, 64, 676, 1024, 4>::getMinMax(hls::stream<ap_uint<64>, 0>&, int, int, xf::cv::LTMTile<64, 64, 676, 1024, 4>&, ap_uint<16> (*) [17], ap_uint<16> (*) [17])' (/home/centos/Documents/vision_project/color_kernels/libs/xf_opencv/L1/include/imgproc/xf_ltm.hpp:307:0)
INFO: [HLS 214-178] Inlining function 'ap_uint<16> xf::cv::LTM<10, 9, 64, 64, 676, 1024, 4>::HIGH<10, (void*)0>()' into 'xf::cv::LTM<10, 9, 64, 64, 676, 1024, 4>::getMinMax(hls::stream<ap_uint<64>, 0>&, int, int, xf::cv::LTMTile<64, 64, 676, 1024, 4>&, ap_uint<16> (*) [17], ap_uint<16> (*) [17])' (/home/centos/Documents/vision_project/color_kernels/libs/xf_opencv/L1/include/imgproc/xf_ltm.hpp:307:0)
INFO: [HLS 214-178] Inlining function 'ap_uint<16> xf::cv::LTM<10, 9, 64, 64, 676, 1024, 4>::LOW<10, (void*)0>()' into 'xf::cv::LTM<10, 9, 64, 64, 676, 1024, 4>::getMinMax(hls::stream<ap_uint<64>, 0>&, int, int, xf::cv::LTMTile<64, 64, 676, 1024, 4>&, ap_uint<16> (*) [17], ap_uint<16> (*) [17])' (/home/centos/Documents/vision_project/color_kernels/libs/xf_opencv/L1/include/imgproc/xf_ltm.hpp:307:0)
INFO: [HLS 214-178] Inlining function 'bool xf::cv::LTM<10, 9, 64, 64, 676, 1024, 4>::is_less<10, (void*)0>(DataType<10, 4>::cname, DataType<10, 4>::cname)' into 'xf::cv::LTM<10, 9, 64, 64, 676, 1024, 4>::getMinMax(hls::stream<ap_uint<64>, 0>&, int, int, xf::cv::LTMTile<64, 64, 676, 1024, 4>&, ap_uint<16> (*) [17], ap_uint<16> (*) [17])' (/home/centos/Documents/vision_project/color_kernels/libs/xf_opencv/L1/include/imgproc/xf_ltm.hpp:307:0)
INFO: [HLS 214-178] Inlining function 'xf::cv::LTMTile<64, 64, 676, 1024, 4>::getVBlkCount()' into 'xf::cv::LTM<10, 9, 64, 64, 676, 1024, 4>::processMinMax(hls::stream<ap_uint<64>, 0>&, xf::cv::LTMTile<64, 64, 676, 1024, 4>&, ap_uint<16> (*) [17], ap_uint<16> (*) [17])' (/home/centos/Documents/vision_project/color_kernels/libs/xf_opencv/L1/include/imgproc/xf_ltm.hpp:373:0)
INFO: [HLS 214-178] Inlining function 'xf::cv::LTMTile<64, 64, 676, 1024, 4>::getMinMaxVBlkSize(int)' into 'xf::cv::LTM<10, 9, 64, 64, 676, 1024, 4>::processMinMax(hls::stream<ap_uint<64>, 0>&, xf::cv::LTMTile<64, 64, 676, 1024, 4>&, ap_uint<16> (*) [17], ap_uint<16> (*) [17])' (/home/centos/Documents/vision_project/color_kernels/libs/xf_opencv/L1/include/imgproc/xf_ltm.hpp:373:0)
INFO: [HLS 214-178] Inlining function 'float xf::cv::LTM<10, 9, 64, 64, 676, 1024, 4>::to_float<10, (void*)0>(DataType<10, 4>::cname&)' into 'DataType<4, 4>::cname xf::cv::LTM<10, 9, 64, 64, 676, 1024, 4>::bilinear<10, 4, (void*)0>(DataType<10, 4>::cname&, DataType<10, 4>::cname&, float, float)' (/home/centos/Documents/vision_project/color_kernels/libs/xf_opencv/L1/include/imgproc/xf_ltm.hpp:402:0)
INFO: [HLS 214-178] Inlining function 'float xf::cv::LTM<10, 9, 64, 64, 676, 1024, 4>::to_float<4, (void*)0>(DataType<4, 4>::cname&)' into 'DataType<4, 4>::cname xf::cv::LTM<10, 9, 64, 64, 676, 1024, 4>::bilinear<4, 4, (void*)0>(DataType<4, 4>::cname&, DataType<4, 4>::cname&, float, float)' (/home/centos/Documents/vision_project/color_kernels/libs/xf_opencv/L1/include/imgproc/xf_ltm.hpp:402:0)
INFO: [HLS 214-178] Inlining function 'xf::cv::LTMTile<64, 64, 676, 1024, 4>::getInputColsAlignedNPC()' into 'xf::cv::LTM<10, 9, 64, 64, 676, 1024, 4>::interpolate(ap_uint<16> (*) [17], int, int, xf::cv::LTMTile<64, 64, 676, 1024, 4>&, hls::stream<ap_uint<128>, 0>&)' (/home/centos/Documents/vision_project/color_kernels/libs/xf_opencv/L1/include/imgproc/xf_ltm.hpp:415:0)
INFO: [HLS 214-178] Inlining function 'xf::cv::LTMTile<64, 64, 676, 1024, 4>::getHBlkSize(int)' into 'xf::cv::LTM<10, 9, 64, 64, 676, 1024, 4>::interpolate(ap_uint<16> (*) [17], int, int, xf::cv::LTMTile<64, 64, 676, 1024, 4>&, hls::stream<ap_uint<128>, 0>&)' (/home/centos/Documents/vision_project/color_kernels/libs/xf_opencv/L1/include/imgproc/xf_ltm.hpp:415:0)
INFO: [HLS 214-178] Inlining function 'DataType<4, 4>::cname xf::cv::LTM<10, 9, 64, 64, 676, 1024, 4>::bilinear<10, 4, (void*)0>(DataType<10, 4>::cname&, DataType<10, 4>::cname&, float, float)' into 'xf::cv::LTM<10, 9, 64, 64, 676, 1024, 4>::interpolate(ap_uint<16> (*) [17], int, int, xf::cv::LTMTile<64, 64, 676, 1024, 4>&, hls::stream<ap_uint<128>, 0>&)' (/home/centos/Documents/vision_project/color_kernels/libs/xf_opencv/L1/include/imgproc/xf_ltm.hpp:415:0)
INFO: [HLS 214-178] Inlining function 'DataType<4, 4>::cname xf::cv::LTM<10, 9, 64, 64, 676, 1024, 4>::bilinear<4, 4, (void*)0>(DataType<4, 4>::cname&, DataType<4, 4>::cname&, float, float)' into 'xf::cv::LTM<10, 9, 64, 64, 676, 1024, 4>::interpolate(ap_uint<16> (*) [17], int, int, xf::cv::LTMTile<64, 64, 676, 1024, 4>&, hls::stream<ap_uint<128>, 0>&)' (/home/centos/Documents/vision_project/color_kernels/libs/xf_opencv/L1/include/imgproc/xf_ltm.hpp:415:0)
INFO: [HLS 214-178] Inlining function 'xf::cv::LTMTile<64, 64, 676, 1024, 4>::getVBlkCount()' into 'xf::cv::LTM<10, 9, 64, 64, 676, 1024, 4>::processInterpolate(ap_uint<16> (*) [17], xf::cv::LTMTile<64, 64, 676, 1024, 4>&, hls::stream<ap_uint<128>, 0>&)' (/home/centos/Documents/vision_project/color_kernels/libs/xf_opencv/L1/include/imgproc/xf_ltm.hpp:458:0)
INFO: [HLS 214-178] Inlining function 'xf::cv::LTMTile<64, 64, 676, 1024, 4>::getVBlkSize(int)' into 'xf::cv::LTM<10, 9, 64, 64, 676, 1024, 4>::processInterpolate(ap_uint<16> (*) [17], xf::cv::LTMTile<64, 64, 676, 1024, 4>&, hls::stream<ap_uint<128>, 0>&)' (/home/centos/Documents/vision_project/color_kernels/libs/xf_opencv/L1/include/imgproc/xf_ltm.hpp:458:0)
INFO: [HLS 214-178] Inlining function 'std::log(float)' into 'xf::cv::LTM<10, 9, 64, 64, 676, 1024, 4>::compute(float, float, float)' (/home/centos/Documents/vision_project/color_kernels/libs/xf_opencv/L1/include/imgproc/xf_ltm.hpp:468:0)
INFO: [HLS 214-178] Inlining function 'xf::cv::LTMTile<64, 64, 676, 1024, 4>::getInputRows()' into 'xf::cv::LTM<10, 9, 64, 64, 676, 1024, 4>::compute(xf::cv::Mat<10, 676, 1024, 4, 2>&, xf::cv::LTMTile<64, 64, 676, 1024, 4>&, hls::stream<ap_uint<128>, 0>&, hls::stream<ap_uint<128>, 0>&, xf::cv::Mat<9, 676, 1024, 4, 2>&)' (/home/centos/Documents/vision_project/color_kernels/libs/xf_opencv/L1/include/imgproc/xf_ltm.hpp:481:0)
