15:22:52 INFO  : Logs will be stored at '/home/centos/Documents/vision_project/IDE.log'.
15:22:54 INFO  : Launching XSCT server: xsct -n  -interactive /home/centos/Documents/vision_project/temp_xsdb_launch_script.tcl
15:22:54 INFO  : Platform repository initialization has completed.
15:22:54 INFO  : Registering command handlers for Vitis TCF services
15:22:58 INFO  : XSCT server has started successfully.
15:22:59 INFO  : Successfully done setting XSCT server connection channel  
15:22:59 INFO  : plnx-install-location is set to ''
15:22:59 INFO  : Successfully done query RDI_DATADIR 
15:22:59 INFO  : Successfully done setting workspace for the tool. 
16:00:51 INFO  : Launching executable: Emulation-SW/threshold ../../data/128x128.png 
16:59:33 INFO  : Launching executable: Emulation-SW/resize ../../data/128x128.png 64 64
17:05:12 INFO  : Build configuration of 'resize_system' is updated to 'Emulation-HW'
17:05:12 INFO  : Build configuration of system project is automatically updated to 'Emulation-HW'.
17:05:12 INFO  : Build configuration of 'resize_system_hw_link' is updated to 'Emulation-HW'
17:05:12 INFO  : Build configuration of 'resize_kernels' is updated to 'Emulation-HW'
17:19:49 INFO  : Launching executable: Emulation-HW/resize ../../data/128x128.png 64 64 
22:29:21 ERROR : (XSDB Server)Terminated

11:43:10 INFO  : Logs will be stored at '/home/centos/Documents/vision_project/IDE.log'.
11:43:14 INFO  : Launching XSCT server: xsct -n  -interactive /home/centos/Documents/vision_project/temp_xsdb_launch_script.tcl
11:43:16 INFO  : Platform repository initialization has completed.
11:43:17 INFO  : Registering command handlers for Vitis TCF services
11:43:20 INFO  : XSCT server has started successfully.
11:43:20 INFO  : Successfully done setting XSCT server connection channel  
11:43:20 INFO  : plnx-install-location is set to ''
11:43:21 INFO  : Successfully done setting workspace for the tool. 
11:43:21 INFO  : Successfully done query RDI_DATADIR 
11:47:55 INFO  : Launching executable: Emulation-SW/py_up ../../data/128x128.png 
11:58:53 INFO  : Launching executable: Emulation-SW/size ../../data/128x128.png 64 64
12:17:23 INFO  : Launching executable: Emulation-SW/size ../../data/128x128.png 64 64
12:58:48 INFO  : Launching executable: Emulation-HW/resize ../../data/128x128.png 64 64 
15:29:45 INFO  : Build configuration of 'resize_system' is updated to 'Emulation-SW'
15:29:45 INFO  : Build configuration of system project is automatically updated to 'Emulation-SW'.
15:29:45 INFO  : Build configuration of 'resize_system_hw_link' is updated to 'Emulation-SW'
15:29:45 INFO  : Build configuration of 'resize_kernels' is updated to 'Emulation-SW'
15:34:35 INFO  : Launching executable: Emulation-SW/resize ../../data/128x128.png 64 64
15:39:02 INFO  : Launching executable: Emulation-SW/resize ../../data/128x128.png 256 256
08:25:16 INFO  : Logs will be stored at '/home/centos/Documents/vision_project/IDE.log'.
08:25:19 INFO  : Launching XSCT server: xsct -n  -interactive /home/centos/Documents/vision_project/temp_xsdb_launch_script.tcl
08:25:22 INFO  : Registering command handlers for Vitis TCF services
08:25:23 INFO  : Platform repository initialization has completed.
08:25:25 INFO  : XSCT server has started successfully.
08:25:25 INFO  : Successfully done setting XSCT server connection channel  
08:25:26 INFO  : Successfully done setting workspace for the tool. 
08:25:26 INFO  : plnx-install-location is set to ''
08:25:26 INFO  : Successfully done query RDI_DATADIR 
09:19:54 INFO  : Launching executable: Emulation-SW/resize ../../data/128x128.png 512 512
10:01:08 INFO  : Launching executable: Emulation-SW/color ../../data/ltm_input_s.png
10:34:50 INFO  : Launching executable: Emulation-SW/correct ../../data/128x128.png 
10:44:03 INFO  : Launching executable: Emulation-SW/correct ../../data/resize_hw.png
10:45:01 INFO  : Launching executable: Emulation-SW/correct ../../data/resize_hw.png
10:45:25 INFO  : Launching executable: Emulation-SW/correct ../../data/128x128.png
11:36:15 INFO  : Launching executable: Emulation-SW/correct ../../data/128x128.png
19:47:36 INFO  : Logs will be stored at '/home/centos/Documents/vision_project/IDE.log'.
19:47:37 INFO  : Launching XSCT server: xsct -n  -interactive /home/centos/Documents/vision_project/temp_xsdb_launch_script.tcl
19:47:41 INFO  : XSCT server has started successfully.
19:47:41 INFO  : Successfully done setting XSCT server connection channel  
19:47:41 INFO  : plnx-install-location is set to ''
19:47:41 INFO  : Successfully done setting workspace for the tool. 
19:47:44 INFO  : Platform repository initialization has completed.
19:47:44 INFO  : Successfully done query RDI_DATADIR 
19:47:45 INFO  : Registering command handlers for Vitis TCF services
19:55:00 INFO  : Launching executable: Emulation-SW/resize ../../data/128x128.png 512 512
19:57:41 INFO  : Launching executable: Emulation-SW/resize ../../data/128x128.png 512 512
20:00:57 INFO  : Launching executable: Emulation-SW/resize ../../data/128x128.png 512 512
09:58:55 INFO  : Logs will be stored at '/home/centos/Documents/vision_project/IDE.log'.
09:58:57 INFO  : Launching XSCT server: xsct -n  -interactive /home/centos/Documents/vision_project/temp_xsdb_launch_script.tcl
09:58:59 INFO  : Platform repository initialization has completed.
09:58:59 INFO  : Registering command handlers for Vitis TCF services
09:59:01 INFO  : XSCT server has started successfully.
09:59:01 INFO  : Successfully done setting XSCT server connection channel  
09:59:01 INFO  : Successfully done query RDI_DATADIR 
09:59:01 INFO  : Successfully done setting workspace for the tool. 
09:59:01 INFO  : plnx-install-location is set to ''
