Thu Jan 27 19:52:49 2022: Running xcd server. This server was built by gradle.
Thu Jan 27 19:52:49 2022: Server was asked to start on port: '44196'
Thu Jan 27 19:52:49 2022: Server is using token UUID: '68c7b520-10d6-4be7-b4ff-441f252d608e'
Thu Jan 27 19:52:49 2022: SESSION_MGR: creating session with session uuid: '6d04a3e9-ade5-4ab9-8d63-1f78fcd2ec76' and name 'default'
Thu Jan 27 19:52:49 2022: Attempting to start server on port '44196'
Thu Jan 27 19:52:49 2022: XCD main fifo: created main fifo '/tmp/xcdmain68c7b520-10d6-4be7-b4ff-441f252d608e', fd read = 14
Thu Jan 27 19:52:49 2022: Running Dispatch Server
Thu Jan 27 19:52:49 2022: Version 2.2.0
Thu Jan 27 19:52:57 2022: Dispatch Server: Accepted socket connection from client
Thu Jan 27 19:52:57 2022: Starting Socket connection
Thu Jan 27 19:52:57 2022: EXCHANGE_TOKEN received, server token: 68c7b520-10d6-4be7-b4ff-441f252d608e, passed token: 68c7b520-10d6-4be7-b4ff-441f252d608e
Thu Jan 27 19:52:59 2022: DISPATCH_HANDLER: Adding handler from function makeHandler in library libxv_system_diagram
Thu Jan 27 19:52:59 2022: SESSION_MGR: creating session with session uuid: '5b46f5b0-9432-42d2-b400-6f0942f97092' and name 'link'
Thu Jan 27 19:52:59 2022: KERNEL_SVC: creating session with uuid: '5b46f5b0-9432-42d2-b400-6f0942f97092' and name 'link'
Thu Jan 27 19:52:59 2022: GUIDANCE_SMGR: creating guidance session with uuid: '5b46f5b0-9432-42d2-b400-6f0942f97092' and name 'link'
Thu Jan 27 19:52:59 2022: SYSTEM_DIAGRAM_SMGR: creating diagram session with uuid: '5b46f5b0-9432-42d2-b400-6f0942f97092' and name 'link'
Thu Jan 27 19:53:18 2022: SESSION_MGR: closing session for UUID '5b46f5b0-9432-42d2-b400-6f0942f97092' with name 'link'
Thu Jan 27 19:53:18 2022: KERNEL_SVC: closing session for UUID '5b46f5b0-9432-42d2-b400-6f0942f97092' with name 'link'
Thu Jan 27 19:53:18 2022: GUIDANCE_SMGR: closing session for UUID '5b46f5b0-9432-42d2-b400-6f0942f97092' with name 'link'
Thu Jan 27 19:53:18 2022: SYSTEM_DIAGRAM_SMGR: closing session for UUID '5b46f5b0-9432-42d2-b400-6f0942f97092' with name 'link'
