14:58:02 **** Build of configuration Emulation-SW for project color_kernels ****
make -j8 all 
/opt/Xilinx/Vitis/2021.1/bin/v++ --target sw_emu --compile -I"../src" --config cvtcolor_bgr2gray-compile.cfg -I/home/centos/Documents/project/color_kernels/libs/xf_opencv/L1/include -I/home/centos/Documents/project/color_kernels/src/build -o"build/cvtcolor_bgr2gray.xo" "../src/xf_cvt_color_accel.cpp"
Option Map File Used: '/opt/Xilinx/Vitis/2021.1/data/vitis/vpp/optMap.xml'

****** v++ v2021.1 (64-bit)
  **** SW Build 3246112 on 2021-06-09-14:19:56
    ** Copyright 1986-2020 Xilinx, Inc. All Rights Reserved.

INFO: [v++ 60-1306] Additional information associated with this v++ compile can be found at:
	Reports: /home/centos/Documents/project/color_kernels/Emulation-SW/build/reports/cvtcolor_bgr2gray
	Log files: /home/centos/Documents/project/color_kernels/Emulation-SW/build/logs/cvtcolor_bgr2gray
Running Dispatch Server on port: 42375
INFO: [v++ 60-1548] Creating build summary session with primary output /home/centos/Documents/project/color_kernels/Emulation-SW/build/cvtcolor_bgr2gray.xo.compile_summary, at Thu Jan 27 14:58:17 2022
INFO: [v++ 60-1316] Initiating connection to rulecheck server, at Thu Jan 27 14:58:17 2022
INFO: [v++ 60-895]   Target platform: /home/centos/aws-fpga/Vitis/aws_platform/xilinx_aws-vu9p-f1_shell-v04261818_201920_2/xilinx_aws-vu9p-f1_shell-v04261818_201920_2.xpfm
INFO: [v++ 60-1578]   This platform contains Xilinx Shell Archive '/home/centos/aws-fpga/Vitis/aws_platform/xilinx_aws-vu9p-f1_shell-v04261818_201920_2/hw/xilinx_aws-vu9p-f1_shell-v04261818_201920_2.xsa'
INFO: [v++ 74-78] Compiler Version string: 2021.1
INFO: [v++ 60-1302] Platform 'xilinx_aws-vu9p-f1_shell-v04261818_201920_2.xpfm' has been explicitly enabled for this release.
INFO: [v++ 60-585] Compiling for software emulation target
INFO: [v++ 60-423]   Target device: xilinx_aws-vu9p-f1_shell-v04261818_201920_2
INFO: [v++ 60-242] Creating kernel: 'cvtcolor_bgr2gray'
INFO: [v++ 60-594] Finished kernel compilation
INFO: [v++ 60-586] Created build/cvtcolor_bgr2gray.xo
INFO: [v++ 60-2343] Use the vitis_analyzer tool to visualize and navigate the relevant reports. Run the following command. 
    vitis_analyzer /home/centos/Documents/project/color_kernels/Emulation-SW/build/cvtcolor_bgr2gray.xo.compile_summary 
INFO: [v++ 60-791] Total elapsed time: 0h 0m 42s
INFO: [v++ 60-1653] Closing dispatch client.

14:58:48 Build Finished (took 45s.305ms)

