15:46:54 **** Incremental Build of configuration Emulation-SW for project resize_system ****
make all 
/opt/Xilinx/Vitis/2021.1/bin/v++ --package --config package.cfg ../../resize_system_hw_link/Emulation-SW/krnl_resize.xclbin -o krnl_resize.xclbin
Option Map File Used: '/opt/Xilinx/Vitis/2021.1/data/vitis/vpp/optMap.xml'

****** v++ v2021.1 (64-bit)
  **** SW Build 3246112 on 2021-06-09-14:19:56
    ** Copyright 1986-2020 Xilinx, Inc. All Rights Reserved.

INFO: [v++ 60-1306] Additional information associated with this v++ package can be found at:
	Reports: /home/centos/Documents/project/resize_system/Emulation-SW/package.build/reports/package
	Log files: /home/centos/Documents/project/resize_system/Emulation-SW/package.build/logs/package
Running Dispatch Server on port: 34774
INFO: [v++ 60-1548] Creating build summary session with primary output /home/centos/Documents/project/resize_system/Emulation-SW/krnl_resize.xclbin.package_summary, at Thu Jan 27 15:47:07 2022
INFO: [v++ 60-1316] Initiating connection to rulecheck server, at Thu Jan 27 15:47:07 2022
Running Rule Check Server on port:46454
INFO: [v++ 60-1315] Creating rulecheck session with output '/home/centos/Documents/project/resize_system/Emulation-SW/package.build/reports/package/v++_package_krnl_resize_guidance.html', at Thu Jan 27 15:47:09 2022
INFO: [v++ 60-895]   Target platform: /home/centos/aws-fpga/Vitis/aws_platform/xilinx_aws-vu9p-f1_shell-v04261818_201920_2/xilinx_aws-vu9p-f1_shell-v04261818_201920_2.xpfm
INFO: [v++ 60-1578]   This platform contains Xilinx Shell Archive '/home/centos/aws-fpga/Vitis/aws_platform/xilinx_aws-vu9p-f1_shell-v04261818_201920_2/hw/xilinx_aws-vu9p-f1_shell-v04261818_201920_2.xsa'
INFO: [v++ 74-78] Compiler Version string: 2021.1
INFO: [v++ 60-1302] Platform 'xilinx_aws-vu9p-f1_shell-v04261818_201920_2.xpfm' has been explicitly enabled for this release.
INFO: [v++ 60-2256] Packaging for software emulation
WARNING: [v++ 60-2246] Failed to find System Metadata section in /home/centos/Documents/project/resize_system/Emulation-SW/../../resize_system_hw_link/Emulation-SW/krnl_resize.xclbin
INFO: [v++ 60-2343] Use the vitis_analyzer tool to visualize and navigate the relevant reports. Run the following command. 
    vitis_analyzer /home/centos/Documents/project/resize_system/Emulation-SW/krnl_resize.xclbin.package_summary 
INFO: [v++ 60-791] Total elapsed time: 0h 0m 17s
INFO: [v++ 60-1653] Closing dispatch client.
cp -f krnl_resize.xclbin ../../resize/Emulation-SW

15:47:14 Build Finished (took 20s.561ms)

