10:36:20 **** Build of configuration Emulation-SW for project resize_kernels ****
make -j8 all 
/opt/Xilinx/Vitis/2021.1/bin/v++ --target sw_emu --compile -I"../src" --config resize_accel-compile.cfg -I/home/centos/Documents/project/resize_kernels/libs/xf_opencv/L1/include -I/home/centos/Documents/project/resize_kernels/src/build -o"build/resize_accel.xo" "../src/xf_resize_accel.cpp"
Option Map File Used: '/opt/Xilinx/Vitis/2021.1/data/vitis/vpp/optMap.xml'

****** v++ v2021.1 (64-bit)
  **** SW Build 3246112 on 2021-06-09-14:19:56
    ** Copyright 1986-2020 Xilinx, Inc. All Rights Reserved.

INFO: [v++ 60-1306] Additional information associated with this v++ compile can be found at:
	Reports: /home/centos/Documents/project/resize_kernels/Emulation-SW/build/reports/resize_accel
	Log files: /home/centos/Documents/project/resize_kernels/Emulation-SW/build/logs/resize_accel
Running Dispatch Server on port: 41651
INFO: [v++ 60-1548] Creating build summary session with primary output /home/centos/Documents/project/resize_kernels/Emulation-SW/build/resize_accel.xo.compile_summary, at Fri Jan 28 10:36:34 2022
INFO: [v++ 60-1316] Initiating connection to rulecheck server, at Fri Jan 28 10:36:34 2022
INFO: [v++ 60-895]   Target platform: /home/centos/aws-fpga/Vitis/aws_platform/xilinx_aws-vu9p-f1_shell-v04261818_201920_2/xilinx_aws-vu9p-f1_shell-v04261818_201920_2.xpfm
INFO: [v++ 60-1578]   This platform contains Xilinx Shell Archive '/home/centos/aws-fpga/Vitis/aws_platform/xilinx_aws-vu9p-f1_shell-v04261818_201920_2/hw/xilinx_aws-vu9p-f1_shell-v04261818_201920_2.xsa'
INFO: [v++ 74-78] Compiler Version string: 2021.1
INFO: [v++ 60-1302] Platform 'xilinx_aws-vu9p-f1_shell-v04261818_201920_2.xpfm' has been explicitly enabled for this release.
INFO: [v++ 60-585] Compiling for software emulation target
INFO: [v++ 60-423]   Target device: xilinx_aws-vu9p-f1_shell-v04261818_201920_2
INFO: [v++ 60-242] Creating kernel: 'resize_accel'

===>The following messages were generated while  performing high-level synthesis for kernel: resize_accel Log file: /home/centos/Documents/project/resize_kernels/Emulation-SW/build/resize_accel/resize_accel/vitis_hls.log :
ERROR: [v++ 207-3334] no matching function for call to 'Threshold': /home/centos/Documents/project/resize_kernels/src/xf_resize_accel.cpp:59:5
ERROR: [v++ 60-300] Failed to build kernel(ip) resize_accel, see log for details: /home/centos/Documents/project/resize_kernels/Emulation-SW/build/resize_accel/resize_accel/vitis_hls.log
ERROR: [v++ 60-773] In '/home/centos/Documents/project/resize_kernels/Emulation-SW/build/resize_accel/resize_accel/vitis_hls.log', caught Tcl error: ERROR: [HLS 207-3334] no matching function for call to 'Threshold': /home/centos/Documents/project/resize_kernels/src/xf_resize_accel.cpp:59:5
ERROR: [v++ 60-599] Kernel compilation failed to complete
ERROR: [v++ 60-592] Failed to finish compilation
INFO: [v++ 60-1653] Closing dispatch client.
make: *** [build/resize_accel.xo] Error 1

10:36:50 Build Finished (took 29s.944ms)

