11:41:08 INFO  : Logs will be stored at '/home/centos/Documents/project/IDE.log'.
11:41:09 INFO  : Launching XSCT server: xsct -n  -interactive /home/centos/Documents/project/temp_xsdb_launch_script.tcl
11:41:10 INFO  : Platform repository initialization has completed.
11:41:10 INFO  : Registering command handlers for Vitis TCF services
11:41:13 INFO  : XSCT server has started successfully.
11:41:14 INFO  : plnx-install-location is set to ''
11:41:14 INFO  : Successfully done setting XSCT server connection channel  
11:41:14 INFO  : Successfully done setting workspace for the tool. 
11:41:14 INFO  : Successfully done query RDI_DATADIR 
11:46:49 INFO  : Launching executable: Emulation-SW/resize ../../data/128x128.png 512 512
12:04:32 INFO  : Launching executable: Emulation-SW/correct ../../data/128x128.png 
12:08:22 INFO  : Launching executable: Emulation-SW/correct ../../data/128x128.png 
12:15:01 INFO  : Launching executable: Emulation-SW/correct ../../data/128x128.png 
12:17:40 INFO  : Launching executable: Emulation-SW/correct ../../data/128x128.png 
12:19:06 INFO  : Launching executable: Emulation-SW/correct ../../data/128x128.png 
12:19:18 INFO  : Launching executable: Emulation-SW/correct ../../data/128x128.png 
12:20:15 INFO  : Launching executable: Emulation-SW/correct ../../data/128x128.png 
12:21:16 INFO  : Launching executable: Emulation-SW/correct ../../data/128x128.png 
12:22:40 INFO  : Launching executable: Emulation-SW/correct ../../data/128x128.png 
15:00:52 INFO  : Launching executable: Emulation-SW/color ../../data/input.jpg ../../data/ref_Y.png ../../data/ref_U.png ../../data/ref_V.png
15:09:11 INFO  : Launching executable: Emulation-SW/color ../../data/input.jpg ../../data/ref_Y.png ../../data/ref_U.png ../../data/ref_V.png
15:47:37 INFO  : Launching executable: Emulation-SW/resize ../../data/128x128.png 512 512
15:58:31 INFO  : Launching executable: Emulation-SW/resize ../../data/128x128.png 512 512
16:19:26 INFO  : Launching executable: Emulation-SW/resize ../../data/128x128.png 512 512
01:08:42 ERROR : (XSDB Server)Terminated

09:48:53 INFO  : Logs will be stored at '/home/centos/Documents/project/IDE.log'.
09:48:57 INFO  : Launching XSCT server: xsct -n  -interactive /home/centos/Documents/project/temp_xsdb_launch_script.tcl
09:49:00 INFO  : Platform repository initialization has completed.
09:49:01 INFO  : Registering command handlers for Vitis TCF services
09:49:02 INFO  : XSCT server has started successfully.
09:49:02 INFO  : plnx-install-location is set to ''
09:49:04 INFO  : Successfully done setting XSCT server connection channel  
09:49:04 INFO  : Successfully done query RDI_DATADIR 
09:49:04 INFO  : Successfully done setting workspace for the tool. 
