Thu Jan 27 12:02:59 2022: Running xcd server. This server was built by gradle.
Thu Jan 27 12:02:59 2022: Server was asked to start on port: '43485'
Thu Jan 27 12:02:59 2022: Server is using token UUID: '0cdb1eec-ebae-4b76-b09e-5bd741c3f43b'
Thu Jan 27 12:02:59 2022: SESSION_MGR: creating session with session uuid: '6d04a3e9-ade5-4ab9-8d63-1f78fcd2ec76' and name 'default'
Thu Jan 27 12:02:59 2022: Attempting to start server on port '43485'
Thu Jan 27 12:02:59 2022: XCD main fifo: created main fifo '/tmp/xcdmain0cdb1eec-ebae-4b76-b09e-5bd741c3f43b', fd read = 14
Thu Jan 27 12:02:59 2022: Running Dispatch Server
Thu Jan 27 12:02:59 2022: Version 2.2.0
Thu Jan 27 12:03:07 2022: Dispatch Server: Accepted socket connection from client
Thu Jan 27 12:03:07 2022: Starting Socket connection
Thu Jan 27 12:03:07 2022: EXCHANGE_TOKEN received, server token: 0cdb1eec-ebae-4b76-b09e-5bd741c3f43b, passed token: 0cdb1eec-ebae-4b76-b09e-5bd741c3f43b
Thu Jan 27 12:03:09 2022: DISPATCH_HANDLER: Adding handler from function makeHandler in library libxv_system_diagram
Thu Jan 27 12:03:09 2022: SESSION_MGR: creating session with session uuid: 'f2746ec1-1120-4978-8e13-c93eabfbe91f' and name 'convertbitdepth'
Thu Jan 27 12:03:09 2022: KERNEL_SVC: creating session with uuid: 'f2746ec1-1120-4978-8e13-c93eabfbe91f' and name 'convertbitdepth'
Thu Jan 27 12:03:09 2022: GUIDANCE_SMGR: creating guidance session with uuid: 'f2746ec1-1120-4978-8e13-c93eabfbe91f' and name 'convertbitdepth'
Thu Jan 27 12:03:09 2022: SYSTEM_DIAGRAM_SMGR: creating diagram session with uuid: 'f2746ec1-1120-4978-8e13-c93eabfbe91f' and name 'convertbitdepth'
Thu Jan 27 12:03:29 2022: SESSION_MGR: closing session for UUID 'f2746ec1-1120-4978-8e13-c93eabfbe91f' with name 'convertbitdepth'
Thu Jan 27 12:03:29 2022: KERNEL_SVC: closing session for UUID 'f2746ec1-1120-4978-8e13-c93eabfbe91f' with name 'convertbitdepth'
Thu Jan 27 12:03:29 2022: GUIDANCE_SMGR: closing session for UUID 'f2746ec1-1120-4978-8e13-c93eabfbe91f' with name 'convertbitdepth'
Thu Jan 27 12:03:29 2022: SYSTEM_DIAGRAM_SMGR: closing session for UUID 'f2746ec1-1120-4978-8e13-c93eabfbe91f' with name 'convertbitdepth'
