Tue Jan 25 15:56:37 2022: Running xcd server. This server was built by gradle.
Tue Jan 25 15:56:37 2022: Server was asked to start on port: '43728'
Tue Jan 25 15:56:37 2022: Server is using token UUID: '94c02a1b-3042-4598-9bbb-6be4b8f8add0'
Tue Jan 25 15:56:37 2022: SESSION_MGR: creating session with session uuid: '6d04a3e9-ade5-4ab9-8d63-1f78fcd2ec76' and name 'default'
Tue Jan 25 15:56:37 2022: Attempting to start server on port '43728'
Tue Jan 25 15:56:37 2022: XCD main fifo: created main fifo '/tmp/xcdmain94c02a1b-3042-4598-9bbb-6be4b8f8add0', fd read = 14
Tue Jan 25 15:56:37 2022: Running Dispatch Server
Tue Jan 25 15:56:37 2022: Version 2.2.0
Tue Jan 25 15:56:45 2022: Dispatch Server: Accepted socket connection from client
Tue Jan 25 15:56:45 2022: Starting Socket connection
Tue Jan 25 15:56:45 2022: EXCHANGE_TOKEN received, server token: 94c02a1b-3042-4598-9bbb-6be4b8f8add0, passed token: 94c02a1b-3042-4598-9bbb-6be4b8f8add0
Tue Jan 25 15:56:46 2022: DISPATCH_HANDLER: Adding handler from function makeHandler in library libxv_system_diagram
Tue Jan 25 15:56:46 2022: SESSION_MGR: creating session with session uuid: '941d67ae-ae4a-4aed-80bf-59fa5a94965d' and name 'link'
Tue Jan 25 15:56:46 2022: KERNEL_SVC: creating session with uuid: '941d67ae-ae4a-4aed-80bf-59fa5a94965d' and name 'link'
Tue Jan 25 15:56:46 2022: GUIDANCE_SMGR: creating guidance session with uuid: '941d67ae-ae4a-4aed-80bf-59fa5a94965d' and name 'link'
Tue Jan 25 15:56:46 2022: SYSTEM_DIAGRAM_SMGR: creating diagram session with uuid: '941d67ae-ae4a-4aed-80bf-59fa5a94965d' and name 'link'
Tue Jan 25 15:56:58 2022: SESSION_MGR: closing session for UUID '941d67ae-ae4a-4aed-80bf-59fa5a94965d' with name 'link'
Tue Jan 25 15:56:58 2022: KERNEL_SVC: closing session for UUID '941d67ae-ae4a-4aed-80bf-59fa5a94965d' with name 'link'
Tue Jan 25 15:56:58 2022: GUIDANCE_SMGR: closing session for UUID '941d67ae-ae4a-4aed-80bf-59fa5a94965d' with name 'link'
Tue Jan 25 15:56:58 2022: SYSTEM_DIAGRAM_SMGR: closing session for UUID '941d67ae-ae4a-4aed-80bf-59fa5a94965d' with name 'link'
