Thu Jan 27 11:43:53 2022: Running xcd server. This server was built by gradle.
Thu Jan 27 11:43:53 2022: Server was asked to start on port: '45382'
Thu Jan 27 11:43:53 2022: Server is using token UUID: '648a5409-dca4-4349-83bb-83c24a5b39f5'
Thu Jan 27 11:43:53 2022: SESSION_MGR: creating session with session uuid: '6d04a3e9-ade5-4ab9-8d63-1f78fcd2ec76' and name 'default'
Thu Jan 27 11:43:53 2022: Attempting to start server on port '45382'
Thu Jan 27 11:43:53 2022: XCD main fifo: created main fifo '/tmp/xcdmain648a5409-dca4-4349-83bb-83c24a5b39f5', fd read = 14
Thu Jan 27 11:43:53 2022: Running Dispatch Server
Thu Jan 27 11:43:53 2022: Version 2.2.0
Thu Jan 27 11:44:02 2022: Dispatch Server: Accepted socket connection from client
Thu Jan 27 11:44:02 2022: Starting Socket connection
Thu Jan 27 11:44:02 2022: EXCHANGE_TOKEN received, server token: 648a5409-dca4-4349-83bb-83c24a5b39f5, passed token: 648a5409-dca4-4349-83bb-83c24a5b39f5
Thu Jan 27 11:44:03 2022: DISPATCH_HANDLER: Adding handler from function makeHandler in library libxv_system_diagram
Thu Jan 27 11:44:03 2022: SESSION_MGR: creating session with session uuid: 'b6a6862d-92dc-459a-9976-c747982ae12a' and name 'link'
Thu Jan 27 11:44:03 2022: KERNEL_SVC: creating session with uuid: 'b6a6862d-92dc-459a-9976-c747982ae12a' and name 'link'
Thu Jan 27 11:44:03 2022: GUIDANCE_SMGR: creating guidance session with uuid: 'b6a6862d-92dc-459a-9976-c747982ae12a' and name 'link'
Thu Jan 27 11:44:03 2022: SYSTEM_DIAGRAM_SMGR: creating diagram session with uuid: 'b6a6862d-92dc-459a-9976-c747982ae12a' and name 'link'
Thu Jan 27 11:44:21 2022: SESSION_MGR: closing session for UUID 'b6a6862d-92dc-459a-9976-c747982ae12a' with name 'link'
Thu Jan 27 11:44:21 2022: KERNEL_SVC: closing session for UUID 'b6a6862d-92dc-459a-9976-c747982ae12a' with name 'link'
Thu Jan 27 11:44:21 2022: GUIDANCE_SMGR: closing session for UUID 'b6a6862d-92dc-459a-9976-c747982ae12a' with name 'link'
Thu Jan 27 11:44:21 2022: SYSTEM_DIAGRAM_SMGR: closing session for UUID 'b6a6862d-92dc-459a-9976-c747982ae12a' with name 'link'
