==============================================================
Vitis HLS - High-Level Synthesis from C, C++ and OpenCL v2021.1 (64-bit)
Copyright 1986-2021 Xilinx, Inc. All Rights Reserved.
==============================================================
INFO: [HLS 200-1505] Using flow_target 'vitis'
INFO: [HLS 200-435] Setting 'open_solution -flow_target vitis' configuration: config_interface -m_axi_latency=64
INFO: [HLS 200-435] Setting 'open_solution -flow_target vitis' configuration: config_interface -m_axi_alignment_byte_size=64
INFO: [HLS 200-435] Setting 'open_solution -flow_target vitis' configuration: config_interface -m_axi_max_widen_bitwidth=512
INFO: [HLS 200-435] Setting 'open_solution -flow_target vitis' configuration: config_rtl -register_reset_num=3
INFO: [HLS 200-1510] Running: set_part xcvu9p-flgb2104-2-i 
INFO: [HLS 200-1611] Setting target device to 'xcvu9p-flgb2104-2-i'
INFO: [HLS 200-1510] Running: create_clock -period 250.000000MHz -name default 
INFO: [SYN 201-201] Setting up clock 'default' with a period of 4ns.
INFO: [HLS 200-1510] Running: config_rtl -kernel_profile 
INFO: [HLS 200-1510] Running: config_dataflow -strict_mode warning 
INFO: [HLS 200-1510] Running: config_debug -enable 
INFO: [HLS 200-1510] Running: config_export -disable_deadlock_detection=true 
INFO: [HLS 200-1510] Running: config_rtl -m_axi_conservative_mode=1 
WARNING: [HLS 200-483] The 'config_rtl -m_axi_conservative_mode' command is deprecated and will be removed in a future release. Use 'config_interface -m_axi_conservative_mode' as its replacement.
INFO: [HLS 200-1510] Running: config_interface -m_axi_addr64 
INFO: [HLS 200-1510] Running: config_interface -m_axi_auto_max_ports=0 
INFO: [HLS 200-1510] Running: config_export -format ip_catalog -ipname resize_accel 
INFO: [HLS 200-1510] Running: csynth_design -synthesis_check 
INFO: [HLS 200-111] Finished File checks and directory preparation: CPU user time: 0.01 seconds. CPU system time: 0.01 seconds. Elapsed time: 0.01 seconds; current allocated memory: 108.770 MB.
INFO: [HLS 200-10] Analyzing design file '/home/centos/Documents/project/resize_kernels/src/xf_resize_accel.cpp' ... 
ERROR: [HLS 207-3334] no matching function for call to 'Threshold': /home/centos/Documents/project/resize_kernels/src/xf_resize_accel.cpp:59:5
INFO: [HLS 207-4373] candidate function not viable: no known conversion from 'xf::cv::Mat<XF_8UC1, 1080, 1920, XF_NPPC1>' to 'xf::cv::Mat<0, 2160, 3840, 1> &' for 1st argument: /home/centos/Documents/project/resize_kernels/libs/xf_opencv/L1/include/imgproc/xf_threshold.hpp:106:6
WARNING: [HLS 207-5528] Ignore interface attribute or pragma which is not used in top function: /home/centos/Documents/project/resize_kernels/src/xf_resize_accel.cpp:38:9
WARNING: [HLS 207-5177] shift count is negative: /opt/Xilinx/Vitis_HLS/2021.1/common/technology/autopilot/ap_fixed_base.h:889:13
INFO: [HLS 207-4521] in instantiation of member function 'ap_fixed_base<53, 21, true, AP_TRN, AP_WRAP, 0>::to_ap_int_base' requested here: /opt/Xilinx/Vitis_HLS/2021.1/common/technology/autopilot/ap_int_base.h:392:18
INFO: [HLS 207-4230] in instantiation of function template specialization 'ap_int_base<17, false>::ap_int_base<53, 21, true, AP_TRN, AP_WRAP, 0>' requested here: /opt/Xilinx/Vitis_HLS/2021.1/common/technology/autopilot/ap_int.h:261:9
INFO: [HLS 207-4230] in instantiation of function template specialization 'ap_uint<17>::ap_uint<53, 21, AP_TRN, AP_WRAP, 0>' requested here: /home/centos/Documents/project/resize_kernels/libs/xf_opencv/L1/include/imgproc/xf_resize_nn_bilinear.hpp:233:22
INFO: [HLS 207-4230] in instantiation of function template specialization 'computeInterpolation<1, 42, 20, 17, 48, 16, 48, 16, 1>' requested here: /home/centos/Documents/project/resize_kernels/libs/xf_opencv/L1/include/imgproc/xf_resize_nn_bilinear.hpp:398:13
INFO: [HLS 207-4230] in instantiation of function template specialization 'resizeNNBilinear<0, 2160, 3840, 1, 1080, 1920, 1, 2>' requested here: /home/centos/Documents/project/resize_kernels/libs/xf_opencv/L1/include/imgproc/xf_resize.hpp:68:9
INFO: [HLS 207-4230] in instantiation of function template specialization 'xf::cv::resize<1, 0, 2160, 3840, 1080, 1920, 1, 2>' requested here: /home/centos/Documents/project/resize_kernels/src/xf_resize_accel.cpp:58:13
WARNING: [HLS 207-5177] shift count is negative: /opt/Xilinx/Vitis_HLS/2021.1/common/technology/autopilot/ap_fixed_base.h:889:13
INFO: [HLS 207-4521] in instantiation of member function 'ap_fixed_base<42, 20, true, AP_TRN, AP_WRAP, 0>::to_ap_int_base' requested here: /opt/Xilinx/Vitis_HLS/2021.1/common/technology/autopilot/ap_int_base.h:392:18
INFO: [HLS 207-4230] in instantiation of function template specialization 'ap_int_base<17, false>::ap_int_base<42, 20, true, AP_TRN, AP_WRAP, 0>' requested here: /opt/Xilinx/Vitis_HLS/2021.1/common/technology/autopilot/ap_int.h:261:9
INFO: [HLS 207-4230] in instantiation of function template specialization 'ap_uint<17>::ap_uint<42, 20, AP_TRN, AP_WRAP, 0>' requested here: /home/centos/Documents/project/resize_kernels/libs/xf_opencv/L1/include/imgproc/xf_resize_nn_bilinear.hpp:234:18
INFO: [HLS 207-4230] in instantiation of function template specialization 'computeInterpolation<1, 42, 20, 17, 48, 16, 48, 16, 1>' requested here: /home/centos/Documents/project/resize_kernels/libs/xf_opencv/L1/include/imgproc/xf_resize_nn_bilinear.hpp:398:13
INFO: [HLS 207-4230] in instantiation of function template specialization 'resizeNNBilinear<0, 2160, 3840, 1, 1080, 1920, 1, 2>' requested here: /home/centos/Documents/project/resize_kernels/libs/xf_opencv/L1/include/imgproc/xf_resize.hpp:68:9
INFO: [HLS 207-4230] in instantiation of function template specialization 'xf::cv::resize<1, 0, 2160, 3840, 1080, 1920, 1, 2>' requested here: /home/centos/Documents/project/resize_kernels/src/xf_resize_accel.cpp:58:13
WARNING: [HLS 207-5177] shift count is negative: /opt/Xilinx/Vitis_HLS/2021.1/common/technology/autopilot/ap_fixed_base.h:889:13
INFO: [HLS 207-4521] in instantiation of member function 'ap_fixed_base<43, 21, true, AP_TRN, AP_WRAP, 0>::to_ap_int_base' requested here: /opt/Xilinx/Vitis_HLS/2021.1/common/technology/autopilot/ap_int_base.h:392:18
INFO: [HLS 207-4230] in instantiation of function template specialization 'ap_int_base<17, false>::ap_int_base<43, 21, true, AP_TRN, AP_WRAP, 0>' requested here: /opt/Xilinx/Vitis_HLS/2021.1/common/technology/autopilot/ap_int.h:261:9
INFO: [HLS 207-4230] in instantiation of function template specialization 'ap_uint<17>::ap_uint<43, 21, AP_TRN, AP_WRAP, 0>' requested here: /home/centos/Documents/project/resize_kernels/libs/xf_opencv/L1/include/imgproc/xf_resize_nn_bilinear.hpp:237:22
INFO: [HLS 207-4230] in instantiation of function template specialization 'computeInterpolation<1, 42, 20, 17, 48, 16, 48, 16, 1>' requested here: /home/centos/Documents/project/resize_kernels/libs/xf_opencv/L1/include/imgproc/xf_resize_nn_bilinear.hpp:398:13
INFO: [HLS 207-4230] in instantiation of function template specialization 'resizeNNBilinear<0, 2160, 3840, 1, 1080, 1920, 1, 2>' requested here: /home/centos/Documents/project/resize_kernels/libs/xf_opencv/L1/include/imgproc/xf_resize.hpp:68:9
INFO: [HLS 207-4230] in instantiation of function template specialization 'xf::cv::resize<1, 0, 2160, 3840, 1080, 1920, 1, 2>' requested here: /home/centos/Documents/project/resize_kernels/src/xf_resize_accel.cpp:58:13
WARNING: [HLS 207-5177] shift count is negative: /opt/Xilinx/Vitis_HLS/2021.1/common/technology/autopilot/ap_fixed_base.h:889:13
INFO: [HLS 207-4521] in instantiation of member function 'ap_fixed_base<32, 22, true, AP_TRN, AP_WRAP, 0>::to_ap_int_base' requested here: /opt/Xilinx/Vitis_HLS/2021.1/common/technology/autopilot/ap_int_base.h:392:18
INFO: [HLS 207-4230] in instantiation of function template specialization 'ap_int_base<8, false>::ap_int_base<32, 22, true, AP_TRN, AP_WRAP, 0>' requested here: /opt/Xilinx/Vitis_HLS/2021.1/common/technology/autopilot/ap_int.h:261:9
INFO: [HLS 207-4230] in instantiation of function template specialization 'ap_uint<8>::ap_uint<32, 22, AP_TRN, AP_WRAP, 0>' requested here: /home/centos/Documents/project/resize_kernels/libs/xf_opencv/L1/include/imgproc/xf_resize_nn_bilinear.hpp:57:17
INFO: [HLS 207-4230] in instantiation of function template specialization 'interpolatePixel<0, 1, 1>' requested here: /home/centos/Documents/project/resize_kernels/libs/xf_opencv/L1/include/imgproc/xf_resize_nn_bilinear.hpp:140:13
