
****** Vitis HLS - High-Level Synthesis from C, C++ and OpenCL v2021.1 (64-bit)
  **** SW Build 3247384 on Thu Jun 10 19:36:07 MDT 2021
  **** IP Build 3246043 on Fri Jun 11 00:30:35 MDT 2021
    ** Copyright 1986-2021 Xilinx, Inc. All Rights Reserved.

source /opt/Xilinx/Vitis_HLS/2021.1/scripts/vitis_hls/hls.tcl -notrace
INFO: Applying HLS Y2K22 patch v1.2 for IP revision
INFO: [HLS 200-10] Running '/opt/Xilinx/Vitis_HLS/2021.1/bin/unwrapped/lnx64.o/vitis_hls'
INFO: [HLS 200-10] For user 'centos' on host 'ip-172-31-93-60.ec2.internal' (Linux_x86_64 version 3.10.0-1160.31.1.el7.x86_64) on Thu Jan 27 12:03:17 UTC 2022
INFO: [HLS 200-10] On os "CentOS Linux release 7.9.2009 (Core)"
INFO: [HLS 200-10] In directory '/home/centos/Documents/project/correct_kernels/Emulation-SW/build/convertbitdepth/convertbitdepth'
Sourcing Tcl script 'convertbitdepth.tcl'
INFO: [HLS 200-1510] Running: open_project convertbitdepth 
INFO: [HLS 200-10] Creating and opening project '/home/centos/Documents/project/correct_kernels/Emulation-SW/build/convertbitdepth/convertbitdepth/convertbitdepth'.
INFO: [HLS 200-1510] Running: set_top convertbitdepth 
INFO: [HLS 200-1510] Running: add_files /home/centos/Documents/project/correct_kernels/src/xf_convertbitdepth_accel.cpp -cflags  -g -I /home/centos/Documents/project/correct_kernels/src -I /home/centos/Documents/project/correct_kernels/libs/xf_opencv/L1/include -I /home/centos/Documents/project/correct_kernels/src/build  
INFO: [HLS 200-10] Adding design file '/home/centos/Documents/project/correct_kernels/src/xf_convertbitdepth_accel.cpp' to the project
INFO: [HLS 200-1510] Running: open_solution -flow_target vitis solution 
INFO: [HLS 200-10] Creating and opening solution '/home/centos/Documents/project/correct_kernels/Emulation-SW/build/convertbitdepth/convertbitdepth/convertbitdepth/solution'.
INFO: [HLS 200-1505] Using flow_target 'vitis'
Resolution: For help on HLS 200-1505 see www.xilinx.com/cgi-bin/docs/rdoc?v=2021.1;t=hls+guidance;d=200-1505.html
INFO: [HLS 200-435] Setting 'open_solution -flow_target vitis' configuration: config_interface -m_axi_latency=64
INFO: [HLS 200-435] Setting 'open_solution -flow_target vitis' configuration: config_interface -m_axi_alignment_byte_size=64
INFO: [HLS 200-435] Setting 'open_solution -flow_target vitis' configuration: config_interface -m_axi_max_widen_bitwidth=512
INFO: [HLS 200-435] Setting 'open_solution -flow_target vitis' configuration: config_rtl -register_reset_num=3
INFO: [HLS 200-1510] Running: set_part xcvu9p-flgb2104-2-i 
INFO: [HLS 200-1611] Setting target device to 'xcvu9p-flgb2104-2-i'
INFO: [HLS 200-1510] Running: create_clock -period 250.000000MHz -name default 
INFO: [SYN 201-201] Setting up clock 'default' with a period of 4ns.
INFO: [HLS 200-1510] Running: config_rtl -kernel_profile 
INFO: [HLS 200-1510] Running: config_dataflow -strict_mode warning 
INFO: [HLS 200-1510] Running: config_debug -enable 
INFO: [HLS 200-1510] Running: config_export -disable_deadlock_detection=true 
INFO: [HLS 200-1510] Running: config_rtl -m_axi_conservative_mode=1 
WARNING: [HLS 200-483] The 'config_rtl -m_axi_conservative_mode' command is deprecated and will be removed in a future release. Use 'config_interface -m_axi_conservative_mode' as its replacement.
INFO: [HLS 200-1510] Running: config_interface -m_axi_addr64 
INFO: [HLS 200-1510] Running: config_interface -m_axi_auto_max_ports=0 
INFO: [HLS 200-1510] Running: config_export -format ip_catalog -ipname convertbitdepth 
INFO: [HLS 200-1510] Running: csynth_design -synthesis_check 
INFO: [HLS 200-111] Finished File checks and directory preparation: CPU user time: 0.01 seconds. CPU system time: 0 seconds. Elapsed time: 0.01 seconds; current allocated memory: 108.786 MB.
INFO: [HLS 200-10] Analyzing design file '/home/centos/Documents/project/correct_kernels/src/xf_convertbitdepth_accel.cpp' ... 
WARNING: [HLS 207-5528] Ignore interface attribute or pragma which is not used in top function: /home/centos/Documents/project/correct_kernels/src/xf_convertbitdepth_accel.cpp:28:9
WARNING: [HLS 207-5301] unused parameter 'print': /opt/Xilinx/Vitis_HLS/2021.1/common/technology/autopilot/ap_int_base.h:792:16
WARNING: [HLS 207-5301] unused parameter 'src': /home/centos/Documents/project/correct_kernels/libs/xf_opencv/L1/include/common/xf_structs.hpp:506:30
WARNING: [HLS 207-5301] unused parameter '_data': /home/centos/Documents/project/correct_kernels/libs/xf_opencv/L1/include/common/xf_structs.hpp:517:30
WARNING: [HLS 207-5301] unused parameter 'index': /home/centos/Documents/project/correct_kernels/libs/xf_opencv/L1/include/common/xf_structs.hpp:530:14
WARNING: [HLS 207-5301] unused parameter 'index': /home/centos/Documents/project/correct_kernels/libs/xf_opencv/L1/include/common/xf_structs.hpp:541:20
WARNING: [HLS 207-5301] unused parameter 'dst': /home/centos/Documents/project/correct_kernels/libs/xf_opencv/L1/include/common/xf_structs.hpp:773:101
WARNING: [HLS 207-5301] unused parameter 'index': /home/centos/Documents/project/correct_kernels/libs/xf_opencv/L1/include/common/xf_structs.hpp:1165:102
WARNING: [HLS 207-5301] unused parameter 'index': /home/centos/Documents/project/correct_kernels/libs/xf_opencv/L1/include/common/xf_structs.hpp:1471:34
WARNING: [HLS 207-4610] the argument to '__builtin_assume' has side effects that will be discarded: /home/centos/Documents/project/correct_kernels/libs/xf_opencv/L1/include/core/xf_convert_bitdepth.hpp:127:23
WARNING: [HLS 207-4610] the argument to '__builtin_assume' has side effects that will be discarded: /home/centos/Documents/project/correct_kernels/libs/xf_opencv/L1/include/core/xf_convert_bitdepth.hpp:127:23
INFO: [HLS 207-4230] in instantiation of function template specialization 'xf::cv::convertTo<2, 5, 2160, 3840, 1>' requested here: /home/centos/Documents/project/correct_kernels/src/xf_convertbitdepth_accel.cpp:43:13
INFO: [HLS 200-111] Finished Source Code Analysis and Preprocessing: CPU user time: 6.8 seconds. CPU system time: 0.53 seconds. Elapsed time: 5.56 seconds; current allocated memory: 110.040 MB.
INFO: [HLS 200-777] Using interface defaults for 'Vitis' flow target.
INFO: [HLS 214-279] Initial Interval estimation mode is set into default.
INFO: [HLS 214-284] Auto array partition mode is set into default.
WARNING: [HLS 214-273] In function 'xf::cv::Mat<2, 2160, 3840, 1, 2>::Mat(int, int)', Pragma conflict happens on 'INLINE' and DATAFLOW pragmas: Inline into dataflow region is not suggested (/home/centos/Documents/project/correct_kernels/libs/xf_opencv/L1/include/common/xf_structs.hpp:658:0)
WARNING: [HLS 214-273] In function 'xf::cv::Mat<5, 2160, 3840, 1, 2>::Mat(int, int)', Pragma conflict happens on 'INLINE' and DATAFLOW pragmas: Inline into dataflow region is not suggested (/home/centos/Documents/project/correct_kernels/libs/xf_opencv/L1/include/common/xf_structs.hpp:658:0)
INFO: [HLS 214-131] Inlining function 'hls::stream<ap_uint<16>, 0>::stream()' into 'hls::stream<ap_uint<16>, 2>::stream()' (/opt/Xilinx/Vitis_HLS/2021.1/common/technology/autopilot/hls_stream_39.h:198:43)
INFO: [HLS 214-131] Inlining function 'hls::stream<ap_uint<16>, 2>::stream()' into 'xf::cv::Mat<2, 2160, 3840, 1, 2>::Mat(int, int)' (/home/centos/Documents/project/correct_kernels/libs/xf_opencv/L1/include/common/xf_structs.hpp:457:5)
INFO: [HLS 214-131] Inlining function 'xf::cv::Mat<2, 2160, 3840, 1, 2>::init(int, int, bool)' into 'xf::cv::Mat<2, 2160, 3840, 1, 2>::Mat(int, int)' (/home/centos/Documents/project/correct_kernels/libs/xf_opencv/L1/include/common/xf_structs.hpp:663:2)
INFO: [HLS 214-131] Inlining function 'hls::stream<ap_uint<32>, 0>::stream()' into 'hls::stream<ap_uint<32>, 2>::stream()' (/opt/Xilinx/Vitis_HLS/2021.1/common/technology/autopilot/hls_stream_39.h:198:43)
INFO: [HLS 214-131] Inlining function 'hls::stream<ap_uint<32>, 2>::stream()' into 'xf::cv::Mat<5, 2160, 3840, 1, 2>::Mat(int, int)' (/home/centos/Documents/project/correct_kernels/libs/xf_opencv/L1/include/common/xf_structs.hpp:457:5)
INFO: [HLS 214-131] Inlining function 'xf::cv::Mat<5, 2160, 3840, 1, 2>::init(int, int, bool)' into 'xf::cv::Mat<5, 2160, 3840, 1, 2>::Mat(int, int)' (/home/centos/Documents/project/correct_kernels/libs/xf_opencv/L1/include/common/xf_structs.hpp:663:2)
INFO: [HLS 214-131] Inlining function 'hls::stream<ap_uint<16>, 0>::write(ap_uint<16> const&)' into 'xf::cv::MMIterIn<16, 2, 2160, 3840, 1, 2>::Axi2AxiStream(ap_uint<16>*, hls::stream<ap_uint<16>, 0>&, ap_uint<24>&)' (/home/centos/Documents/project/correct_kernels/libs/xf_opencv/L1/include/common/xf_structs.hpp:957:7)
INFO: [HLS 214-131] Inlining function 'hls::stream<ap_uint<16>, 0>::read(ap_uint<16>&)' into 'hls::stream<ap_uint<16>, 0>::read()' (/opt/Xilinx/Vitis_HLS/2021.1/common/technology/autopilot/hls_stream_39.h:156:9)
INFO: [HLS 214-131] Inlining function 'hls::stream<ap_uint<16>, 0>::write(ap_uint<16> const&)' into 'void xf::cv::MMIterIn<16, 2, 2160, 3840, 1, 2>::AxiStream2MatStream<2>(hls::stream<ap_uint<16>, 0>&, hls::stream<ap_uint<16>, 2>&, int, int, int, int)' (/home/centos/Documents/project/correct_kernels/libs/xf_opencv/L1/include/common/xf_structs.hpp:1032:46)
INFO: [HLS 214-131] Inlining function 'hls::stream<ap_uint<16>, 0>::read()' into 'void xf::cv::MMIterIn<16, 2, 2160, 3840, 1, 2>::AxiStream2MatStream<2>(hls::stream<ap_uint<16>, 0>&, hls::stream<ap_uint<16>, 2>&, int, int, int, int)' (/home/centos/Documents/project/correct_kernels/libs/xf_opencv/L1/include/common/xf_structs.hpp:1016:27)
INFO: [HLS 214-131] Inlining function 'hls::stream<ap_uint<16>, 0>::stream()' into 'xf::cv::MMIterIn<16, 2, 2160, 3840, 1, 2>::Axi2Mat(ap_uint<16>*, hls::stream<ap_uint<16>, 2>&, int, int, int)' (/home/centos/Documents/project/correct_kernels/libs/xf_opencv/L1/include/common/xf_structs.hpp:1090:35)
INFO: [HLS 214-131] Inlining function 'hls::stream<ap_uint<16>, 0>::read()' into 'ap_uint<16> xf::cv::Mat<2, 2160, 3840, 1, 2>::read<2, (void*)0>(int)' (/home/centos/Documents/project/correct_kernels/libs/xf_opencv/L1/include/common/xf_structs.hpp:531:21)
INFO: [HLS 214-131] Inlining function 'hls::stream<ap_uint<32>, 0>::write(ap_uint<32> const&)' into 'void xf::cv::Mat<5, 2160, 3840, 1, 2>::write<2, (void*)0>(int, ap_uint<32>)' (/home/centos/Documents/project/correct_kernels/libs/xf_opencv/L1/include/common/xf_structs.hpp:542:14)
INFO: [HLS 214-131] Inlining function 'hls::stream<ap_uint<32>, 0>::read(ap_uint<32>&)' into 'hls::stream<ap_uint<32>, 0>::read()' (/opt/Xilinx/Vitis_HLS/2021.1/common/technology/autopilot/hls_stream_39.h:156:9)
INFO: [HLS 214-131] Inlining function 'hls::stream<ap_uint<32>, 0>::write(ap_uint<32> const&)' into 'void xf::cv::MMIterOut<32, 5, 2160, 3840, 1, 1, 2>::MatStream2AxiStream<2>(hls::stream<ap_uint<32>, 2>&, hls::stream<ap_uint<32>, 0>&, int, int, int, int)' (/home/centos/Documents/project/correct_kernels/libs/xf_opencv/L1/include/common/xf_structs.hpp:1282:18)
INFO: [HLS 214-131] Inlining function 'hls::stream<ap_uint<32>, 0>::write(ap_uint<32> const&)' into 'void xf::cv::MMIterOut<32, 5, 2160, 3840, 1, 1, 2>::MatStream2AxiStream<2>(hls::stream<ap_uint<32>, 2>&, hls::stream<ap_uint<32>, 0>&, int, int, int, int)' (/home/centos/Documents/project/correct_kernels/libs/xf_opencv/L1/include/common/xf_structs.hpp:1272:26)
INFO: [HLS 214-131] Inlining function 'hls::stream<ap_uint<32>, 0>::read()' into 'void xf::cv::MMIterOut<32, 5, 2160, 3840, 1, 1, 2>::MatStream2AxiStream<2>(hls::stream<ap_uint<32>, 2>&, hls::stream<ap_uint<32>, 0>&, int, int, int, int)' (/home/centos/Documents/project/correct_kernels/libs/xf_opencv/L1/include/common/xf_structs.hpp:1257:31)
INFO: [HLS 214-131] Inlining function 'hls::stream<ap_uint<32>, 0>::read()' into 'xf::cv::MMIterOut<32, 5, 2160, 3840, 1, 1, 2>::AxiStream2Axi(hls::stream<ap_uint<32>, 0>&, ap_uint<32>*, ap_uint<24>&)' (/home/centos/Documents/project/correct_kernels/libs/xf_opencv/L1/include/common/xf_structs.hpp:1325:16)
INFO: [HLS 214-131] Inlining function 'hls::stream<ap_uint<32>, 0>::stream()' into 'xf::cv::MMIterOut<32, 5, 2160, 3840, 1, 1, 2>::Mat2Axi(hls::stream<ap_uint<32>, 2>&, ap_uint<32>*, int, int, int)' (/home/centos/Documents/project/correct_kernels/libs/xf_opencv/L1/include/common/xf_structs.hpp:1361:42)
INFO: [HLS 214-131] Inlining function 'xf::cv::Mat<2, 2160, 3840, 1, 2>::Mat(int, int)' into 'convertbitdepth' (/home/centos/Documents/project/correct_kernels/src/xf_convertbitdepth_accel.cpp:31:46)
INFO: [HLS 214-131] Inlining function 'xf::cv::Mat<5, 2160, 3840, 1, 2>::Mat(int, int)' into 'convertbitdepth' (/home/centos/Documents/project/correct_kernels/src/xf_convertbitdepth_accel.cpp:32:49)
INFO: [HLS 214-186] Unrolling loop 'Extract' (/home/centos/Documents/project/correct_kernels/libs/xf_opencv/L1/include/core/xf_convert_bitdepth.hpp:90:13) in function 'xf::cv::xfConvertBitDepthKernel<2, 5, 2160, 3840, 3, 5, 5, 12, 1, 3840>' completely with a factor of 1 (/home/centos/Documents/project/correct_kernels/libs/xf_opencv/L1/include/core/xf_convert_bitdepth.hpp:51:0)
INFO: [HLS 214-178] Inlining function 'xf::cv::MMIterIn<16, 2, 2160, 3840, 1, 2>::Array2xfMat(ap_uint<16>*, xf::cv::Mat<2, 2160, 3840, 1, 2>&, int)' into 'void xf::cv::Array2xfMat<16, 2, 2160, 3840, 1>(ap_uint<16>*, xf::cv::Mat<2, 2160, 3840, 1, 2>&, int)' (/home/centos/Documents/project/correct_kernels/libs/xf_opencv/L1/include/common/xf_utility.hpp:524:0)
INFO: [HLS 214-178] Inlining function 'ap_uint<16> xf::cv::Mat<2, 2160, 3840, 1, 2>::read<2, (void*)0>(int)' into 'void xf::cv::xfConvertBitDepthKernel<2, 5, 2160, 3840, 3, 5, 5, 12, 1, 3840>(xf::cv::Mat<2, 2160, 3840, 1, 2>&, xf::cv::Mat<5, 2160, 3840, 1, 2>&, ap_uint<4>, int, unsigned short, unsigned short)' (/home/centos/Documents/project/correct_kernels/libs/xf_opencv/L1/include/core/xf_convert_bitdepth.hpp:51:0)
INFO: [HLS 214-178] Inlining function 'void xf::cv::Mat<5, 2160, 3840, 1, 2>::write<2, (void*)0>(int, ap_uint<32>)' into 'void xf::cv::xfConvertBitDepthKernel<2, 5, 2160, 3840, 3, 5, 5, 12, 1, 3840>(xf::cv::Mat<2, 2160, 3840, 1, 2>&, xf::cv::Mat<5, 2160, 3840, 1, 2>&, ap_uint<4>, int, unsigned short, unsigned short)' (/home/centos/Documents/project/correct_kernels/libs/xf_opencv/L1/include/core/xf_convert_bitdepth.hpp:51:0)
INFO: [HLS 214-178] Inlining function 'void xf::cv::xfConvertBitDepthKernel<2, 5, 2160, 3840, 3, 5, 5, 12, 1, 3840>(xf::cv::Mat<2, 2160, 3840, 1, 2>&, xf::cv::Mat<5, 2160, 3840, 1, 2>&, ap_uint<4>, int, unsigned short, unsigned short)' into 'void xf::cv::convertTo<2, 5, 2160, 3840, 1>(xf::cv::Mat<2, 2160, 3840, 1, 2>&, xf::cv::Mat<5, 2160, 3840, 1, 2>&, ap_uint<4>, int)' (/home/centos/Documents/project/correct_kernels/libs/xf_opencv/L1/include/core/xf_convert_bitdepth.hpp:122:0)
INFO: [HLS 214-178] Inlining function 'xf::cv::MMIterOut<32, 5, 2160, 3840, 1, 1, 2>::xfMat2Array(xf::cv::Mat<5, 2160, 3840, 1, 2>&, ap_uint<32>*, int)' into 'void xf::cv::xfMat2Array<32, 5, 2160, 3840, 1, 1>(xf::cv::Mat<5, 2160, 3840, 1, 2>&, ap_uint<32>*, int)' (/home/centos/Documents/project/correct_kernels/libs/xf_opencv/L1/include/common/xf_utility.hpp:514:0)
INFO: [HLS 200-111] Finished Compiling Optimization and Transform: CPU user time: 4.58 seconds. CPU system time: 0.37 seconds. Elapsed time: 4.96 seconds; current allocated memory: 111.187 MB.
INFO: [HLS 200-111] Finished Checking Pragmas: CPU user time: 0 seconds. CPU system time: 0 seconds. Elapsed time: 0 seconds; current allocated memory: 111.188 MB.
INFO: [HLS 200-1493] Running only source code synthesis checks, skipping scheduling and RTL generation.
INFO: [HLS 200-111] Finished Command csynth_design CPU user time: 11.39 seconds. CPU system time: 0.91 seconds. Elapsed time: 10.54 seconds; current allocated memory: 111.160 MB.
HLS completed successfully
INFO: [HLS 200-112] Total CPU user time: 12.53 seconds. Total CPU system time: 1.26 seconds. Total elapsed time: 11.66 seconds; peak allocated memory: 111.188 MB.
INFO: [Common 17-206] Exiting vitis_hls at Thu Jan 27 12:03:29 2022...
