Thu Jan 27 12:03:34 2022: Running xcd server. This server was built by gradle.
Thu Jan 27 12:03:34 2022: Server was asked to start on port: '37347'
Thu Jan 27 12:03:34 2022: Server is using token UUID: '8df9ee9f-ada1-448d-95f7-b1a840322283'
Thu Jan 27 12:03:34 2022: SESSION_MGR: creating session with session uuid: '6d04a3e9-ade5-4ab9-8d63-1f78fcd2ec76' and name 'default'
Thu Jan 27 12:03:34 2022: Attempting to start server on port '37347'
Thu Jan 27 12:03:34 2022: XCD main fifo: created main fifo '/tmp/xcdmain8df9ee9f-ada1-448d-95f7-b1a840322283', fd read = 14
Thu Jan 27 12:03:34 2022: Running Dispatch Server
Thu Jan 27 12:03:34 2022: Version 2.2.0
Thu Jan 27 12:03:42 2022: Dispatch Server: Accepted socket connection from client
Thu Jan 27 12:03:42 2022: Starting Socket connection
Thu Jan 27 12:03:42 2022: EXCHANGE_TOKEN received, server token: 8df9ee9f-ada1-448d-95f7-b1a840322283, passed token: 8df9ee9f-ada1-448d-95f7-b1a840322283
Thu Jan 27 12:03:43 2022: DISPATCH_HANDLER: Adding handler from function makeHandler in library libxv_system_diagram
Thu Jan 27 12:03:43 2022: SESSION_MGR: creating session with session uuid: 'dd561e68-01af-476b-90b2-b67145c9f8f8' and name 'link'
Thu Jan 27 12:03:43 2022: KERNEL_SVC: creating session with uuid: 'dd561e68-01af-476b-90b2-b67145c9f8f8' and name 'link'
Thu Jan 27 12:03:43 2022: GUIDANCE_SMGR: creating guidance session with uuid: 'dd561e68-01af-476b-90b2-b67145c9f8f8' and name 'link'
Thu Jan 27 12:03:43 2022: SYSTEM_DIAGRAM_SMGR: creating diagram session with uuid: 'dd561e68-01af-476b-90b2-b67145c9f8f8' and name 'link'
Thu Jan 27 12:03:55 2022: SESSION_MGR: closing session for UUID 'dd561e68-01af-476b-90b2-b67145c9f8f8' with name 'link'
Thu Jan 27 12:03:55 2022: KERNEL_SVC: closing session for UUID 'dd561e68-01af-476b-90b2-b67145c9f8f8' with name 'link'
Thu Jan 27 12:03:55 2022: GUIDANCE_SMGR: closing session for UUID 'dd561e68-01af-476b-90b2-b67145c9f8f8' with name 'link'
Thu Jan 27 12:03:55 2022: SYSTEM_DIAGRAM_SMGR: closing session for UUID 'dd561e68-01af-476b-90b2-b67145c9f8f8' with name 'link'
