INFO: [VRFC 10-2263] Analyzing Verilog file "/home/centos/Documents/vision_project/resize_system_hw_link/Emulation-HW/krnl_resize.build/link/vivado/vpl/prj/prj.ip_user_files/bd/pfm_dynamic/ip/pfm_dynamic_kernel2_clk_0/sim/pfm_dynamic_kernel2_clk_0.v" into library xil_defaultlib
INFO: [VRFC 10-311] analyzing module pfm_dynamic_kernel2_clk_0
INFO: [VRFC 10-2263] Analyzing Verilog file "/home/centos/Documents/vision_project/resize_system_hw_link/Emulation-HW/krnl_resize.build/link/vivado/vpl/prj/prj.ip_user_files/bd/pfm_dynamic/ip/pfm_dynamic_kernel_clk_0/sim/pfm_dynamic_kernel_clk_0.v" into library xil_defaultlib
INFO: [VRFC 10-311] analyzing module pfm_dynamic_kernel_clk_0
INFO: [VRFC 10-2263] Analyzing SystemVerilog file "/home/centos/Documents/vision_project/resize_system_hw_link/Emulation-HW/krnl_resize.build/link/vivado/vpl/prj/prj.ip_user_files/bd/pfm_dynamic/ip/pfm_dynamic_xtlm_simple_intercon_0_0/sim/pfm_dynamic_xtlm_simple_intercon_0_0_stub.sv" into library xil_defaultlib
INFO: [VRFC 10-311] analyzing module pfm_dynamic_xtlm_simple_intercon_0_0
INFO: [VRFC 10-2263] Analyzing Verilog file "/home/centos/Documents/vision_project/resize_system_hw_link/Emulation-HW/krnl_resize.build/link/vivado/vpl/prj/prj.ip_user_files/bd/pfm_dynamic/ip/pfm_dynamic_xlconcat_interrupt_0/sim/pfm_dynamic_xlconcat_interrupt_0.v" into library xil_defaultlib
INFO: [VRFC 10-311] analyzing module pfm_dynamic_xlconcat_interrupt_0
INFO: [VRFC 10-2263] Analyzing Verilog file "/home/centos/Documents/vision_project/resize_system_hw_link/Emulation-HW/krnl_resize.build/link/vivado/vpl/prj/prj.ip_user_files/bd/pfm_dynamic/ip/pfm_dynamic_xlconcat_interrupt_0_0/sim/pfm_dynamic_xlconcat_interrupt_0_0.v" into library xil_defaultlib
INFO: [VRFC 10-311] analyzing module pfm_dynamic_xlconcat_interrupt_0_0
INFO: [VRFC 10-2263] Analyzing Verilog file "/home/centos/Documents/vision_project/resize_system_hw_link/Emulation-HW/krnl_resize.build/link/vivado/vpl/prj/prj.ip_user_files/bd/pfm_dynamic/ip/pfm_dynamic_xlconcat_interrupt_1_0/sim/pfm_dynamic_xlconcat_interrupt_1_0.v" into library xil_defaultlib
INFO: [VRFC 10-311] analyzing module pfm_dynamic_xlconcat_interrupt_1_0
INFO: [VRFC 10-2263] Analyzing Verilog file "/home/centos/Documents/vision_project/resize_system_hw_link/Emulation-HW/krnl_resize.build/link/vivado/vpl/prj/prj.ip_user_files/bd/pfm_dynamic/ip/pfm_dynamic_xlconcat_interrupt_2_0/sim/pfm_dynamic_xlconcat_interrupt_2_0.v" into library xil_defaultlib
INFO: [VRFC 10-311] analyzing module pfm_dynamic_xlconcat_interrupt_2_0
INFO: [VRFC 10-2263] Analyzing Verilog file "/home/centos/Documents/vision_project/resize_system_hw_link/Emulation-HW/krnl_resize.build/link/vivado/vpl/prj/prj.ip_user_files/bd/pfm_dynamic/ip/pfm_dynamic_xlconcat_interrupt_3_0/sim/pfm_dynamic_xlconcat_interrupt_3_0.v" into library xil_defaultlib
INFO: [VRFC 10-311] analyzing module pfm_dynamic_xlconcat_interrupt_3_0
INFO: [VRFC 10-2263] Analyzing Verilog file "/home/centos/Documents/vision_project/resize_system_hw_link/Emulation-HW/krnl_resize.build/link/vivado/vpl/prj/prj.ip_user_files/bd/pfm_dynamic/ip/pfm_dynamic_xlconstant_gnd_0/sim/pfm_dynamic_xlconstant_gnd_0.v" into library xil_defaultlib
INFO: [VRFC 10-311] analyzing module pfm_dynamic_xlconstant_gnd_0
INFO: [VRFC 10-2263] Analyzing SystemVerilog file "/home/centos/Documents/vision_project/resize_system_hw_link/Emulation-HW/krnl_resize.build/link/vivado/vpl/prj/prj.ip_user_files/bd/pfm_dynamic/ip/pfm_dynamic_memory_subsystem_0/bd_0/ip/ip_0/sim/bd_d216_xtlm_simple_intercon_0_0_stub.sv" into library xil_defaultlib
INFO: [VRFC 10-311] analyzing module bd_d216_xtlm_simple_intercon_0_0
INFO: [VRFC 10-2263] Analyzing SystemVerilog file "/home/centos/Documents/vision_project/resize_system_hw_link/Emulation-HW/krnl_resize.build/link/vivado/vpl/prj/prj.ip_user_files/bd/pfm_dynamic/ip/pfm_dynamic_memory_subsystem_0/bd_0/ip/ip_1/sim/bd_d216_plram_0_0_stub.sv" into library xil_defaultlib
INFO: [VRFC 10-311] analyzing module bd_d216_plram_0_0
INFO: [VRFC 10-2263] Analyzing SystemVerilog file "/home/centos/Documents/vision_project/resize_system_hw_link/Emulation-HW/krnl_resize.build/link/vivado/vpl/prj/prj.ip_user_files/bd/pfm_dynamic/ip/pfm_dynamic_memory_subsystem_0/bd_0/ip/ip_2/sim/bd_d216_plram_1_0_stub.sv" into library xil_defaultlib
INFO: [VRFC 10-311] analyzing module bd_d216_plram_1_0
INFO: [VRFC 10-2263] Analyzing SystemVerilog file "/home/centos/Documents/vision_project/resize_system_hw_link/Emulation-HW/krnl_resize.build/link/vivado/vpl/prj/prj.ip_user_files/bd/pfm_dynamic/ip/pfm_dynamic_memory_subsystem_0/bd_0/ip/ip_3/sim/bd_d216_plram_2_0_stub.sv" into library xil_defaultlib
INFO: [VRFC 10-311] analyzing module bd_d216_plram_2_0
INFO: [VRFC 10-2263] Analyzing SystemVerilog file "/home/centos/Documents/vision_project/resize_system_hw_link/Emulation-HW/krnl_resize.build/link/vivado/vpl/prj/prj.ip_user_files/bd/pfm_dynamic/ip/pfm_dynamic_memory_subsystem_0/sim/pfm_dynamic_memory_subsystem_0_stub.sv" into library xil_defaultlib
INFO: [VRFC 10-311] analyzing module pfm_dynamic_memory_subsystem_0
INFO: [VRFC 10-2263] Analyzing SystemVerilog file "/home/centos/Documents/vision_project/resize_system_hw_link/Emulation-HW/krnl_resize.build/link/vivado/vpl/prj/prj.ip_user_files/bd/pfm_dynamic/ip/pfm_dynamic_sim_ddr_0_0/sim/pfm_dynamic_sim_ddr_0_0_stub.sv" into library xil_defaultlib
INFO: [VRFC 10-311] analyzing module pfm_dynamic_sim_ddr_0_0
INFO: [VRFC 10-2263] Analyzing SystemVerilog file "/home/centos/Documents/vision_project/resize_system_hw_link/Emulation-HW/krnl_resize.build/link/vivado/vpl/prj/prj.ip_user_files/bd/pfm_dynamic/ip/pfm_dynamic_sim_ddr_2_0/sim/pfm_dynamic_sim_ddr_2_0_stub.sv" into library xil_defaultlib
INFO: [VRFC 10-311] analyzing module pfm_dynamic_sim_ddr_2_0
INFO: [VRFC 10-2263] Analyzing SystemVerilog file "/home/centos/Documents/vision_project/resize_system_hw_link/Emulation-HW/krnl_resize.build/link/vivado/vpl/prj/prj.ip_user_files/bd/pfm_dynamic/ip/pfm_dynamic_sim_ddr_3_0/sim/pfm_dynamic_sim_ddr_3_0_stub.sv" into library xil_defaultlib
INFO: [VRFC 10-311] analyzing module pfm_dynamic_sim_ddr_3_0
INFO: [VRFC 10-2263] Analyzing SystemVerilog file "/home/centos/Documents/vision_project/resize_system_hw_link/Emulation-HW/krnl_resize.build/link/vivado/vpl/prj/prj.ip_user_files/bd/pfm_dynamic/ip/pfm_dynamic_icn_pass_0_0/sim/pfm_dynamic_icn_pass_0_0_stub.sv" into library xil_defaultlib
INFO: [VRFC 10-311] analyzing module pfm_dynamic_icn_pass_0_0
INFO: [VRFC 10-2263] Analyzing SystemVerilog file "/home/centos/Documents/vision_project/resize_system_hw_link/Emulation-HW/krnl_resize.build/link/vivado/vpl/prj/prj.ip_user_files/bd/pfm_dynamic/ip/pfm_dynamic_icn_pass_1_0/sim/pfm_dynamic_icn_pass_1_0_stub.sv" into library xil_defaultlib
INFO: [VRFC 10-311] analyzing module pfm_dynamic_icn_pass_1_0
INFO: [VRFC 10-2263] Analyzing SystemVerilog file "/home/centos/Documents/vision_project/resize_system_hw_link/Emulation-HW/krnl_resize.build/link/vivado/vpl/prj/prj.ip_user_files/bd/pfm_dynamic/ip/pfm_dynamic_icn_pass_2_0/sim/pfm_dynamic_icn_pass_2_0_stub.sv" into library xil_defaultlib
INFO: [VRFC 10-311] analyzing module pfm_dynamic_icn_pass_2_0
INFO: [VRFC 10-2263] Analyzing SystemVerilog file "/home/centos/Documents/vision_project/resize_system_hw_link/Emulation-HW/krnl_resize.build/link/vivado/vpl/prj/prj.ip_user_files/bd/pfm_dynamic/ip/pfm_dynamic_icn_pass_3_0/sim/pfm_dynamic_icn_pass_3_0_stub.sv" into library xil_defaultlib
INFO: [VRFC 10-311] analyzing module pfm_dynamic_icn_pass_3_0
INFO: [VRFC 10-2263] Analyzing Verilog file "/home/centos/Documents/vision_project/resize_system_hw_link/Emulation-HW/krnl_resize.build/link/vivado/vpl/prj/prj.gen/sources_1/bd/pfm_dynamic/ipshared/ebd6/hdl/verilog/resize_accel_addrbound.v" into library xil_defaultlib
INFO: [VRFC 10-311] analyzing module resize_accel_addrbound
INFO: [VRFC 10-2263] Analyzing Verilog file "/home/centos/Documents/vision_project/resize_system_hw_link/Emulation-HW/krnl_resize.build/link/vivado/vpl/prj/prj.gen/sources_1/bd/pfm_dynamic/ipshared/ebd6/hdl/verilog/resize_accel_addrbound_1.v" into library xil_defaultlib
INFO: [VRFC 10-311] analyzing module resize_accel_addrbound_1
INFO: [VRFC 10-2263] Analyzing Verilog file "/home/centos/Documents/vision_project/resize_system_hw_link/Emulation-HW/krnl_resize.build/link/vivado/vpl/prj/prj.gen/sources_1/bd/pfm_dynamic/ipshared/ebd6/hdl/verilog/resize_accel_Array2xfMat_128_0_2160_3840_1_s.v" into library xil_defaultlib
INFO: [VRFC 10-311] analyzing module resize_accel_Array2xfMat_128_0_2160_3840_1_s
INFO: [VRFC 10-2263] Analyzing Verilog file "/home/centos/Documents/vision_project/resize_system_hw_link/Emulation-HW/krnl_resize.build/link/vivado/vpl/prj/prj.gen/sources_1/bd/pfm_dynamic/ipshared/ebd6/hdl/verilog/resize_accel_Axi2AxiStream.v" into library xil_defaultlib
INFO: [VRFC 10-311] analyzing module resize_accel_Axi2AxiStream
INFO: [VRFC 10-2263] Analyzing Verilog file "/home/centos/Documents/vision_project/resize_system_hw_link/Emulation-HW/krnl_resize.build/link/vivado/vpl/prj/prj.gen/sources_1/bd/pfm_dynamic/ipshared/ebd6/hdl/verilog/resize_accel_Axi2AxiStream_Pipeline_MMIterInLoop1.v" into library xil_defaultlib
INFO: [VRFC 10-311] analyzing module resize_accel_Axi2AxiStream_Pipeline_MMIterInLoop1
INFO: [VRFC 10-2263] Analyzing Verilog file "/home/centos/Documents/vision_project/resize_system_hw_link/Emulation-HW/krnl_resize.build/link/vivado/vpl/prj/prj.gen/sources_1/bd/pfm_dynamic/ipshared/ebd6/hdl/verilog/resize_accel_Axi2Mat.v" into library xil_defaultlib
INFO: [VRFC 10-311] analyzing module resize_accel_Axi2Mat
INFO: [VRFC 10-2263] Analyzing Verilog file "/home/centos/Documents/vision_project/resize_system_hw_link/Emulation-HW/krnl_resize.build/link/vivado/vpl/prj/prj.gen/sources_1/bd/pfm_dynamic/ipshared/ebd6/hdl/verilog/resize_accel_Axi2Mat_Block_split35_proc.v" into library xil_defaultlib
INFO: [VRFC 10-311] analyzing module resize_accel_Axi2Mat_Block_split35_proc
INFO: [VRFC 10-2263] Analyzing Verilog file "/home/centos/Documents/vision_project/resize_system_hw_link/Emulation-HW/krnl_resize.build/link/vivado/vpl/prj/prj.gen/sources_1/bd/pfm_dynamic/ipshared/ebd6/hdl/verilog/resize_accel_AxiStream2Axi.v" into library xil_defaultlib
INFO: [VRFC 10-311] analyzing module resize_accel_AxiStream2Axi
INFO: [VRFC 10-2263] Analyzing Verilog file "/home/centos/Documents/vision_project/resize_system_hw_link/Emulation-HW/krnl_resize.build/link/vivado/vpl/prj/prj.gen/sources_1/bd/pfm_dynamic/ipshared/ebd6/hdl/verilog/resize_accel_AxiStream2Axi_Pipeline_MMIterOutLoop2.v" into library xil_defaultlib
INFO: [VRFC 10-311] analyzing module resize_accel_AxiStream2Axi_Pipeline_MMIterOutLoop2
INFO: [VRFC 10-2263] Analyzing Verilog file "/home/centos/Documents/vision_project/resize_system_hw_link/Emulation-HW/krnl_resize.build/link/vivado/vpl/prj/prj.gen/sources_1/bd/pfm_dynamic/ipshared/ebd6/hdl/verilog/resize_accel_AxiStream2Mat.v" into library xil_defaultlib
INFO: [VRFC 10-311] analyzing module resize_accel_AxiStream2Mat
INFO: [VRFC 10-2263] Analyzing Verilog file "/home/centos/Documents/vision_project/resize_system_hw_link/Emulation-HW/krnl_resize.build/link/vivado/vpl/prj/prj.gen/sources_1/bd/pfm_dynamic/ipshared/ebd6/hdl/verilog/resize_accel_AxiStream2MatStream_2_Pipeline_MMIterInLoopRow.v" into library xil_defaultlib
INFO: [VRFC 10-311] analyzing module resize_accel_AxiStream2MatStream_2_Pipeline_MMIterInLoopRow
INFO: [VRFC 10-2263] Analyzing Verilog file "/home/centos/Documents/vision_project/resize_system_hw_link/Emulation-HW/krnl_resize.build/link/vivado/vpl/prj/prj.gen/sources_1/bd/pfm_dynamic/ipshared/ebd6/hdl/verilog/resize_accel_AxiStream2MatStream_2_s.v" into library xil_defaultlib
INFO: [VRFC 10-311] analyzing module resize_accel_AxiStream2MatStream_2_s
INFO: [VRFC 10-2263] Analyzing Verilog file "/home/centos/Documents/vision_project/resize_system_hw_link/Emulation-HW/krnl_resize.build/link/vivado/vpl/prj/prj.gen/sources_1/bd/pfm_dynamic/ipshared/ebd6/hdl/verilog/resize_accel_Block_ZN2xf2cv3MatILi0ELi2160ELi3840ELi1ELi2EEC2Eii_exit1_proc.v" into library xil_defaultlib
INFO: [VRFC 10-311] analyzing module resize_accel_Block_ZN2xf2cv3MatILi0ELi2160ELi3840ELi1ELi2EEC2Eii_exit1_proc
INFO: [VRFC 10-2263] Analyzing Verilog file "/home/centos/Documents/vision_project/resize_system_hw_link/Emulation-HW/krnl_resize.build/link/vivado/vpl/prj/prj.gen/sources_1/bd/pfm_dynamic/ipshared/ebd6/hdl/verilog/resize_accel_control_s_axi.v" into library xil_defaultlib
INFO: [VRFC 10-311] analyzing module resize_accel_control_s_axi
INFO: [VRFC 10-2263] Analyzing Verilog file "/home/centos/Documents/vision_project/resize_system_hw_link/Emulation-HW/krnl_resize.build/link/vivado/vpl/prj/prj.gen/sources_1/bd/pfm_dynamic/ipshared/ebd6/hdl/verilog/resize_accel_entry_proc.v" into library xil_defaultlib
INFO: [VRFC 10-311] analyzing module resize_accel_entry_proc
INFO: [VRFC 10-2263] Analyzing Verilog file "/home/centos/Documents/vision_project/resize_system_hw_link/Emulation-HW/krnl_resize.build/link/vivado/vpl/prj/prj.gen/sources_1/bd/pfm_dynamic/ipshared/ebd6/hdl/verilog/resize_accel_entry_proc6.v" into library xil_defaultlib
INFO: [VRFC 10-311] analyzing module resize_accel_entry_proc6
INFO: [VRFC 10-2263] Analyzing Verilog file "/home/centos/Documents/vision_project/resize_system_hw_link/Emulation-HW/krnl_resize.build/link/vivado/vpl/prj/prj.gen/sources_1/bd/pfm_dynamic/ipshared/ebd6/hdl/verilog/resize_accel_entry_proc7.v" into library xil_defaultlib
INFO: [VRFC 10-311] analyzing module resize_accel_entry_proc7
INFO: [VRFC 10-2263] Analyzing Verilog file "/home/centos/Documents/vision_project/resize_system_hw_link/Emulation-HW/krnl_resize.build/link/vivado/vpl/prj/prj.gen/sources_1/bd/pfm_dynamic/ipshared/ebd6/hdl/verilog/resize_accel_fifo_w4_d2_S.v" into library xil_defaultlib
INFO: [VRFC 10-311] analyzing module resize_accel_fifo_w4_d2_S_shiftReg
INFO: [VRFC 10-311] analyzing module resize_accel_fifo_w4_d2_S
INFO: [VRFC 10-2263] Analyzing Verilog file "/home/centos/Documents/vision_project/resize_system_hw_link/Emulation-HW/krnl_resize.build/link/vivado/vpl/prj/prj.gen/sources_1/bd/pfm_dynamic/ipshared/ebd6/hdl/verilog/resize_accel_fifo_w4_d2_S_x.v" into library xil_defaultlib
INFO: [VRFC 10-311] analyzing module resize_accel_fifo_w4_d2_S_x_shiftReg
INFO: [VRFC 10-311] analyzing module resize_accel_fifo_w4_d2_S_x
INFO: [VRFC 10-2263] Analyzing Verilog file "/home/centos/Documents/vision_project/resize_system_hw_link/Emulation-HW/krnl_resize.build/link/vivado/vpl/prj/prj.gen/sources_1/bd/pfm_dynamic/ipshared/ebd6/hdl/verilog/resize_accel_fifo_w8_d2_S.v" into library xil_defaultlib
INFO: [VRFC 10-311] analyzing module resize_accel_fifo_w8_d2_S_shiftReg
INFO: [VRFC 10-311] analyzing module resize_accel_fifo_w8_d2_S
INFO: [VRFC 10-2263] Analyzing Verilog file "/home/centos/Documents/vision_project/resize_system_hw_link/Emulation-HW/krnl_resize.build/link/vivado/vpl/prj/prj.gen/sources_1/bd/pfm_dynamic/ipshared/ebd6/hdl/verilog/resize_accel_fifo_w18_d2_S.v" into library xil_defaultlib
INFO: [VRFC 10-311] analyzing module resize_accel_fifo_w18_d2_S_shiftReg
INFO: [VRFC 10-311] analyzing module resize_accel_fifo_w18_d2_S
INFO: [VRFC 10-2263] Analyzing Verilog file "/home/centos/Documents/vision_project/resize_system_hw_link/Emulation-HW/krnl_resize.build/link/vivado/vpl/prj/prj.gen/sources_1/bd/pfm_dynamic/ipshared/ebd6/hdl/verilog/resize_accel_fifo_w20_d2_S.v" into library xil_defaultlib
INFO: [VRFC 10-311] analyzing module resize_accel_fifo_w20_d2_S_shiftReg
INFO: [VRFC 10-311] analyzing module resize_accel_fifo_w20_d2_S
INFO: [VRFC 10-2263] Analyzing Verilog file "/home/centos/Documents/vision_project/resize_system_hw_link/Emulation-HW/krnl_resize.build/link/vivado/vpl/prj/prj.gen/sources_1/bd/pfm_dynamic/ipshared/ebd6/hdl/verilog/resize_accel_fifo_w32_d2_S.v" into library xil_defaultlib
INFO: [VRFC 10-311] analyzing module resize_accel_fifo_w32_d2_S_shiftReg
INFO: [VRFC 10-311] analyzing module resize_accel_fifo_w32_d2_S
INFO: [VRFC 10-2263] Analyzing Verilog file "/home/centos/Documents/vision_project/resize_system_hw_link/Emulation-HW/krnl_resize.build/link/vivado/vpl/prj/prj.gen/sources_1/bd/pfm_dynamic/ipshared/ebd6/hdl/verilog/resize_accel_fifo_w32_d3_S.v" into library xil_defaultlib
INFO: [VRFC 10-311] analyzing module resize_accel_fifo_w32_d3_S_shiftReg
INFO: [VRFC 10-311] analyzing module resize_accel_fifo_w32_d3_S
INFO: [VRFC 10-2263] Analyzing Verilog file "/home/centos/Documents/vision_project/resize_system_hw_link/Emulation-HW/krnl_resize.build/link/vivado/vpl/prj/prj.gen/sources_1/bd/pfm_dynamic/ipshared/ebd6/hdl/verilog/resize_accel_fifo_w32_d4_S.v" into library xil_defaultlib
INFO: [VRFC 10-311] analyzing module resize_accel_fifo_w32_d4_S_shiftReg
INFO: [VRFC 10-311] analyzing module resize_accel_fifo_w32_d4_S
INFO: [VRFC 10-2263] Analyzing Verilog file "/home/centos/Documents/vision_project/resize_system_hw_link/Emulation-HW/krnl_resize.build/link/vivado/vpl/prj/prj.gen/sources_1/bd/pfm_dynamic/ipshared/ebd6/hdl/verilog/resize_accel_fifo_w64_d2_S.v" into library xil_defaultlib
INFO: [VRFC 10-311] analyzing module resize_accel_fifo_w64_d2_S_shiftReg
INFO: [VRFC 10-311] analyzing module resize_accel_fifo_w64_d2_S
INFO: [VRFC 10-2263] Analyzing Verilog file "/home/centos/Documents/vision_project/resize_system_hw_link/Emulation-HW/krnl_resize.build/link/vivado/vpl/prj/prj.gen/sources_1/bd/pfm_dynamic/ipshared/ebd6/hdl/verilog/resize_accel_fifo_w64_d3_S.v" into library xil_defaultlib
INFO: [VRFC 10-311] analyzing module resize_accel_fifo_w64_d3_S_shiftReg
INFO: [VRFC 10-311] analyzing module resize_accel_fifo_w64_d3_S
INFO: [VRFC 10-2263] Analyzing Verilog file "/home/centos/Documents/vision_project/resize_system_hw_link/Emulation-HW/krnl_resize.build/link/vivado/vpl/prj/prj.gen/sources_1/bd/pfm_dynamic/ipshared/ebd6/hdl/verilog/resize_accel_fifo_w64_d3_S_x.v" into library xil_defaultlib
INFO: [VRFC 10-311] analyzing module resize_accel_fifo_w64_d3_S_x_shiftReg
INFO: [VRFC 10-311] analyzing module resize_accel_fifo_w64_d3_S_x
INFO: [VRFC 10-2263] Analyzing Verilog file "/home/centos/Documents/vision_project/resize_system_hw_link/Emulation-HW/krnl_resize.build/link/vivado/vpl/prj/prj.gen/sources_1/bd/pfm_dynamic/ipshared/ebd6/hdl/verilog/resize_accel_fifo_w64_d4_S.v" into library xil_defaultlib
INFO: [VRFC 10-311] analyzing module resize_accel_fifo_w64_d4_S_shiftReg
INFO: [VRFC 10-311] analyzing module resize_accel_fifo_w64_d4_S
INFO: [VRFC 10-2263] Analyzing Verilog file "/home/centos/Documents/vision_project/resize_system_hw_link/Emulation-HW/krnl_resize.build/link/vivado/vpl/prj/prj.gen/sources_1/bd/pfm_dynamic/ipshared/ebd6/hdl/verilog/resize_accel_fifo_w128_d2_S.v" into library xil_defaultlib
INFO: [VRFC 10-311] analyzing module resize_accel_fifo_w128_d2_S_shiftReg
INFO: [VRFC 10-311] analyzing module resize_accel_fifo_w128_d2_S
INFO: [VRFC 10-2263] Analyzing Verilog file "/home/centos/Documents/vision_project/resize_system_hw_link/Emulation-HW/krnl_resize.build/link/vivado/vpl/prj/prj.gen/sources_1/bd/pfm_dynamic/ipshared/ebd6/hdl/verilog/resize_accel_fifo_w128_d2_S_x.v" into library xil_defaultlib
INFO: [VRFC 10-311] analyzing module resize_accel_fifo_w128_d2_S_x_shiftReg
INFO: [VRFC 10-311] analyzing module resize_accel_fifo_w128_d2_S_x
INFO: [VRFC 10-2263] Analyzing Verilog file "/home/centos/Documents/vision_project/resize_system_hw_link/Emulation-HW/krnl_resize.build/link/vivado/vpl/prj/prj.gen/sources_1/bd/pfm_dynamic/ipshared/ebd6/hdl/verilog/resize_accel_flow_control_loop_pipe_sequential_init.v" into library xil_defaultlib
INFO: [VRFC 10-311] analyzing module resize_accel_flow_control_loop_pipe_sequential_init
INFO: [VRFC 10-2263] Analyzing Verilog file "/home/centos/Documents/vision_project/resize_system_hw_link/Emulation-HW/krnl_resize.build/link/vivado/vpl/prj/prj.gen/sources_1/bd/pfm_dynamic/ipshared/ebd6/hdl/verilog/resize_accel_gmem1_m_axi.v" into library xil_defaultlib
INFO: [VRFC 10-311] analyzing module resize_accel_gmem1_m_axi
INFO: [VRFC 10-311] analyzing module resize_accel_gmem1_m_axi_reg_slice
INFO: [VRFC 10-311] analyzing module resize_accel_gmem1_m_axi_fifo
INFO: [VRFC 10-311] analyzing module resize_accel_gmem1_m_axi_buffer
INFO: [VRFC 10-311] analyzing module resize_accel_gmem1_m_axi_decoder
INFO: [VRFC 10-311] analyzing module resize_accel_gmem1_m_axi_throttle
INFO: [VRFC 10-311] analyzing module resize_accel_gmem1_m_axi_read
INFO: [VRFC 10-311] analyzing module resize_accel_gmem1_m_axi_write
INFO: [VRFC 10-2263] Analyzing Verilog file "/home/centos/Documents/vision_project/resize_system_hw_link/Emulation-HW/krnl_resize.build/link/vivado/vpl/prj/prj.gen/sources_1/bd/pfm_dynamic/ipshared/ebd6/hdl/verilog/resize_accel_gmem2_m_axi.v" into library xil_defaultlib
INFO: [VRFC 10-311] analyzing module resize_accel_gmem2_m_axi
INFO: [VRFC 10-311] analyzing module resize_accel_gmem2_m_axi_reg_slice
INFO: [VRFC 10-311] analyzing module resize_accel_gmem2_m_axi_fifo
INFO: [VRFC 10-311] analyzing module resize_accel_gmem2_m_axi_buffer
INFO: [VRFC 10-311] analyzing module resize_accel_gmem2_m_axi_decoder
INFO: [VRFC 10-311] analyzing module resize_accel_gmem2_m_axi_throttle
INFO: [VRFC 10-311] analyzing module resize_accel_gmem2_m_axi_read
INFO: [VRFC 10-311] analyzing module resize_accel_gmem2_m_axi_write
INFO: [VRFC 10-2263] Analyzing Verilog file "/home/centos/Documents/vision_project/resize_system_hw_link/Emulation-HW/krnl_resize.build/link/vivado/vpl/prj/prj.gen/sources_1/bd/pfm_dynamic/ipshared/ebd6/hdl/verilog/resize_accel_hls_deadlock_detection_unit.v" into library xil_defaultlib
INFO: [VRFC 10-311] analyzing module resize_accel_hls_deadlock_detect_unit
INFO: [VRFC 10-2263] Analyzing Verilog file "/home/centos/Documents/vision_project/resize_system_hw_link/Emulation-HW/krnl_resize.build/link/vivado/vpl/prj/prj.gen/sources_1/bd/pfm_dynamic/ipshared/ebd6/hdl/verilog/resize_accel_last_blk_pxl_width.v" into library xil_defaultlib
INFO: [VRFC 10-311] analyzing module resize_accel_last_blk_pxl_width
INFO: [VRFC 10-2263] Analyzing Verilog file "/home/centos/Documents/vision_project/resize_system_hw_link/Emulation-HW/krnl_resize.build/link/vivado/vpl/prj/prj.gen/sources_1/bd/pfm_dynamic/ipshared/ebd6/hdl/verilog/resize_accel_last_blk_pxl_width_1.v" into library xil_defaultlib
INFO: [VRFC 10-311] analyzing module resize_accel_last_blk_pxl_width_1
INFO: [VRFC 10-2263] Analyzing Verilog file "/home/centos/Documents/vision_project/resize_system_hw_link/Emulation-HW/krnl_resize.build/link/vivado/vpl/prj/prj.gen/sources_1/bd/pfm_dynamic/ipshared/ebd6/hdl/verilog/resize_accel_mac_muladd_12ns_9s_21s_22_4_1.v" into library xil_defaultlib
INFO: [VRFC 10-311] analyzing module resize_accel_mac_muladd_12ns_9s_21s_22_4_1_DSP48_3
INFO: [VRFC 10-311] analyzing module resize_accel_mac_muladd_12ns_9s_21s_22_4_1
INFO: [VRFC 10-2263] Analyzing Verilog file "/home/centos/Documents/vision_project/resize_system_hw_link/Emulation-HW/krnl_resize.build/link/vivado/vpl/prj/prj.gen/sources_1/bd/pfm_dynamic/ipshared/ebd6/hdl/verilog/resize_accel_mac_muladd_12ns_10s_22s_23_4_1.v" into library xil_defaultlib
INFO: [VRFC 10-311] analyzing module resize_accel_mac_muladd_12ns_10s_22s_23_4_1_DSP48_4
INFO: [VRFC 10-311] analyzing module resize_accel_mac_muladd_12ns_10s_22s_23_4_1
INFO: [VRFC 10-2263] Analyzing Verilog file "/home/centos/Documents/vision_project/resize_system_hw_link/Emulation-HW/krnl_resize.build/link/vivado/vpl/prj/prj.gen/sources_1/bd/pfm_dynamic/ipshared/ebd6/hdl/verilog/resize_accel_Mat2Axi.v" into library xil_defaultlib
INFO: [VRFC 10-311] analyzing module resize_accel_Mat2Axi
INFO: [VRFC 10-2263] Analyzing Verilog file "/home/centos/Documents/vision_project/resize_system_hw_link/Emulation-HW/krnl_resize.build/link/vivado/vpl/prj/prj.gen/sources_1/bd/pfm_dynamic/ipshared/ebd6/hdl/verilog/resize_accel_Mat2Axi_Block_split24_proc.v" into library xil_defaultlib
INFO: [VRFC 10-311] analyzing module resize_accel_Mat2Axi_Block_split24_proc
INFO: [VRFC 10-2263] Analyzing Verilog file "/home/centos/Documents/vision_project/resize_system_hw_link/Emulation-HW/krnl_resize.build/link/vivado/vpl/prj/prj.gen/sources_1/bd/pfm_dynamic/ipshared/ebd6/hdl/verilog/resize_accel_Mat2AxiStream.v" into library xil_defaultlib
INFO: [VRFC 10-311] analyzing module resize_accel_Mat2AxiStream
INFO: [VRFC 10-2263] Analyzing Verilog file "/home/centos/Documents/vision_project/resize_system_hw_link/Emulation-HW/krnl_resize.build/link/vivado/vpl/prj/prj.gen/sources_1/bd/pfm_dynamic/ipshared/ebd6/hdl/verilog/resize_accel_MatStream2AxiStream_2_Pipeline_MMIterOutRow_MMIterOutCol.v" into library xil_defaultlib
INFO: [VRFC 10-311] analyzing module resize_accel_MatStream2AxiStream_2_Pipeline_MMIterOutRow_MMIterOutCol
INFO: [VRFC 10-2263] Analyzing Verilog file "/home/centos/Documents/vision_project/resize_system_hw_link/Emulation-HW/krnl_resize.build/link/vivado/vpl/prj/prj.gen/sources_1/bd/pfm_dynamic/ipshared/ebd6/hdl/verilog/resize_accel_MatStream2AxiStream_2_s.v" into library xil_defaultlib
INFO: [VRFC 10-311] analyzing module resize_accel_MatStream2AxiStream_2_s
INFO: [VRFC 10-2263] Analyzing Verilog file "/home/centos/Documents/vision_project/resize_system_hw_link/Emulation-HW/krnl_resize.build/link/vivado/vpl/prj/prj.gen/sources_1/bd/pfm_dynamic/ipshared/ebd6/hdl/verilog/resize_accel_mul_32s_32s_32_2_1.v" into library xil_defaultlib
INFO: [VRFC 10-311] analyzing module resize_accel_mul_32s_32s_32_2_1
INFO: [VRFC 10-2263] Analyzing Verilog file "/home/centos/Documents/vision_project/resize_system_hw_link/Emulation-HW/krnl_resize.build/link/vivado/vpl/prj/prj.gen/sources_1/bd/pfm_dynamic/ipshared/ebd6/hdl/verilog/resize_accel_mul_48ns_42s_74_3_0.v" into library xil_defaultlib
INFO: [VRFC 10-311] analyzing module resize_accel_mul_48ns_42s_74_3_0
INFO: [VRFC 10-2263] Analyzing Verilog file "/home/centos/Documents/vision_project/resize_system_hw_link/Emulation-HW/krnl_resize.build/link/vivado/vpl/prj/prj.gen/sources_1/bd/pfm_dynamic/ipshared/ebd6/hdl/verilog/resize_accel_mul_mul_12ns_9s_21_4_1.v" into library xil_defaultlib
INFO: [VRFC 10-311] analyzing module resize_accel_mul_mul_12ns_9s_21_4_1_DSP48_2
INFO: [VRFC 10-311] analyzing module resize_accel_mul_mul_12ns_9s_21_4_1
INFO: [VRFC 10-2263] Analyzing Verilog file "/home/centos/Documents/vision_project/resize_system_hw_link/Emulation-HW/krnl_resize.build/link/vivado/vpl/prj/prj.gen/sources_1/bd/pfm_dynamic/ipshared/ebd6/hdl/verilog/resize_accel_mul_mul_12ns_12ns_24_4_1.v" into library xil_defaultlib
INFO: [VRFC 10-311] analyzing module resize_accel_mul_mul_12ns_12ns_24_4_1_DSP48_1
INFO: [VRFC 10-311] analyzing module resize_accel_mul_mul_12ns_12ns_24_4_1
INFO: [VRFC 10-2263] Analyzing Verilog file "/home/centos/Documents/vision_project/resize_system_hw_link/Emulation-HW/krnl_resize.build/link/vivado/vpl/prj/prj.gen/sources_1/bd/pfm_dynamic/ipshared/ebd6/hdl/verilog/resize_accel_mul_mul_16ns_16ns_22_4_1.v" into library xil_defaultlib
INFO: [VRFC 10-311] analyzing module resize_accel_mul_mul_16ns_16ns_22_4_1_DSP48_5
INFO: [VRFC 10-311] analyzing module resize_accel_mul_mul_16ns_16ns_22_4_1
INFO: [VRFC 10-2263] Analyzing Verilog file "/home/centos/Documents/vision_project/resize_system_hw_link/Emulation-HW/krnl_resize.build/link/vivado/vpl/prj/prj.gen/sources_1/bd/pfm_dynamic/ipshared/ebd6/hdl/verilog/resize_accel_mul_mul_16ns_16ns_24_4_1.v" into library xil_defaultlib
INFO: [VRFC 10-311] analyzing module resize_accel_mul_mul_16ns_16ns_24_4_1_DSP48_0
INFO: [VRFC 10-311] analyzing module resize_accel_mul_mul_16ns_16ns_24_4_1
INFO: [VRFC 10-2263] Analyzing Verilog file "/home/centos/Documents/vision_project/resize_system_hw_link/Emulation-HW/krnl_resize.build/link/vivado/vpl/prj/prj.gen/sources_1/bd/pfm_dynamic/ipshared/ebd6/hdl/verilog/resize_accel_mul_mul_16ns_16ns_32_4_1.v" into library xil_defaultlib
INFO: [VRFC 10-311] analyzing module resize_accel_mul_mul_16ns_16ns_32_4_1_DSP48_6
INFO: [VRFC 10-311] analyzing module resize_accel_mul_mul_16ns_16ns_32_4_1
INFO: [VRFC 10-2263] Analyzing Verilog file "/home/centos/Documents/vision_project/resize_system_hw_link/Emulation-HW/krnl_resize.build/link/vivado/vpl/prj/prj.gen/sources_1/bd/pfm_dynamic/ipshared/ebd6/hdl/verilog/resize_accel_resize_1_0_2160_3840_1080_1920_1_2_s.v" into library xil_defaultlib
INFO: [VRFC 10-311] analyzing module resize_accel_resize_1_0_2160_3840_1080_1920_1_2_s
INFO: [VRFC 10-2263] Analyzing Verilog file "/home/centos/Documents/vision_project/resize_system_hw_link/Emulation-HW/krnl_resize.build/link/vivado/vpl/prj/prj.gen/sources_1/bd/pfm_dynamic/ipshared/ebd6/hdl/verilog/resize_accel_resizeNNBilinear_0_2160_3840_1_1080_1920_1_2_Pipeline_VITIS_LOOP_332_1_VITIS_LOOP_337_2.v" into library xil_defaultlib
INFO: [VRFC 10-311] analyzing module resize_accel_resizeNNBilinear_0_2160_3840_1_1080_1920_1_2_Pipeline_VITIS_LOOP_332_1_VITIS_LOOP_337_2
INFO: [VRFC 10-2263] Analyzing Verilog file "/home/centos/Documents/vision_project/resize_system_hw_link/Emulation-HW/krnl_resize.build/link/vivado/vpl/prj/prj.gen/sources_1/bd/pfm_dynamic/ipshared/ebd6/hdl/verilog/resize_accel_resizeNNBilinear_0_2160_3840_1_1080_1920_1_2_Pipeline_VITIS_LOOP_389_5.v" into library xil_defaultlib
INFO: [VRFC 10-311] analyzing module resize_accel_resizeNNBilinear_0_2160_3840_1_1080_1920_1_2_Pipeline_VITIS_LOOP_389_5
INFO: [VRFC 10-2263] Analyzing Verilog file "/home/centos/Documents/vision_project/resize_system_hw_link/Emulation-HW/krnl_resize.build/link/vivado/vpl/prj/prj.gen/sources_1/bd/pfm_dynamic/ipshared/ebd6/hdl/verilog/resize_accel_resizeNNBilinear_0_2160_3840_1_1080_1920_1_2_Pipeline_VITIS_LOOP_389_5_line_bbkb.v" into library xil_defaultlib
INFO: [VRFC 10-311] analyzing module resize_accel_resizeNNBilinear_0_2160_3840_1_1080_1920_1_2_Pipeline_VITIS_LOOP_389_5_line_bbkb
INFO: [VRFC 10-2263] Analyzing Verilog file "/home/centos/Documents/vision_project/resize_system_hw_link/Emulation-HW/krnl_resize.build/link/vivado/vpl/prj/prj.gen/sources_1/bd/pfm_dynamic/ipshared/ebd6/hdl/verilog/resize_accel_resizeNNBilinear_0_2160_3840_1_1080_1920_1_2_s.v" into library xil_defaultlib
INFO: [VRFC 10-311] analyzing module resize_accel_resizeNNBilinear_0_2160_3840_1_1080_1920_1_2_s
INFO: [VRFC 10-2263] Analyzing Verilog file "/home/centos/Documents/vision_project/resize_system_hw_link/Emulation-HW/krnl_resize.build/link/vivado/vpl/prj/prj.gen/sources_1/bd/pfm_dynamic/ipshared/ebd6/hdl/verilog/resize_accel_scaleCompute_17_42_20_48_16_1_s.v" into library xil_defaultlib
INFO: [VRFC 10-311] analyzing module resize_accel_scaleCompute_17_42_20_48_16_1_s
INFO: [VRFC 10-2263] Analyzing Verilog file "/home/centos/Documents/vision_project/resize_system_hw_link/Emulation-HW/krnl_resize.build/link/vivado/vpl/prj/prj.gen/sources_1/bd/pfm_dynamic/ipshared/ebd6/hdl/verilog/resize_accel_start_for_AxiStream2Mat_U0.v" into library xil_defaultlib
INFO: [VRFC 10-311] analyzing module resize_accel_start_for_AxiStream2Mat_U0_shiftReg
INFO: [VRFC 10-311] analyzing module resize_accel_start_for_AxiStream2Mat_U0
INFO: [VRFC 10-2263] Analyzing Verilog file "/home/centos/Documents/vision_project/resize_system_hw_link/Emulation-HW/krnl_resize.build/link/vivado/vpl/prj/prj.gen/sources_1/bd/pfm_dynamic/ipshared/ebd6/hdl/verilog/resize_accel_udiv_64ns_16ns_64_68_seq_1.v" into library xil_defaultlib
INFO: [VRFC 10-311] analyzing module resize_accel_udiv_64ns_16ns_64_68_seq_1_divseq
INFO: [VRFC 10-311] analyzing module resize_accel_udiv_64ns_16ns_64_68_seq_1
INFO: [VRFC 10-2263] Analyzing Verilog file "/home/centos/Documents/vision_project/resize_system_hw_link/Emulation-HW/krnl_resize.build/link/vivado/vpl/prj/prj.gen/sources_1/bd/pfm_dynamic/ipshared/ebd6/hdl/verilog/resize_accel_xfMat2Array_128_0_1080_1920_1_1_s.v" into library xil_defaultlib
INFO: [VRFC 10-311] analyzing module resize_accel_xfMat2Array_128_0_1080_1920_1_1_s
INFO: [VRFC 10-2263] Analyzing Verilog file "/home/centos/Documents/vision_project/resize_system_hw_link/Emulation-HW/krnl_resize.build/link/vivado/vpl/prj/prj.gen/sources_1/bd/pfm_dynamic/ipshared/ebd6/hdl/verilog/resize_accel_xfUDivResize.v" into library xil_defaultlib
INFO: [VRFC 10-311] analyzing module resize_accel_xfUDivResize
INFO: [VRFC 10-2263] Analyzing Verilog file "/home/centos/Documents/vision_project/resize_system_hw_link/Emulation-HW/krnl_resize.build/link/vivado/vpl/prj/prj.gen/sources_1/bd/pfm_dynamic/ipshared/ebd6/hdl/verilog/resize_accel.v" into library xil_defaultlib
INFO: [VRFC 10-311] analyzing module resize_accel
INFO: [VRFC 10-2263] Analyzing Verilog file "/home/centos/Documents/vision_project/resize_system_hw_link/Emulation-HW/krnl_resize.build/link/vivado/vpl/prj/prj.ip_user_files/bd/pfm_dynamic/ip/pfm_dynamic_resize_accel_1_0/sim/pfm_dynamic_resize_accel_1_0.v" into library xil_defaultlib
INFO: [VRFC 10-311] analyzing module pfm_dynamic_resize_accel_1_0
INFO: [VRFC 10-2263] Analyzing SystemVerilog file "/home/centos/Documents/vision_project/resize_system_hw_link/Emulation-HW/krnl_resize.build/link/vivado/vpl/prj/prj.ip_user_files/bd/pfm_dynamic/ip/pfm_dynamic_dpa_hub_0/sim/pfm_dynamic_dpa_hub_0_stub.sv" into library xil_defaultlib
INFO: [VRFC 10-311] analyzing module pfm_dynamic_dpa_hub_0
INFO: [VRFC 10-2263] Analyzing SystemVerilog file "/home/centos/Documents/vision_project/resize_system_hw_link/Emulation-HW/krnl_resize.build/link/vivado/vpl/prj/prj.ip_user_files/bd/pfm_dynamic/ip/pfm_dynamic_dpa_mon0_0/sim/pfm_dynamic_dpa_mon0_0_stub.sv" into library xil_defaultlib
INFO: [VRFC 10-311] analyzing module pfm_dynamic_dpa_mon0_0
INFO: [VRFC 10-2263] Analyzing SystemVerilog file "/home/centos/Documents/vision_project/resize_system_hw_link/Emulation-HW/krnl_resize.build/link/vivado/vpl/prj/prj.ip_user_files/bd/pfm_dynamic/ip/pfm_dynamic_dpa_mon1_0/sim/pfm_dynamic_dpa_mon1_0_stub.sv" into library xil_defaultlib
INFO: [VRFC 10-311] analyzing module pfm_dynamic_dpa_mon1_0
INFO: [VRFC 10-2263] Analyzing SystemVerilog file "/home/centos/Documents/vision_project/resize_system_hw_link/Emulation-HW/krnl_resize.build/link/vivado/vpl/prj/prj.ip_user_files/bd/pfm_dynamic/ip/pfm_dynamic_dpa_mon2_0/sim/pfm_dynamic_dpa_mon2_0_stub.sv" into library xil_defaultlib
INFO: [VRFC 10-311] analyzing module pfm_dynamic_dpa_mon2_0
INFO: [VRFC 10-2263] Analyzing Verilog file "/home/centos/Documents/vision_project/resize_system_hw_link/Emulation-HW/krnl_resize.build/link/vivado/vpl/prj/prj.ip_user_files/bd/pfm_dynamic/ip/pfm_dynamic_xbar_4/sim/pfm_dynamic_xbar_4.v" into library xil_defaultlib
INFO: [VRFC 10-311] analyzing module pfm_dynamic_xbar_4
INFO: [VRFC 10-2263] Analyzing Verilog file "/home/centos/Documents/vision_project/resize_system_hw_link/Emulation-HW/krnl_resize.build/link/vivado/vpl/prj/prj.ip_user_files/bd/pfm_dynamic/ip/pfm_dynamic_xbar_6/sim/pfm_dynamic_xbar_6.v" into library xil_defaultlib
INFO: [VRFC 10-311] analyzing module pfm_dynamic_xbar_6
INFO: [VRFC 10-2263] Analyzing Verilog file "/home/centos/Documents/vision_project/resize_system_hw_link/Emulation-HW/krnl_resize.build/link/vivado/vpl/prj/prj.ip_user_files/bd/pfm_dynamic/ip/pfm_dynamic_xbar_5/sim/pfm_dynamic_xbar_5.v" into library xil_defaultlib
INFO: [VRFC 10-311] analyzing module pfm_dynamic_xbar_5
INFO: [VRFC 10-2263] Analyzing Verilog file "/home/centos/Documents/vision_project/resize_system_hw_link/Emulation-HW/krnl_resize.build/link/vivado/vpl/prj/prj.ip_user_files/bd/pfm_dynamic/ip/pfm_dynamic_m01_regslice_6/sim/pfm_dynamic_m01_regslice_6.v" into library xil_defaultlib
INFO: [VRFC 10-311] analyzing module pfm_dynamic_m01_regslice_6
INFO: [VRFC 10-2263] Analyzing Verilog file "/home/centos/Documents/vision_project/resize_system_hw_link/Emulation-HW/krnl_resize.build/link/vivado/vpl/prj/prj.ip_user_files/bd/pfm_dynamic/ip/pfm_dynamic_auto_cc_0/sim/pfm_dynamic_auto_cc_0.v" into library xil_defaultlib
INFO: [VRFC 10-311] analyzing module pfm_dynamic_auto_cc_0
INFO: [VRFC 10-2263] Analyzing Verilog file "/home/centos/Documents/vision_project/resize_system_hw_link/Emulation-HW/krnl_resize.build/link/vivado/vpl/prj/prj.ip_user_files/bd/pfm_dynamic/ip/pfm_dynamic_s00_regslice_0/sim/pfm_dynamic_s00_regslice_0.v" into library xil_defaultlib
INFO: [VRFC 10-311] analyzing module pfm_dynamic_s00_regslice_0
INFO: [VRFC 10-2263] Analyzing Verilog file "/home/centos/Documents/vision_project/resize_system_hw_link/Emulation-HW/krnl_resize.build/link/vivado/vpl/prj/prj.ip_user_files/bd/pfm_dynamic/ip/pfm_dynamic_m00_regslice_0/sim/pfm_dynamic_m00_regslice_0.v" into library xil_defaultlib
INFO: [VRFC 10-311] analyzing module pfm_dynamic_m00_regslice_0
INFO: [VRFC 10-2263] Analyzing Verilog file "/home/centos/Documents/vision_project/resize_system_hw_link/Emulation-HW/krnl_resize.build/link/vivado/vpl/prj/prj.ip_user_files/bd/pfm_dynamic/ip/pfm_dynamic_auto_cc_1/sim/pfm_dynamic_auto_cc_1.v" into library xil_defaultlib
INFO: [VRFC 10-311] analyzing module pfm_dynamic_auto_cc_1
INFO: [VRFC 10-2263] Analyzing Verilog file "/home/centos/Documents/vision_project/resize_system_hw_link/Emulation-HW/krnl_resize.build/link/vivado/vpl/prj/prj.ip_user_files/bd/pfm_dynamic/ip/pfm_dynamic_m01_regslice_7/sim/pfm_dynamic_m01_regslice_7.v" into library xil_defaultlib
INFO: [VRFC 10-311] analyzing module pfm_dynamic_m01_regslice_7
INFO: [VRFC 10-2263] Analyzing Verilog file "/home/centos/Documents/vision_project/resize_system_hw_link/Emulation-HW/krnl_resize.build/link/vivado/vpl/prj/prj.ip_user_files/bd/pfm_dynamic/ip/pfm_dynamic_auto_cc_2/sim/pfm_dynamic_auto_cc_2.v" into library xil_defaultlib
INFO: [VRFC 10-311] analyzing module pfm_dynamic_auto_cc_2
INFO: [VRFC 10-2263] Analyzing Verilog file "/home/centos/Documents/vision_project/resize_system_hw_link/Emulation-HW/krnl_resize.build/link/vivado/vpl/prj/prj.ip_user_files/bd/pfm_dynamic/ip/pfm_dynamic_m02_regslice_0/sim/pfm_dynamic_m02_regslice_0.v" into library xil_defaultlib
INFO: [VRFC 10-311] analyzing module pfm_dynamic_m02_regslice_0
INFO: [VRFC 10-2263] Analyzing Verilog file "/home/centos/Documents/vision_project/resize_system_hw_link/Emulation-HW/krnl_resize.build/link/vivado/vpl/prj/prj.ip_user_files/bd/pfm_dynamic/ip/pfm_dynamic_auto_cc_3/sim/pfm_dynamic_auto_cc_3.v" into library xil_defaultlib
INFO: [VRFC 10-311] analyzing module pfm_dynamic_auto_cc_3
INFO: [VRFC 10-2263] Analyzing Verilog file "/home/centos/Documents/vision_project/resize_system_hw_link/Emulation-HW/krnl_resize.build/link/vivado/vpl/prj/prj.ip_user_files/bd/pfm_dynamic/ip/pfm_dynamic_m03_regslice_0/sim/pfm_dynamic_m03_regslice_0.v" into library xil_defaultlib
INFO: [VRFC 10-311] analyzing module pfm_dynamic_m03_regslice_0
INFO: [VRFC 10-2263] Analyzing Verilog file "/home/centos/Documents/vision_project/resize_system_hw_link/Emulation-HW/krnl_resize.build/link/vivado/vpl/prj/prj.ip_user_files/bd/pfm_dynamic/ip/pfm_dynamic_auto_cc_4/sim/pfm_dynamic_auto_cc_4.v" into library xil_defaultlib
INFO: [VRFC 10-311] analyzing module pfm_dynamic_auto_cc_4
INFO: [VRFC 10-2263] Analyzing Verilog file "/home/centos/Documents/vision_project/resize_system_hw_link/Emulation-HW/krnl_resize.build/link/vivado/vpl/prj/prj.ip_user_files/bd/pfm_dynamic/ip/pfm_dynamic_m04_regslice_0/sim/pfm_dynamic_m04_regslice_0.v" into library xil_defaultlib
INFO: [VRFC 10-311] analyzing module pfm_dynamic_m04_regslice_0
INFO: [VRFC 10-2263] Analyzing Verilog file "/home/centos/Documents/vision_project/resize_system_hw_link/Emulation-HW/krnl_resize.build/link/vivado/vpl/prj/prj.ip_user_files/bd/pfm_dynamic/ip/pfm_dynamic_auto_cc_5/sim/pfm_dynamic_auto_cc_5.v" into library xil_defaultlib
INFO: [VRFC 10-311] analyzing module pfm_dynamic_auto_cc_5
INFO: [VRFC 10-2263] Analyzing SystemVerilog file "/home/centos/Documents/vision_project/resize_system_hw_link/Emulation-HW/krnl_resize.build/link/vivado/vpl/prj/prj.ip_user_files/bd/pfm_dynamic/sim/pfm_dynamic_sci_stub.sv" into library xil_defaultlib
INFO: [VRFC 10-311] analyzing module pfm_dynamic_sci
INFO: [VRFC 10-2263] Analyzing Verilog file "/home/centos/Documents/vision_project/resize_system_hw_link/Emulation-HW/krnl_resize.build/link/vivado/vpl/prj/prj.ip_user_files/bd/pfm_dynamic/sim/pfm_dynamic.v" into library xil_defaultlib
INFO: [VRFC 10-311] analyzing module System_DPA_imp_NCWU00
INFO: [VRFC 10-311] analyzing module interrupt_concat_imp_1SXQM3I
INFO: [VRFC 10-311] analyzing module m00_couplers_imp_120WOX2
INFO: [VRFC 10-311] analyzing module m00_couplers_imp_184K1VH
INFO: [VRFC 10-311] analyzing module m00_couplers_imp_1IU07KW
INFO: [VRFC 10-311] analyzing module m01_couplers_imp_6BWSZC
INFO: [VRFC 10-311] analyzing module m01_couplers_imp_87NC3
INFO: [VRFC 10-311] analyzing module m01_couplers_imp_P1OJY6
INFO: [VRFC 10-311] analyzing module m02_couplers_imp_UGVDQZ
INFO: [VRFC 10-311] analyzing module m02_couplers_imp_YCLZI8
INFO: [VRFC 10-311] analyzing module m03_couplers_imp_1RAAZKU
INFO: [VRFC 10-311] analyzing module m04_couplers_imp_13DUO5I
INFO: [VRFC 10-311] analyzing module pfm_dynamic
INFO: [VRFC 10-311] analyzing module pfm_dynamic_dpa_ctrl_interconnect_0
INFO: [VRFC 10-311] analyzing module pfm_dynamic_interconnect_axilite_user_0_0
INFO: [VRFC 10-311] analyzing module pfm_dynamic_interconnect_axilite_user_1_0
INFO: [VRFC 10-311] analyzing module pfm_dynamic_interconnect_axilite_user_2_0
INFO: [VRFC 10-311] analyzing module pfm_dynamic_user_slr_icn_0
INFO: [VRFC 10-311] analyzing module s00_couplers_imp_1858E00
INFO: [VRFC 10-311] analyzing module s00_couplers_imp_1VD9R9B
INFO: [VRFC 10-311] analyzing module s00_couplers_imp_BJPJ00
INFO: [VRFC 10-311] analyzing module s00_couplers_imp_S199H2
INFO: [VRFC 10-311] analyzing module s00_couplers_imp_VX2DF1
INFO: [VRFC 10-311] analyzing module slr0_imp_1Q3M93Z
INFO: [VRFC 10-311] analyzing module slr1_imp_IZT2WG
INFO: [VRFC 10-311] analyzing module slr2_imp_EEMOLC
INFO: [VRFC 10-2263] Analyzing Verilog file "/home/centos/Documents/vision_project/resize_system_hw_link/Emulation-HW/krnl_resize.build/link/vivado/vpl/prj/prj.ip_user_files/bd/emu/ip/emu_ddr0_ui_clk_0/sim/emu_ddr0_ui_clk_0.v" into library xil_defaultlib
INFO: [VRFC 10-311] analyzing module emu_ddr0_ui_clk_0
INFO: [VRFC 10-2263] Analyzing Verilog file "/home/centos/Documents/vision_project/resize_system_hw_link/Emulation-HW/krnl_resize.build/link/vivado/vpl/prj/prj.ip_user_files/bd/emu/ip/emu_kernel2_clk_0/sim/emu_kernel2_clk_0.v" into library xil_defaultlib
INFO: [VRFC 10-311] analyzing module emu_kernel2_clk_0
INFO: [VRFC 10-2263] Analyzing Verilog file "/home/centos/Documents/vision_project/resize_system_hw_link/Emulation-HW/krnl_resize.build/link/vivado/vpl/prj/prj.ip_user_files/bd/emu/ip/emu_kernel_clk_0/sim/emu_kernel_clk_0.v" into library xil_defaultlib
INFO: [VRFC 10-311] analyzing module emu_kernel_clk_0
INFO: [VRFC 10-2263] Analyzing Verilog file "/home/centos/Documents/vision_project/resize_system_hw_link/Emulation-HW/krnl_resize.build/link/vivado/vpl/prj/prj.ip_user_files/bd/emu/ip/emu_dma_pcie_clk_0/sim/emu_dma_pcie_clk_0.v" into library xil_defaultlib
INFO: [VRFC 10-311] analyzing module emu_dma_pcie_clk_0
INFO: [VRFC 10-2263] Analyzing Verilog file "/home/centos/Documents/vision_project/resize_system_hw_link/Emulation-HW/krnl_resize.build/link/vivado/vpl/prj/prj.gen/sources_1/bd/emu/ipshared/f1dc/hdl/verilog/shell_utils_cudma_controller_CQDma_m_axi.v" into library xil_defaultlib
INFO: [VRFC 10-311] analyzing module shell_utils_cudma_controller_CQDma_m_axi
INFO: [VRFC 10-311] analyzing module shell_utils_cudma_controller_CQDma_m_axi_reg_slice
INFO: [VRFC 10-311] analyzing module shell_utils_cudma_controller_CQDma_m_axi_fifo
INFO: [VRFC 10-311] analyzing module shell_utils_cudma_controller_CQDma_m_axi_buffer
INFO: [VRFC 10-311] analyzing module shell_utils_cudma_controller_CQDma_m_axi_decoder
INFO: [VRFC 10-311] analyzing module shell_utils_cudma_controller_CQDma_m_axi_throttl
INFO: [VRFC 10-311] analyzing module shell_utils_cudma_controller_CQDma_m_axi_read
INFO: [VRFC 10-311] analyzing module shell_utils_cudma_controller_CQDma_m_axi_write
INFO: [VRFC 10-2263] Analyzing Verilog file "/home/centos/Documents/vision_project/resize_system_hw_link/Emulation-HW/krnl_resize.build/link/vivado/vpl/prj/prj.gen/sources_1/bd/emu/ipshared/f1dc/hdl/verilog/shell_utils_cudma_controller_CUDma_m_axi.v" into library xil_defaultlib
INFO: [VRFC 10-311] analyzing module shell_utils_cudma_controller_CUDma_m_axi
INFO: [VRFC 10-311] analyzing module shell_utils_cudma_controller_CUDma_m_axi_reg_slice
INFO: [VRFC 10-311] analyzing module shell_utils_cudma_controller_CUDma_m_axi_fifo
INFO: [VRFC 10-311] analyzing module shell_utils_cudma_controller_CUDma_m_axi_buffer
INFO: [VRFC 10-311] analyzing module shell_utils_cudma_controller_CUDma_m_axi_decoder
INFO: [VRFC 10-311] analyzing module shell_utils_cudma_controller_CUDma_m_axi_throttl
INFO: [VRFC 10-311] analyzing module shell_utils_cudma_controller_CUDma_m_axi_read
INFO: [VRFC 10-311] analyzing module shell_utils_cudma_controller_CUDma_m_axi_write
INFO: [VRFC 10-2263] Analyzing Verilog file "/home/centos/Documents/vision_project/resize_system_hw_link/Emulation-HW/krnl_resize.build/link/vivado/vpl/prj/prj.gen/sources_1/bd/emu/ipshared/f1dc/hdl/verilog/shell_utils_cudma_controller.v" into library xil_defaultlib
INFO: [VRFC 10-311] analyzing module shell_utils_cudma_controller
INFO: [VRFC 10-2263] Analyzing Verilog file "/home/centos/Documents/vision_project/resize_system_hw_link/Emulation-HW/krnl_resize.build/link/vivado/vpl/prj/prj.ip_user_files/bd/emu/ip/emu_CuDmaController_0_0/sim/emu_CuDmaController_0_0.v" into library xil_defaultlib
INFO: [VRFC 10-311] analyzing module emu_CuDmaController_0_0
INFO: [VRFC 10-2263] Analyzing Verilog file "/home/centos/Documents/vision_project/resize_system_hw_link/Emulation-HW/krnl_resize.build/link/vivado/vpl/prj/prj.gen/sources_1/bd/emu/ipshared/5f67/hdl/verilog/shell_utils_cuisr_a_m_axi.v" into library xil_defaultlib
INFO: [VRFC 10-311] analyzing module shell_utils_cuisr_a_m_axi
INFO: [VRFC 10-311] analyzing module shell_utils_cuisr_a_m_axi_reg_slice
INFO: [VRFC 10-311] analyzing module shell_utils_cuisr_a_m_axi_fifo
INFO: [VRFC 10-311] analyzing module shell_utils_cuisr_a_m_axi_buffer
INFO: [VRFC 10-311] analyzing module shell_utils_cuisr_a_m_axi_decoder
INFO: [VRFC 10-311] analyzing module shell_utils_cuisr_a_m_axi_throttl
INFO: [VRFC 10-311] analyzing module shell_utils_cuisr_a_m_axi_read
INFO: [VRFC 10-311] analyzing module shell_utils_cuisr_a_m_axi_write
INFO: [VRFC 10-2263] Analyzing Verilog file "/home/centos/Documents/vision_project/resize_system_hw_link/Emulation-HW/krnl_resize.build/link/vivado/vpl/prj/prj.gen/sources_1/bd/emu/ipshared/5f67/hdl/verilog/shell_utils_cuisr.v" into library xil_defaultlib
INFO: [VRFC 10-311] analyzing module shell_utils_cuisr
INFO: [VRFC 10-2263] Analyzing Verilog file "/home/centos/Documents/vision_project/resize_system_hw_link/Emulation-HW/krnl_resize.build/link/vivado/vpl/prj/prj.ip_user_files/bd/emu/ip/emu_cuisr_0_0/sim/emu_cuisr_0_0.v" into library xil_defaultlib
INFO: [VRFC 10-311] analyzing module emu_cuisr_0_0
INFO: [VRFC 10-2263] Analyzing Verilog file "/home/centos/Documents/vision_project/resize_system_hw_link/Emulation-HW/krnl_resize.build/link/vivado/vpl/prj/prj.gen/sources_1/bd/emu/ipshared/a5f1/hdl/shell_utils_embedded_scheduler_hw_v1_0_vl_rfs.v" into library shell_utils_embedded_scheduler_hw_v1_0_0
INFO: [VRFC 10-311] analyzing module CuISR
INFO: [VRFC 10-311] analyzing module CuDmaController_rtl
INFO: [VRFC 10-311] analyzing module shell_utils_embedded_scheduler_hw
WARNING: [VRFC 10-159] /* in comment [/home/centos/Documents/vision_project/resize_system_hw_link/Emulation-HW/krnl_resize.build/link/vivado/vpl/prj/prj.gen/sources_1/bd/emu/ipshared/a5f1/hdl/shell_utils_embedded_scheduler_hw_v1_0_vl_rfs.v:681]
INFO: [VRFC 10-2458] undeclared symbol src_clk, assumed default net type wire [/home/centos/Documents/vision_project/resize_system_hw_link/Emulation-HW/krnl_resize.build/link/vivado/vpl/prj/prj.gen/sources_1/bd/emu/ipshared/a5f1/hdl/shell_utils_embedded_scheduler_hw_v1_0_vl_rfs.v:830]
INFO: [VRFC 10-2263] Analyzing Verilog file "/home/centos/Documents/vision_project/resize_system_hw_link/Emulation-HW/krnl_resize.build/link/vivado/vpl/prj/prj.ip_user_files/bd/emu/ip/emu_embedded_scheduler_hw_0_0/sim/emu_embedded_scheduler_hw_0_0.v" into library xil_defaultlib
INFO: [VRFC 10-311] analyzing module emu_embedded_scheduler_hw_0_0
INFO: [VRFC 10-2263] Analyzing SystemVerilog file "/home/centos/Documents/vision_project/resize_system_hw_link/Emulation-HW/krnl_resize.build/link/vivado/vpl/prj/prj.ip_user_files/bd/emu/ip/emu_sim_embedded_scheduler_sw_0_0/sim/emu_sim_embedded_scheduler_sw_0_0_stub.sv" into library xil_defaultlib
INFO: [VRFC 10-311] analyzing module emu_sim_embedded_scheduler_sw_0_0
INFO: [VRFC 10-2263] Analyzing Verilog file "/home/centos/Documents/vision_project/resize_system_hw_link/Emulation-HW/krnl_resize.build/link/vivado/vpl/prj/prj.ip_user_files/bd/emu/ip/emu_xlconcat_0_0/sim/emu_xlconcat_0_0.v" into library xil_defaultlib
INFO: [VRFC 10-311] analyzing module emu_xlconcat_0_0
INFO: [VRFC 10-2263] Analyzing Verilog file "/home/centos/Documents/vision_project/resize_system_hw_link/Emulation-HW/krnl_resize.build/link/vivado/vpl/prj/prj.ip_user_files/bd/emu/ip/emu_xlconstant_0_0/sim/emu_xlconstant_0_0.v" into library xil_defaultlib
INFO: [VRFC 10-311] analyzing module emu_xlconstant_0_0
INFO: [VRFC 10-2263] Analyzing SystemVerilog file "/home/centos/Documents/vision_project/resize_system_hw_link/Emulation-HW/krnl_resize.build/link/vivado/vpl/prj/prj.ip_user_files/bd/emu/ip/emu_sim_ddr_1_0/sim/emu_sim_ddr_1_0_stub.sv" into library xil_defaultlib
INFO: [VRFC 10-311] analyzing module emu_sim_ddr_1_0
INFO: [VRFC 10-2263] Analyzing SystemVerilog file "/home/centos/Documents/vision_project/resize_system_hw_link/Emulation-HW/krnl_resize.build/link/vivado/vpl/prj/prj.ip_user_files/bd/emu/ip/emu_icn_pass_0_0/sim/emu_icn_pass_0_0_stub.sv" into library xil_defaultlib
INFO: [VRFC 10-311] analyzing module emu_icn_pass_0_0
INFO: [VRFC 10-2263] Analyzing SystemVerilog file "/home/centos/Documents/vision_project/resize_system_hw_link/Emulation-HW/krnl_resize.build/link/vivado/vpl/prj/prj.ip_user_files/bd/emu/ip/emu_sim_xdma_0_0/sim/emu_sim_xdma_0_0_stub.sv" into library xil_defaultlib
INFO: [VRFC 10-311] analyzing module emu_sim_xdma_0_0
INFO: [VRFC 10-2263] Analyzing SystemVerilog file "/home/centos/Documents/vision_project/resize_system_hw_link/Emulation-HW/krnl_resize.build/link/vivado/vpl/prj/prj.ip_user_files/bd/emu/ip/emu_sim_copy_kernel_0_0/sim/emu_sim_copy_kernel_0_0_stub.sv" into library xil_defaultlib
INFO: [VRFC 10-311] analyzing module emu_sim_copy_kernel_0_0
INFO: [VRFC 10-2263] Analyzing SystemVerilog file "/home/centos/Documents/vision_project/resize_system_hw_link/Emulation-HW/krnl_resize.build/link/vivado/vpl/prj/prj.ip_user_files/bd/emu/ip/emu_sim_copy_kernel_1_0/sim/emu_sim_copy_kernel_1_0_stub.sv" into library xil_defaultlib
INFO: [VRFC 10-311] analyzing module emu_sim_copy_kernel_1_0
INFO: [VRFC 10-2263] Analyzing SystemVerilog file "/home/centos/Documents/vision_project/resize_system_hw_link/Emulation-HW/krnl_resize.build/link/vivado/vpl/prj/prj.ip_user_files/bd/emu/ip/emu_sim_copy_kernel_2_0/sim/emu_sim_copy_kernel_2_0_stub.sv" into library xil_defaultlib
INFO: [VRFC 10-311] analyzing module emu_sim_copy_kernel_2_0
INFO: [VRFC 10-2263] Analyzing SystemVerilog file "/home/centos/Documents/vision_project/resize_system_hw_link/Emulation-HW/krnl_resize.build/link/vivado/vpl/prj/prj.ip_user_files/bd/emu/ip/emu_sim_copy_kernel_3_0/sim/emu_sim_copy_kernel_3_0_stub.sv" into library xil_defaultlib
INFO: [VRFC 10-311] analyzing module emu_sim_copy_kernel_3_0
INFO: [VRFC 10-2263] Analyzing Verilog file "/home/centos/Documents/vision_project/resize_system_hw_link/Emulation-HW/krnl_resize.build/link/vivado/vpl/prj/prj.ip_user_files/bd/emu/ip/emu_xbar_2/sim/emu_xbar_2.v" into library xil_defaultlib
INFO: [VRFC 10-311] analyzing module emu_xbar_2
INFO: [VRFC 10-2263] Analyzing Verilog file "/home/centos/Documents/vision_project/resize_system_hw_link/Emulation-HW/krnl_resize.build/link/vivado/vpl/prj/prj.ip_user_files/bd/emu/ip/emu_xbar_3/sim/emu_xbar_3.v" into library xil_defaultlib
INFO: [VRFC 10-311] analyzing module emu_xbar_3
INFO: [VRFC 10-2263] Analyzing Verilog file "/home/centos/Documents/vision_project/resize_system_hw_link/Emulation-HW/krnl_resize.build/link/vivado/vpl/prj/prj.ip_user_files/bd/emu/ip/emu_auto_pc_0/sim/emu_auto_pc_0.v" into library xil_defaultlib
INFO: [VRFC 10-311] analyzing module emu_auto_pc_0
INFO: [VRFC 10-2263] Analyzing Verilog file "/home/centos/Documents/vision_project/resize_system_hw_link/Emulation-HW/krnl_resize.build/link/vivado/vpl/prj/prj.ip_user_files/bd/emu/ip/emu_s01_mmu_0/sim/emu_s01_mmu_0.v" into library xil_defaultlib
INFO: [VRFC 10-311] analyzing module emu_s01_mmu_0
INFO: [VRFC 10-2263] Analyzing Verilog file "/home/centos/Documents/vision_project/resize_system_hw_link/Emulation-HW/krnl_resize.build/link/vivado/vpl/prj/prj.ip_user_files/bd/emu/ip/emu_auto_pc_1/sim/emu_auto_pc_1.v" into library xil_defaultlib
INFO: [VRFC 10-311] analyzing module emu_auto_pc_1
INFO: [VRFC 10-2263] Analyzing Verilog file "/home/centos/Documents/vision_project/resize_system_hw_link/Emulation-HW/krnl_resize.build/link/vivado/vpl/prj/prj.ip_user_files/bd/emu/ip/emu_auto_pc_2/sim/emu_auto_pc_2.v" into library xil_defaultlib
INFO: [VRFC 10-311] analyzing module emu_auto_pc_2
INFO: [VRFC 10-2263] Analyzing Verilog file "/home/centos/Documents/vision_project/resize_system_hw_link/Emulation-HW/krnl_resize.build/link/vivado/vpl/prj/prj.ip_user_files/bd/emu/ip/emu_s00_mmu_0/sim/emu_s00_mmu_0.v" into library xil_defaultlib
INFO: [VRFC 10-311] analyzing module emu_s00_mmu_0
INFO: [VRFC 10-2263] Analyzing Verilog file "/home/centos/Documents/vision_project/resize_system_hw_link/Emulation-HW/krnl_resize.build/link/vivado/vpl/prj/prj.ip_user_files/bd/emu/ip/emu_s01_mmu_1/sim/emu_s01_mmu_1.v" into library xil_defaultlib
INFO: [VRFC 10-311] analyzing module emu_s01_mmu_1
INFO: [VRFC 10-2263] Analyzing Verilog file "/home/centos/Documents/vision_project/resize_system_hw_link/Emulation-HW/krnl_resize.build/link/vivado/vpl/prj/prj.ip_user_files/bd/emu/ip/emu_s02_mmu_0/sim/emu_s02_mmu_0.v" into library xil_defaultlib
INFO: [VRFC 10-311] analyzing module emu_s02_mmu_0
INFO: [VRFC 10-2263] Analyzing Verilog file "/home/centos/Documents/vision_project/resize_system_hw_link/Emulation-HW/krnl_resize.build/link/vivado/vpl/prj/prj.ip_user_files/bd/emu/ip/emu_s03_mmu_0/sim/emu_s03_mmu_0.v" into library xil_defaultlib
INFO: [VRFC 10-311] analyzing module emu_s03_mmu_0
INFO: [VRFC 10-2263] Analyzing SystemVerilog file "/home/centos/Documents/vision_project/resize_system_hw_link/Emulation-HW/krnl_resize.build/link/vivado/vpl/prj/prj.ip_user_files/bd/emu/sim/emu_sci_stub.sv" into library xil_defaultlib
INFO: [VRFC 10-311] analyzing module emu_sci
INFO: [VRFC 10-2263] Analyzing Verilog file "/home/centos/Documents/vision_project/resize_system_hw_link/Emulation-HW/krnl_resize.build/link/vivado/vpl/prj/prj.ip_user_files/bd/emu/sim/emu.v" into library xil_defaultlib
INFO: [VRFC 10-311] analyzing module clk_reset_wizard_imp_1N4AMRV
INFO: [VRFC 10-311] analyzing module embedded_schedular_imp_1KU1L3J
INFO: [VRFC 10-311] analyzing module emu
INFO: [VRFC 10-311] analyzing module emu_connect_to_es_0
INFO: [VRFC 10-311] analyzing module emu_connect_to_es_cu_0
INFO: [VRFC 10-311] analyzing module m00_couplers_imp_1J2QOWN
INFO: [VRFC 10-311] analyzing module m00_couplers_imp_THO9J8
INFO: [VRFC 10-311] analyzing module m01_couplers_imp_1F0NE0X
INFO: [VRFC 10-311] analyzing module m01_couplers_imp_7QT8NM
INFO: [VRFC 10-311] analyzing module m02_couplers_imp_1A3IVOC
INFO: [VRFC 10-311] analyzing module m02_couplers_imp_2SPS0F
INFO: [VRFC 10-311] analyzing module m03_couplers_imp_YBOEHL
INFO: [VRFC 10-311] analyzing module m04_couplers_imp_1VNSOX
INFO: [VRFC 10-311] analyzing module m05_couplers_imp_1OUOKUC
INFO: [VRFC 10-311] analyzing module s00_couplers_imp_1I78I2M
INFO: [VRFC 10-311] analyzing module s00_couplers_imp_UX2T9P
INFO: [VRFC 10-311] analyzing module s01_couplers_imp_1DNO9BC
INFO: [VRFC 10-311] analyzing module s01_couplers_imp_8JQCQJ
INFO: [VRFC 10-311] analyzing module s02_couplers_imp_47SKBQ
INFO: [VRFC 10-311] analyzing module s03_couplers_imp_1MG1X0J
INFO: [VRFC 10-311] analyzing module static_region_imp_PT295H
INFO: [VRFC 10-2263] Analyzing Verilog file "/home/centos/Documents/vision_project/resize_system_hw_link/Emulation-HW/krnl_resize.build/link/vivado/vpl/prj/prj.gen/sources_1/bd/emu/hdl/emu_wrapper.v" into library xil_defaultlib
INFO: [VRFC 10-311] analyzing module emu_wrapper
INFO: [VRFC 10-2263] Analyzing Verilog file "/home/centos/Documents/vision_project/resize_system_hw_link/Emulation-HW/krnl_resize.build/link/vivado/vpl/prj/prj.sim/sim_1/behav_waveform/xsim/glbl.v" into library xil_defaultlib
INFO: [VRFC 10-311] analyzing module glbl
