==============================================================
Vitis HLS - High-Level Synthesis from C, C++ and OpenCL v2021.1 (64-bit)
Copyright 1986-2021 Xilinx, Inc. All Rights Reserved.
==============================================================
INFO: [HLS 200-1505] Using flow_target 'vitis'
INFO: [HLS 200-435] Setting 'open_solution -flow_target vitis' configuration: config_interface -m_axi_latency=64
INFO: [HLS 200-435] Setting 'open_solution -flow_target vitis' configuration: config_interface -m_axi_alignment_byte_size=64
INFO: [HLS 200-435] Setting 'open_solution -flow_target vitis' configuration: config_interface -m_axi_max_widen_bitwidth=512
INFO: [HLS 200-435] Setting 'open_solution -flow_target vitis' configuration: config_rtl -register_reset_num=3
INFO: [HLS 200-1510] Running: set_part xcvu9p-flgb2104-2-i 
INFO: [HLS 200-1611] Setting target device to 'xcvu9p-flgb2104-2-i'
INFO: [HLS 200-1510] Running: create_clock -period 250.000000MHz -name default 
INFO: [SYN 201-201] Setting up clock 'default' with a period of 4ns.
INFO: [HLS 200-1510] Running: config_rtl -kernel_profile 
INFO: [HLS 200-1510] Running: config_dataflow -strict_mode warning 
INFO: [HLS 200-1510] Running: config_debug -enable 
INFO: [HLS 200-1510] Running: config_export -disable_deadlock_detection=true 
INFO: [HLS 200-1510] Running: config_rtl -m_axi_conservative_mode=1 
WARNING: [HLS 200-483] The 'config_rtl -m_axi_conservative_mode' command is deprecated and will be removed in a future release. Use 'config_interface -m_axi_conservative_mode' as its replacement.
INFO: [HLS 200-1510] Running: config_interface -m_axi_addr64 
INFO: [HLS 200-1510] Running: config_interface -m_axi_auto_max_ports=0 
INFO: [HLS 200-1510] Running: config_export -format ip_catalog -ipname cvtcolor_bgr2gray 
INFO: [HLS 200-1510] Running: csynth_design -synthesis_check 
INFO: [HLS 200-111] Finished File checks and directory preparation: CPU user time: 0.01 seconds. CPU system time: 0 seconds. Elapsed time: 0.01 seconds; current allocated memory: 108.740 MB.
INFO: [HLS 200-10] Analyzing design file '/home/centos/Documents/project/color_kernels/src/xf_cvt_color_accel.cpp' ... 
WARNING: [HLS 207-5528] Ignore interface attribute or pragma which is not used in top function: /home/centos/Documents/project/color_kernels/src/xf_cvt_color_accel.cpp:2823:9
WARNING: [HLS 207-5301] unused parameter 'print': /opt/Xilinx/Vitis_HLS/2021.1/common/technology/autopilot/ap_int_base.h:792:16
WARNING: [HLS 207-5301] unused parameter 'src': /home/centos/Documents/project/color_kernels/libs/xf_opencv/L1/include/common/xf_structs.hpp:506:30
WARNING: [HLS 207-5301] unused parameter '_data': /home/centos/Documents/project/color_kernels/libs/xf_opencv/L1/include/common/xf_structs.hpp:517:30
WARNING: [HLS 207-5301] unused parameter 'index': /home/centos/Documents/project/color_kernels/libs/xf_opencv/L1/include/common/xf_structs.hpp:530:14
WARNING: [HLS 207-5301] unused parameter 'index': /home/centos/Documents/project/color_kernels/libs/xf_opencv/L1/include/common/xf_structs.hpp:541:20
WARNING: [HLS 207-5301] unused parameter 'dst': /home/centos/Documents/project/color_kernels/libs/xf_opencv/L1/include/common/xf_structs.hpp:773:101
WARNING: [HLS 207-5301] unused parameter 'index': /home/centos/Documents/project/color_kernels/libs/xf_opencv/L1/include/common/xf_structs.hpp:1165:102
WARNING: [HLS 207-5301] unused parameter 'index': /home/centos/Documents/project/color_kernels/libs/xf_opencv/L1/include/common/xf_structs.hpp:1471:34
WARNING: [HLS 207-4610] the argument to '__builtin_assume' has side effects that will be discarded: /home/centos/Documents/project/color_kernels/libs/xf_opencv/L1/include/imgproc/xf_bgr2hsv.hpp:147:43
WARNING: [HLS 207-4610] the argument to '__builtin_assume' has side effects that will be discarded: /home/centos/Documents/project/color_kernels/libs/xf_opencv/L1/include/imgproc/xf_bgr2hsv.hpp:148:43
WARNING: [HLS 207-4610] the argument to '__builtin_assume' has side effects that will be discarded: /home/centos/Documents/project/color_kernels/libs/xf_opencv/L1/include/imgproc/xf_bgr2hsv.hpp:149:46
WARNING: [HLS 207-4610] the argument to '__builtin_assume' has side effects that will be discarded: /home/centos/Documents/project/color_kernels/libs/xf_opencv/L1/include/imgproc/xf_bgr2hsv.hpp:150:46
INFO: [HLS 200-111] Finished Source Code Analysis and Preprocessing: CPU user time: 12.7 seconds. CPU system time: 0.73 seconds. Elapsed time: 11.47 seconds; current allocated memory: 109.996 MB.
INFO: [HLS 200-777] Using interface defaults for 'Vitis' flow target.
INFO: [HLS 214-279] Initial Interval estimation mode is set into default.
INFO: [HLS 214-284] Auto array partition mode is set into default.
WARNING: [HLS 214-273] In function 'xf::cv::Mat<9, 1080, 1920, 1, 2>::Mat()', Pragma conflict happens on 'INLINE' and DATAFLOW pragmas: Inline into dataflow region is not suggested (/home/centos/Documents/project/color_kernels/libs/xf_opencv/L1/include/common/xf_structs.hpp:640:0)
WARNING: [HLS 214-273] In function 'xf::cv::Mat<0, 1080, 1920, 1, 2>::Mat()', Pragma conflict happens on 'INLINE' and DATAFLOW pragmas: Inline into dataflow region is not suggested (/home/centos/Documents/project/color_kernels/libs/xf_opencv/L1/include/common/xf_structs.hpp:640:0)
INFO: [HLS 214-131] Inlining function 'hls::stream<ap_uint<24>, 0>::stream()' into 'hls::stream<ap_uint<24>, 2>::stream()' (/opt/Xilinx/Vitis_HLS/2021.1/common/technology/autopilot/hls_stream_39.h:198:43)
INFO: [HLS 214-131] Inlining function 'hls::stream<ap_uint<24>, 2>::stream()' into 'xf::cv::Mat<9, 1080, 1920, 1, 2>::Mat()' (/home/centos/Documents/project/color_kernels/libs/xf_opencv/L1/include/common/xf_structs.hpp:455:5)
INFO: [HLS 214-131] Inlining function 'xf::cv::Mat<9, 1080, 1920, 1, 2>::init(int, int, bool)' into 'xf::cv::Mat<9, 1080, 1920, 1, 2>::Mat()' (/home/centos/Documents/project/color_kernels/libs/xf_opencv/L1/include/common/xf_structs.hpp:645:2)
INFO: [HLS 214-131] Inlining function 'hls::stream<ap_uint<8>, 0>::stream()' into 'hls::stream<ap_uint<8>, 2>::stream()' (/opt/Xilinx/Vitis_HLS/2021.1/common/technology/autopilot/hls_stream_39.h:198:43)
INFO: [HLS 214-131] Inlining function 'hls::stream<ap_uint<8>, 2>::stream()' into 'xf::cv::Mat<0, 1080, 1920, 1, 2>::Mat()' (/home/centos/Documents/project/color_kernels/libs/xf_opencv/L1/include/common/xf_structs.hpp:455:5)
INFO: [HLS 214-131] Inlining function 'xf::cv::Mat<0, 1080, 1920, 1, 2>::init(int, int, bool)' into 'xf::cv::Mat<0, 1080, 1920, 1, 2>::Mat()' (/home/centos/Documents/project/color_kernels/libs/xf_opencv/L1/include/common/xf_structs.hpp:645:2)
INFO: [HLS 214-131] Inlining function 'hls::stream<ap_uint<512>, 0>::write(ap_uint<512> const&)' into 'xf::cv::MMIterIn<512, 9, 1080, 1920, 1, 2>::Axi2AxiStream(ap_uint<512>*, hls::stream<ap_uint<512>, 0>&, ap_uint<18>&)' (/home/centos/Documents/project/color_kernels/libs/xf_opencv/L1/include/common/xf_structs.hpp:957:7)
INFO: [HLS 214-131] Inlining function 'hls::stream<ap_uint<512>, 0>::read(ap_uint<512>&)' into 'hls::stream<ap_uint<512>, 0>::read()' (/opt/Xilinx/Vitis_HLS/2021.1/common/technology/autopilot/hls_stream_39.h:156:9)
INFO: [HLS 214-131] Inlining function 'hls::stream<ap_uint<24>, 0>::write(ap_uint<24> const&)' into 'void xf::cv::MMIterIn<512, 9, 1080, 1920, 1, 2>::AxiStream2MatStream<2>(hls::stream<ap_uint<512>, 0>&, hls::stream<ap_uint<24>, 2>&, int, int, int, int)' (/home/centos/Documents/project/color_kernels/libs/xf_opencv/L1/include/common/xf_structs.hpp:1032:46)
INFO: [HLS 214-131] Inlining function 'hls::stream<ap_uint<512>, 0>::read()' into 'void xf::cv::MMIterIn<512, 9, 1080, 1920, 1, 2>::AxiStream2MatStream<2>(hls::stream<ap_uint<512>, 0>&, hls::stream<ap_uint<24>, 2>&, int, int, int, int)' (/home/centos/Documents/project/color_kernels/libs/xf_opencv/L1/include/common/xf_structs.hpp:1016:27)
INFO: [HLS 214-131] Inlining function 'hls::stream<ap_uint<512>, 0>::stream()' into 'xf::cv::MMIterIn<512, 9, 1080, 1920, 1, 2>::Axi2Mat(ap_uint<512>*, hls::stream<ap_uint<24>, 2>&, int, int, int)' (/home/centos/Documents/project/color_kernels/libs/xf_opencv/L1/include/common/xf_structs.hpp:1090:35)
INFO: [HLS 214-131] Inlining function 'hls::stream<ap_uint<24>, 0>::read(ap_uint<24>&)' into 'hls::stream<ap_uint<24>, 0>::read()' (/opt/Xilinx/Vitis_HLS/2021.1/common/technology/autopilot/hls_stream_39.h:156:9)
INFO: [HLS 214-131] Inlining function 'hls::stream<ap_uint<24>, 0>::read()' into 'ap_uint<24> xf::cv::Mat<9, 1080, 1920, 1, 2>::read<2, (void*)0>(int)' (/home/centos/Documents/project/color_kernels/libs/xf_opencv/L1/include/common/xf_structs.hpp:531:21)
